=== ENIGMA Stage 5 Frontier Composition — H538_seed_vsq ===
Host: us-west-a2-gpu-001
GPU: NVIDIA B200, 183359 MiB
Steps: 20000, Depth: 12
[ENIGMA] Patched MuonAdamW._step_adamw with H538 seeded first-gradient second moment
=== ENIGMA Stage 5 Production — H538_seed_vsq ===
Steps: 20000, Depth: 12, Eval every: 250
Features: ['H538']
Scaling the LR for the AdamW parameters ∝1/√(768/768) = 1.000000
  step     0: val_bpb=3.013478
  step     0: train_bpb=15.3235 (456ms)
  step   250: val_bpb=1.978095
  step   500: val_bpb=1.904745
  step   500: train_bpb=9.4714 (28ms)
  step   750: val_bpb=1.888076
  step  1000: val_bpb=1.840071
  step  1000: train_bpb=9.6654 (28ms)
  step  1250: val_bpb=1.845118
  step  1500: val_bpb=1.824972
  step  1500: train_bpb=9.0864 (28ms)
  step  1750: val_bpb=1.747721
  step  2000: val_bpb=1.767586
  step  2000: train_bpb=9.2015 (28ms)
  step  2250: val_bpb=1.773055
  step  2500: val_bpb=1.754653
  step  2500: train_bpb=8.7204 (28ms)
  step  2750: val_bpb=1.735221
  step  3000: val_bpb=1.745112
  step  3000: train_bpb=8.5444 (28ms)
  step  3250: val_bpb=1.723044
  step  3500: val_bpb=1.736325
  step  3500: train_bpb=8.7510 (28ms)
  step  3750: val_bpb=1.728552
  step  4000: val_bpb=1.686225
  step  4000: train_bpb=8.3511 (28ms)
  step  4250: val_bpb=1.697205
  step  4500: val_bpb=1.708899
  step  4500: train_bpb=8.4661 (28ms)
  step  4750: val_bpb=1.684661
  step  5000: val_bpb=1.712047
  step  5000: train_bpb=8.3579 (28ms)
  step  5250: val_bpb=1.706552
  step  5500: val_bpb=1.683320
  step  5500: train_bpb=8.4187 (28ms)
  step  5750: val_bpb=1.705200
  step  6000: val_bpb=1.674382
  step  6000: train_bpb=8.7267 (28ms)
  step  6250: val_bpb=1.673873
  step  6500: val_bpb=1.680422
  step  6500: train_bpb=8.1570 (28ms)
  step  6750: val_bpb=1.663031
  step  7000: val_bpb=1.663982
  step  7000: train_bpb=8.8377 (28ms)
  step  7250: val_bpb=1.666882
  step  7500: val_bpb=1.687010
  step  7500: train_bpb=8.8650 (28ms)
  step  7750: val_bpb=1.675693
  step  8000: val_bpb=1.650250
  step  8000: train_bpb=7.9892 (28ms)
  step  8250: val_bpb=1.641336
  step  8500: val_bpb=1.650959
  step  8500: train_bpb=8.8512 (28ms)
  step  8750: val_bpb=1.650204
  step  9000: val_bpb=1.634020
  step  9000: train_bpb=8.3063 (28ms)
  step  9250: val_bpb=1.635682
  step  9500: val_bpb=1.651133
  step  9500: train_bpb=8.5290 (28ms)
  step  9750: val_bpb=1.641294
  step 10000: val_bpb=1.670764
  step 10000: train_bpb=8.6788 (28ms)
  step 10250: val_bpb=1.643555
  step 10500: val_bpb=1.648698
  step 10500: train_bpb=7.6626 (28ms)
  step 10750: val_bpb=1.638633
  step 11000: val_bpb=1.653712
  step 11000: train_bpb=7.7787 (28ms)
  step 11250: val_bpb=1.630800
  step 11500: val_bpb=1.617500
  step 11500: train_bpb=8.7036 (28ms)
  step 11750: val_bpb=1.611721
  step 12000: val_bpb=1.623026
  step 12000: train_bpb=8.1177 (28ms)
  step 12250: val_bpb=1.624882
  step 12500: val_bpb=1.610176
  step 12500: train_bpb=7.2835 (28ms)
  step 12750: val_bpb=1.599580
  step 13000: val_bpb=1.587010
  step 13000: train_bpb=7.3402 (28ms)
  step 13250: val_bpb=1.584413
  step 13500: val_bpb=1.577010
  step 13500: train_bpb=8.1865 (28ms)
  step 13750: val_bpb=1.565064
  step 14000: val_bpb=1.583095
  step 14000: train_bpb=8.2995 (28ms)
  step 14250: val_bpb=1.556039
  step 14500: val_bpb=1.545983
  step 14500: train_bpb=8.0074 (28ms)
  step 14750: val_bpb=1.535377
  step 15000: val_bpb=1.530978
  step 15000: train_bpb=7.8574 (28ms)
  step 15250: val_bpb=1.522613
  step 15500: val_bpb=1.519901
  step 15500: train_bpb=7.7423 (28ms)
  step 15750: val_bpb=1.508468
  step 16000: val_bpb=1.508545
  step 16000: train_bpb=7.9190 (28ms)
  step 16250: val_bpb=1.532108
  step 16500: val_bpb=1.521155
  step 16500: train_bpb=7.6731 (28ms)
  step 16750: val_bpb=1.499694
  step 17000: val_bpb=1.496923
  step 17000: train_bpb=8.3613 (28ms)
  step 17250: val_bpb=1.495441
  step 17500: val_bpb=1.475501
  step 17500: train_bpb=7.2880 (28ms)
  step 17750: val_bpb=1.485080
  step 18000: val_bpb=1.479878
  step 18000: train_bpb=6.8755 (28ms)
  step 18250: val_bpb=1.470603
  step 18500: val_bpb=1.460884
  step 18500: train_bpb=7.7909 (28ms)
  step 18750: val_bpb=1.454978
  step 19000: val_bpb=1.460410
  step 19000: train_bpb=7.9824 (28ms)
  step 19250: val_bpb=1.455842
  step 19500: val_bpb=1.448522
  step 19500: train_bpb=6.7065 (28ms)
  step 19750: val_bpb=1.437819
  step 20000: val_bpb=1.438727

Saved results to /mnt/sharefs/user54/nanoe/runs/enigma_s5_prod_frontier_r1/results/H538_seed_vsq_20k_real.json
Final BPB: 1.438727
