=== ENIGMA Stage 5 Frontier Composition — H64_H60_H73 ===
Host: us-west-a2-gpu-001
GPU: NVIDIA B200, 183359 MiB
Steps: 20000, Depth: 12
[ENIGMA] Patched MuonAdamW._step_muon with faithful H64 Nesterov blend schedule
[ENIGMA] Patched adamw_step_fused with H73 eps schedule
=== ENIGMA Stage 5 Production — H64_H60_H73 ===
Steps: 20000, Depth: 12, Eval every: 250
Features: ['H60', 'H64', 'H73']
Scaling the LR for the AdamW parameters ∝1/√(768/768) = 1.000000
  step     0: val_bpb=3.013478
  step     0: train_bpb=15.3235 (456ms)
  step   250: val_bpb=1.982164
  step   500: val_bpb=1.925473
  step   500: train_bpb=9.5327 (29ms)
  step   750: val_bpb=1.869715
  step  1000: val_bpb=1.844977
  step  1000: train_bpb=9.5321 (28ms)
  step  1250: val_bpb=1.820464
  step  1500: val_bpb=1.807178
  step  1500: train_bpb=8.8931 (28ms)
  step  1750: val_bpb=1.732437
  step  2000: val_bpb=1.733548
  step  2000: train_bpb=8.9994 (28ms)
  step  2250: val_bpb=1.736315
  step  2500: val_bpb=1.719669
  step  2500: train_bpb=8.5517 (28ms)
  step  2750: val_bpb=1.711030
  step  3000: val_bpb=1.696799
  step  3000: train_bpb=8.4155 (28ms)
  step  3250: val_bpb=1.710444
  step  3500: val_bpb=1.700262
  step  3500: train_bpb=8.6473 (29ms)
  step  3750: val_bpb=1.701955
  step  4000: val_bpb=1.695721
  step  4000: train_bpb=8.5028 (28ms)
  step  4250: val_bpb=1.703754
  step  4500: val_bpb=1.701554
  step  4500: train_bpb=8.4763 (28ms)
  step  4750: val_bpb=1.671009
  step  5000: val_bpb=1.688441
  step  5000: train_bpb=8.6041 (28ms)
  step  5250: val_bpb=1.685043
  step  5500: val_bpb=1.681321
  step  5500: train_bpb=8.6050 (28ms)
  step  5750: val_bpb=1.667981
  step  6000: val_bpb=1.654849
  step  6000: train_bpb=8.6647 (28ms)
  step  6250: val_bpb=1.681239
  step  6500: val_bpb=1.658920
  step  6500: train_bpb=8.1223 (28ms)
  step  6750: val_bpb=1.651867
  step  7000: val_bpb=1.644028
  step  7000: train_bpb=8.8060 (29ms)
  step  7250: val_bpb=1.650362
  step  7500: val_bpb=1.652208
  step  7500: train_bpb=8.8022 (29ms)
  step  7750: val_bpb=1.661238
  step  8000: val_bpb=1.666754
  step  8000: train_bpb=8.1018 (29ms)
  step  8250: val_bpb=1.636511
  step  8500: val_bpb=1.652046
  step  8500: train_bpb=8.7075 (28ms)
  step  8750: val_bpb=1.666549
  step  9000: val_bpb=1.643804
  step  9000: train_bpb=8.3778 (28ms)
  step  9250: val_bpb=1.650689
  step  9500: val_bpb=1.662921
  step  9500: train_bpb=8.5325 (28ms)
  step  9750: val_bpb=1.668072
  step 10000: val_bpb=1.677518
  step 10000: train_bpb=8.7541 (28ms)
  step 10250: val_bpb=1.656193
  step 10500: val_bpb=1.658738
  step 10500: train_bpb=7.5685 (28ms)
  step 10750: val_bpb=1.640230
  step 11000: val_bpb=1.626495
  step 11000: train_bpb=7.7742 (29ms)
  step 11250: val_bpb=1.642231
  step 11500: val_bpb=1.620390
  step 11500: train_bpb=8.9112 (29ms)
  step 11750: val_bpb=1.612873
  step 12000: val_bpb=1.625091
  step 12000: train_bpb=8.2877 (29ms)
  step 12250: val_bpb=1.609305
  step 12500: val_bpb=1.619822
  step 12500: train_bpb=7.3844 (28ms)
  step 12750: val_bpb=1.610877
  step 13000: val_bpb=1.606432
  step 13000: train_bpb=7.6351 (29ms)
  step 13250: val_bpb=1.596510
  step 13500: val_bpb=1.599886
  step 13500: train_bpb=8.2291 (29ms)
  step 13750: val_bpb=1.582093
  step 14000: val_bpb=1.576141
  step 14000: train_bpb=8.3998 (28ms)
  step 14250: val_bpb=1.580808
  step 14500: val_bpb=1.569013
  step 14500: train_bpb=8.1058 (28ms)
  step 14750: val_bpb=1.558814
  step 15000: val_bpb=1.554438
  step 15000: train_bpb=7.9001 (29ms)
  step 15250: val_bpb=1.538555
  step 15500: val_bpb=1.536897
  step 15500: train_bpb=7.7082 (28ms)
  step 15750: val_bpb=1.499292
  step 16000: val_bpb=1.497987
  step 16000: train_bpb=7.9271 (28ms)
  step 16250: val_bpb=1.512245
  step 16500: val_bpb=1.498219
  step 16500: train_bpb=7.5687 (28ms)
  step 16750: val_bpb=1.493769
  step 17000: val_bpb=1.483632
  step 17000: train_bpb=8.3943 (29ms)
  step 17250: val_bpb=1.476198
  step 17500: val_bpb=1.460247
  step 17500: train_bpb=7.0810 (29ms)
  step 17750: val_bpb=1.462248
  step 18000: val_bpb=1.462990
  step 18000: train_bpb=6.7670 (28ms)
  step 18250: val_bpb=1.460764
  step 18500: val_bpb=1.456006
  step 18500: train_bpb=7.7027 (28ms)
  step 18750: val_bpb=1.442529
  step 19000: val_bpb=1.455643
  step 19000: train_bpb=7.8477 (29ms)
  step 19250: val_bpb=1.426249
  step 19500: val_bpb=1.426806
  step 19500: train_bpb=6.6032 (28ms)
  step 19750: val_bpb=1.406833
  step 20000: val_bpb=1.407703

Saved results to /mnt/sharefs/user54/nanoe/runs/enigma_s5_prod_frontier_r1/results/H64_H60_H73_20k_real.json
Final BPB: 1.407703
