=== ENIGMA Stage 5 Frontier Composition — H533_H535 ===
Host: us-west-a2-gpu-001
GPU: NVIDIA B200, 183359 MiB
Steps: 20000, Depth: 12
=== ENIGMA Stage 5 Production — H533_H535 ===
Steps: 20000, Depth: 12, Eval every: 250
Features: ['H533', 'H535']
Scaling the LR for the AdamW parameters ∝1/√(768/768) = 1.000000
  step     0: val_bpb=3.013478
  step     0: train_bpb=15.3235 (455ms)
  step   250: val_bpb=1.964921
  step   500: val_bpb=1.932160
  step   500: train_bpb=9.5309 (28ms)
  step   750: val_bpb=1.905636
  step  1000: val_bpb=1.854683
  step  1000: train_bpb=9.5862 (27ms)
  step  1250: val_bpb=1.812571
  step  1500: val_bpb=1.840623
  step  1500: train_bpb=9.2147 (28ms)
  step  1750: val_bpb=1.783981
  step  2000: val_bpb=1.809488
  step  2000: train_bpb=9.2315 (27ms)
  step  2250: val_bpb=1.784687
  step  2500: val_bpb=1.769808
  step  2500: train_bpb=8.7872 (27ms)
  step  2750: val_bpb=1.729992
  step  3000: val_bpb=1.756353
  step  3000: train_bpb=8.6511 (28ms)
  step  3250: val_bpb=1.744435
  step  3500: val_bpb=1.730134
  step  3500: train_bpb=8.8390 (28ms)
  step  3750: val_bpb=1.725133
  step  4000: val_bpb=1.700821
  step  4000: train_bpb=8.4174 (28ms)
  step  4250: val_bpb=1.695361
  step  4500: val_bpb=1.715334
  step  4500: train_bpb=8.5526 (28ms)
  step  4750: val_bpb=1.696450
  step  5000: val_bpb=1.722134
  step  5000: train_bpb=8.6281 (28ms)
  step  5250: val_bpb=1.721642
  step  5500: val_bpb=1.720496
  step  5500: train_bpb=8.7567 (28ms)
  step  5750: val_bpb=1.708745
  step  6000: val_bpb=1.685020
  step  6000: train_bpb=8.9120 (27ms)
  step  6250: val_bpb=1.698407
  step  6500: val_bpb=1.683535
  step  6500: train_bpb=8.4135 (28ms)
  step  6750: val_bpb=1.682617
  step  7000: val_bpb=1.683053
  step  7000: train_bpb=8.9654 (28ms)
  step  7250: val_bpb=1.686404
  step  7500: val_bpb=1.692208
  step  7500: train_bpb=9.0536 (27ms)
  step  7750: val_bpb=1.703445
  step  8000: val_bpb=1.674990
  step  8000: train_bpb=8.1465 (28ms)
  step  8250: val_bpb=1.649843
  step  8500: val_bpb=1.668282
  step  8500: train_bpb=8.7517 (27ms)
  step  8750: val_bpb=1.673592
  step  9000: val_bpb=1.658488
  step  9000: train_bpb=8.4106 (28ms)
  step  9250: val_bpb=1.652275
  step  9500: val_bpb=1.688632
  step  9500: train_bpb=8.6341 (28ms)
  step  9750: val_bpb=1.664854
  step 10000: val_bpb=1.681724
  step 10000: train_bpb=8.7160 (28ms)
  step 10250: val_bpb=1.651836
  step 10500: val_bpb=1.656698
  step 10500: train_bpb=7.7072 (28ms)
  step 10750: val_bpb=1.625710
  step 11000: val_bpb=1.634054
  step 11000: train_bpb=7.8123 (28ms)
  step 11250: val_bpb=1.628756
  step 11500: val_bpb=1.612433
  step 11500: train_bpb=8.6762 (28ms)
  step 11750: val_bpb=1.612993
  step 12000: val_bpb=1.625228
  step 12000: train_bpb=8.1847 (28ms)
  step 12250: val_bpb=1.602421
  step 12500: val_bpb=1.604679
  step 12500: train_bpb=7.2897 (28ms)
  step 12750: val_bpb=1.586091
  step 13000: val_bpb=1.569638
  step 13000: train_bpb=7.3705 (28ms)
  step 13250: val_bpb=1.569905
  step 13500: val_bpb=1.574742
  step 13500: train_bpb=8.1906 (28ms)
  step 13750: val_bpb=1.552287
  step 14000: val_bpb=1.549740
  step 14000: train_bpb=8.3415 (28ms)
  step 14250: val_bpb=1.549416
  step 14500: val_bpb=1.547227
  step 14500: train_bpb=7.9981 (28ms)
  step 14750: val_bpb=1.534897
  step 15000: val_bpb=1.519135
  step 15000: train_bpb=7.7753 (28ms)
  step 15250: val_bpb=1.506011
  step 15500: val_bpb=1.519583
  step 15500: train_bpb=7.7211 (27ms)
  step 15750: val_bpb=1.498097
  step 16000: val_bpb=1.485559
  step 16000: train_bpb=7.8777 (28ms)
  step 16250: val_bpb=1.518798
  step 16500: val_bpb=1.522977
  step 16500: train_bpb=7.6300 (28ms)
  step 16750: val_bpb=1.489016
  step 17000: val_bpb=1.474441
  step 17000: train_bpb=8.3356 (28ms)
  step 17250: val_bpb=1.483476
  step 17500: val_bpb=1.454862
  step 17500: train_bpb=7.1787 (27ms)
  step 17750: val_bpb=1.464335
  step 18000: val_bpb=1.466167
  step 18000: train_bpb=6.7776 (28ms)
  step 18250: val_bpb=1.474073
  step 18500: val_bpb=1.453266
  step 18500: train_bpb=7.8120 (27ms)
  step 18750: val_bpb=1.456700
  step 19000: val_bpb=1.455802
  step 19000: train_bpb=7.9139 (28ms)
  step 19250: val_bpb=1.444498
  step 19500: val_bpb=1.435222
  step 19500: train_bpb=6.7397 (28ms)
  step 19750: val_bpb=1.424249
  step 20000: val_bpb=1.422631

Saved results to /mnt/sharefs/user54/nanoe/runs/enigma_s5_prod_frontier_r1/results/H533_H535_20k_real.json
Final BPB: 1.422631
