=== ENIGMA Stage 5 Frontier Composition — H64_H60_H73_H533 ===
Host: us-west-a2-gpu-011
GPU: NVIDIA B200, 183359 MiB
Steps: 20000, Depth: 12
[ENIGMA] Patched MuonAdamW._step_muon with faithful H64 Nesterov blend schedule
[ENIGMA] Patched adamw_step_fused with H73 eps schedule
=== ENIGMA Stage 5 Production — H64_H60_H73_H533 ===
Steps: 20000, Depth: 12, Eval every: 250
Features: ['H533', 'H60', 'H64', 'H73']
Scaling the LR for the AdamW parameters ∝1/√(768/768) = 1.000000
  step     0: val_bpb=3.013478
  step     0: train_bpb=15.3235 (531ms)
  step   250: val_bpb=1.941647
  step   500: val_bpb=1.887285
  step   500: train_bpb=9.3331 (28ms)
  step   750: val_bpb=1.855139
  step  1000: val_bpb=1.882889
  step  1000: train_bpb=9.7612 (28ms)
  step  1250: val_bpb=1.830986
  step  1500: val_bpb=1.821559
  step  1500: train_bpb=9.1606 (28ms)
  step  1750: val_bpb=1.750866
  step  2000: val_bpb=1.770715
  step  2000: train_bpb=9.1577 (28ms)
  step  2250: val_bpb=1.768451
  step  2500: val_bpb=1.741518
  step  2500: train_bpb=8.6589 (28ms)
  step  2750: val_bpb=1.723107
  step  3000: val_bpb=1.708931
  step  3000: train_bpb=8.4475 (28ms)
  step  3250: val_bpb=1.741749
  step  3500: val_bpb=1.736080
  step  3500: train_bpb=8.7647 (28ms)
  step  3750: val_bpb=1.728733
  step  4000: val_bpb=1.697698
  step  4000: train_bpb=8.3770 (28ms)
  step  4250: val_bpb=1.657070
  step  4500: val_bpb=1.682386
  step  4500: train_bpb=8.5237 (28ms)
  step  4750: val_bpb=1.666200
  step  5000: val_bpb=1.713405
  step  5000: train_bpb=8.4431 (28ms)
  step  5250: val_bpb=1.695147
  step  5500: val_bpb=1.688312
  step  5500: train_bpb=8.3296 (28ms)
  step  5750: val_bpb=1.692371
  step  6000: val_bpb=1.704148
  step  6000: train_bpb=8.8034 (28ms)
  step  6250: val_bpb=1.703969
  step  6500: val_bpb=1.680814
  step  6500: train_bpb=8.3349 (28ms)
  step  6750: val_bpb=1.655112
  step  7000: val_bpb=1.647810
  step  7000: train_bpb=8.9164 (28ms)
  step  7250: val_bpb=1.663625
  step  7500: val_bpb=1.638570
  step  7500: train_bpb=8.7830 (28ms)
  step  7750: val_bpb=1.656750
  step  8000: val_bpb=1.617235
  step  8000: train_bpb=7.9553 (28ms)
  step  8250: val_bpb=1.611089
  step  8500: val_bpb=1.622668
  step  8500: train_bpb=8.8287 (28ms)
  step  8750: val_bpb=1.614764
  step  9000: val_bpb=1.609038
  step  9000: train_bpb=8.2959 (28ms)
  step  9250: val_bpb=1.601165
  step  9500: val_bpb=1.648646
  step  9500: train_bpb=8.3845 (28ms)
  step  9750: val_bpb=1.627706
  step 10000: val_bpb=1.639275
  step 10000: train_bpb=8.6600 (28ms)
  step 10250: val_bpb=1.627111
  step 10500: val_bpb=1.635136
  step 10500: train_bpb=7.4857 (28ms)
  step 10750: val_bpb=1.607322
  step 11000: val_bpb=1.620364
  step 11000: train_bpb=7.6977 (28ms)
  step 11250: val_bpb=1.632303
  step 11500: val_bpb=1.616950
  step 11500: train_bpb=8.5090 (28ms)
  step 11750: val_bpb=1.601929
  step 12000: val_bpb=1.615538
  step 12000: train_bpb=8.2537 (28ms)
  step 12250: val_bpb=1.619209
  step 12500: val_bpb=1.596675
  step 12500: train_bpb=7.2171 (28ms)
  step 12750: val_bpb=1.568208
  step 13000: val_bpb=1.566626
  step 13000: train_bpb=7.2357 (28ms)
  step 13250: val_bpb=1.560891
  step 13500: val_bpb=1.546056
  step 13500: train_bpb=8.1882 (28ms)
  step 13750: val_bpb=1.554624
  step 14000: val_bpb=1.553193
  step 14000: train_bpb=8.3187 (28ms)
  step 14250: val_bpb=1.532315
  step 14500: val_bpb=1.533410
  step 14500: train_bpb=7.9773 (28ms)
  step 14750: val_bpb=1.527557
  step 15000: val_bpb=1.533924
  step 15000: train_bpb=7.7798 (28ms)
  step 15250: val_bpb=1.522376
  step 15500: val_bpb=1.506235
  step 15500: train_bpb=7.6385 (28ms)
  step 15750: val_bpb=1.509293
  step 16000: val_bpb=1.494907
  step 16000: train_bpb=7.7612 (28ms)
  step 16250: val_bpb=1.518723
  step 16500: val_bpb=1.507622
  step 16500: train_bpb=7.6184 (28ms)
  step 16750: val_bpb=1.487646
  step 17000: val_bpb=1.468566
  step 17000: train_bpb=8.2894 (28ms)
  step 17250: val_bpb=1.483117
  step 17500: val_bpb=1.459044
  step 17500: train_bpb=7.1457 (28ms)
  step 17750: val_bpb=1.470054
  step 18000: val_bpb=1.469425
  step 18000: train_bpb=6.7311 (28ms)
  step 18250: val_bpb=1.463605
  step 18500: val_bpb=1.451562
  step 18500: train_bpb=7.8319 (28ms)
  step 18750: val_bpb=1.445287
  step 19000: val_bpb=1.456917
  step 19000: train_bpb=7.9403 (28ms)
  step 19250: val_bpb=1.442101
  step 19500: val_bpb=1.435946
  step 19500: train_bpb=6.6660 (28ms)
  step 19750: val_bpb=1.424806
  step 20000: val_bpb=1.424255

Saved results to /mnt/sharefs/user54/nanoe/runs/enigma_s5_prod_frontier_r1/results/H64_H60_H73_H533_20k_real.json
Final BPB: 1.424255
