=== ENIGMA Stage 5 Frontier Composition — none ===
Host: us-west-a2-gpu-001
GPU: NVIDIA B200, 183359 MiB
Steps: 20000, Depth: 12
=== ENIGMA Stage 5 Production — none ===
Steps: 20000, Depth: 12, Eval every: 250
Features: []
Scaling the LR for the AdamW parameters ∝1/√(768/768) = 1.000000
  step     0: val_bpb=3.013478
  step     0: train_bpb=15.3235 (456ms)
  step   250: val_bpb=1.969084
  step   500: val_bpb=1.891192
  step   500: train_bpb=9.3583 (28ms)
  step   750: val_bpb=1.866515
  step  1000: val_bpb=1.841013
  step  1000: train_bpb=9.5132 (28ms)
  step  1250: val_bpb=1.809818
  step  1500: val_bpb=1.830251
  step  1500: train_bpb=9.0576 (28ms)
  step  1750: val_bpb=1.758416
  step  2000: val_bpb=1.779810
  step  2000: train_bpb=9.2007 (28ms)
  step  2250: val_bpb=1.776162
  step  2500: val_bpb=1.794797
  step  2500: train_bpb=8.9168 (28ms)
  step  2750: val_bpb=1.764858
  step  3000: val_bpb=1.735227
  step  3000: train_bpb=8.7075 (28ms)
  step  3250: val_bpb=1.726996
  step  3500: val_bpb=1.721304
  step  3500: train_bpb=8.8647 (28ms)
  step  3750: val_bpb=1.723621
  step  4000: val_bpb=1.713892
  step  4000: train_bpb=8.4939 (28ms)
  step  4250: val_bpb=1.716521
  step  4500: val_bpb=1.750431
  step  4500: train_bpb=8.6139 (28ms)
  step  4750: val_bpb=1.712749
  step  5000: val_bpb=1.722929
  step  5000: train_bpb=8.5374 (28ms)
  step  5250: val_bpb=1.739580
  step  5500: val_bpb=1.736273
  step  5500: train_bpb=8.6538 (28ms)
  step  5750: val_bpb=1.726616
  step  6000: val_bpb=1.716920
  step  6000: train_bpb=8.9091 (28ms)
  step  6250: val_bpb=1.709693
  step  6500: val_bpb=1.695006
  step  6500: train_bpb=8.3365 (28ms)
  step  6750: val_bpb=1.710283
  step  7000: val_bpb=1.689214
  step  7000: train_bpb=9.0144 (28ms)
  step  7250: val_bpb=1.712161
  step  7500: val_bpb=1.694126
  step  7500: train_bpb=9.0096 (28ms)
  step  7750: val_bpb=1.723246
  step  8000: val_bpb=1.698789
  step  8000: train_bpb=8.1562 (28ms)
  step  8250: val_bpb=1.663513
  step  8500: val_bpb=1.691702
  step  8500: train_bpb=8.7940 (28ms)
  step  8750: val_bpb=1.695553
  step  9000: val_bpb=1.668513
  step  9000: train_bpb=8.4499 (28ms)
  step  9250: val_bpb=1.669112
  step  9500: val_bpb=1.713295
  step  9500: train_bpb=8.7841 (28ms)
  step  9750: val_bpb=1.670507
  step 10000: val_bpb=1.701994
  step 10000: train_bpb=8.6457 (28ms)
  step 10250: val_bpb=1.676274
  step 10500: val_bpb=1.669621
  step 10500: train_bpb=7.6754 (28ms)
  step 10750: val_bpb=1.633173
  step 11000: val_bpb=1.634286
  step 11000: train_bpb=7.7324 (28ms)
  step 11250: val_bpb=1.650734
  step 11500: val_bpb=1.620723
  step 11500: train_bpb=8.6768 (28ms)
  step 11750: val_bpb=1.615667
  step 12000: val_bpb=1.646896
  step 12000: train_bpb=8.1754 (28ms)
  step 12250: val_bpb=1.633666
  step 12500: val_bpb=1.601358
  step 12500: train_bpb=7.2908 (28ms)
  step 12750: val_bpb=1.584996
  step 13000: val_bpb=1.584133
  step 13000: train_bpb=7.4320 (29ms)
  step 13250: val_bpb=1.571801
  step 13500: val_bpb=1.571294
  step 13500: train_bpb=8.3184 (28ms)
  step 13750: val_bpb=1.575860
  step 14000: val_bpb=1.587584
  step 14000: train_bpb=8.4212 (28ms)
  step 14250: val_bpb=1.565959
  step 14500: val_bpb=1.558885
  step 14500: train_bpb=7.9556 (28ms)
  step 14750: val_bpb=1.544223
  step 15000: val_bpb=1.523334
  step 15000: train_bpb=7.8397 (28ms)
  step 15250: val_bpb=1.538519
  step 15500: val_bpb=1.526543
  step 15500: train_bpb=7.8206 (28ms)
  step 15750: val_bpb=1.506457
  step 16000: val_bpb=1.492497
  step 16000: train_bpb=7.8502 (28ms)
  step 16250: val_bpb=1.515396
  step 16500: val_bpb=1.515394
  step 16500: train_bpb=7.6364 (28ms)
  step 16750: val_bpb=1.489905
  step 17000: val_bpb=1.473594
  step 17000: train_bpb=8.3385 (28ms)
  step 17250: val_bpb=1.488642
  step 17500: val_bpb=1.466824
  step 17500: train_bpb=7.2038 (28ms)
  step 17750: val_bpb=1.471055
  step 18000: val_bpb=1.468139
  step 18000: train_bpb=6.7695 (28ms)
  step 18250: val_bpb=1.463817
  step 18500: val_bpb=1.456801
  step 18500: train_bpb=7.7666 (28ms)
  step 18750: val_bpb=1.443664
  step 19000: val_bpb=1.451495
  step 19000: train_bpb=7.9820 (28ms)
  step 19250: val_bpb=1.441502
  step 19500: val_bpb=1.433380
  step 19500: train_bpb=6.7105 (28ms)
  step 19750: val_bpb=1.424157
  step 20000: val_bpb=1.423974

Saved results to /mnt/sharefs/user54/nanoe/runs/enigma_s5_prod_frontier_r1/results/none_20k_real.json
Final BPB: 1.423974
