=== ENIGMA Stage 5 Frontier Composition — H533_shape_beta2 ===
Host: us-west-a2-gpu-001
GPU: NVIDIA B200, 183359 MiB
Steps: 20000, Depth: 12
=== ENIGMA Stage 5 Production — H533_shape_beta2 ===
Steps: 20000, Depth: 12, Eval every: 250
Features: ['H533']
Scaling the LR for the AdamW parameters ∝1/√(768/768) = 1.000000
  step     0: val_bpb=3.013478
  step     0: train_bpb=15.3235 (455ms)
  step   250: val_bpb=1.975034
  step   500: val_bpb=1.874013
  step   500: train_bpb=9.3279 (28ms)
  step   750: val_bpb=1.865978
  step  1000: val_bpb=1.840058
  step  1000: train_bpb=9.5937 (28ms)
  step  1250: val_bpb=1.797969
  step  1500: val_bpb=1.797702
  step  1500: train_bpb=8.9687 (28ms)
  step  1750: val_bpb=1.754530
  step  2000: val_bpb=1.791716
  step  2000: train_bpb=9.1603 (27ms)
  step  2250: val_bpb=1.759851
  step  2500: val_bpb=1.761847
  step  2500: train_bpb=8.6379 (28ms)
  step  2750: val_bpb=1.727247
  step  3000: val_bpb=1.716899
  step  3000: train_bpb=8.4808 (28ms)
  step  3250: val_bpb=1.729523
  step  3500: val_bpb=1.708167
  step  3500: train_bpb=8.6893 (28ms)
  step  3750: val_bpb=1.712240
  step  4000: val_bpb=1.668239
  step  4000: train_bpb=8.1132 (28ms)
  step  4250: val_bpb=1.673221
  step  4500: val_bpb=1.688967
  step  4500: train_bpb=8.4590 (28ms)
  step  4750: val_bpb=1.679919
  step  5000: val_bpb=1.673834
  step  5000: train_bpb=8.3689 (28ms)
  step  5250: val_bpb=1.693534
  step  5500: val_bpb=1.685317
  step  5500: train_bpb=8.3971 (28ms)
  step  5750: val_bpb=1.700049
  step  6000: val_bpb=1.683484
  step  6000: train_bpb=8.6016 (28ms)
  step  6250: val_bpb=1.664756
  step  6500: val_bpb=1.675621
  step  6500: train_bpb=8.1798 (27ms)
  step  6750: val_bpb=1.662622
  step  7000: val_bpb=1.650724
  step  7000: train_bpb=8.8686 (28ms)
  step  7250: val_bpb=1.666427
  step  7500: val_bpb=1.655040
  step  7500: train_bpb=8.7877 (28ms)
  step  7750: val_bpb=1.679501
  step  8000: val_bpb=1.653601
  step  8000: train_bpb=7.8781 (28ms)
  step  8250: val_bpb=1.635201
  step  8500: val_bpb=1.637179
  step  8500: train_bpb=8.7657 (28ms)
  step  8750: val_bpb=1.659528
  step  9000: val_bpb=1.642068
  step  9000: train_bpb=8.3293 (28ms)
  step  9250: val_bpb=1.627687
  step  9500: val_bpb=1.715716
  step  9500: train_bpb=8.7793 (28ms)
  step  9750: val_bpb=1.653750
  step 10000: val_bpb=1.653575
  step 10000: train_bpb=8.7428 (28ms)
  step 10250: val_bpb=1.648661
  step 10500: val_bpb=1.632159
  step 10500: train_bpb=7.5274 (28ms)
  step 10750: val_bpb=1.609713
  step 11000: val_bpb=1.607160
  step 11000: train_bpb=7.6231 (28ms)
  step 11250: val_bpb=1.589266
  step 11500: val_bpb=1.600037
  step 11500: train_bpb=8.5342 (28ms)
  step 11750: val_bpb=1.600435
  step 12000: val_bpb=1.609335
  step 12000: train_bpb=8.1058 (28ms)
  step 12250: val_bpb=1.595955
  step 12500: val_bpb=1.586473
  step 12500: train_bpb=7.2059 (28ms)
  step 12750: val_bpb=1.582335
  step 13000: val_bpb=1.570245
  step 13000: train_bpb=7.1863 (28ms)
  step 13250: val_bpb=1.550322
  step 13500: val_bpb=1.545671
  step 13500: train_bpb=8.0778 (28ms)
  step 13750: val_bpb=1.548670
  step 14000: val_bpb=1.538336
  step 14000: train_bpb=8.2405 (28ms)
  step 14250: val_bpb=1.514434
  step 14500: val_bpb=1.536462
  step 14500: train_bpb=7.9687 (28ms)
  step 14750: val_bpb=1.537399
  step 15000: val_bpb=1.532253
  step 15000: train_bpb=7.8034 (28ms)
  step 15250: val_bpb=1.510543
  step 15500: val_bpb=1.517315
  step 15500: train_bpb=7.6867 (28ms)
  step 15750: val_bpb=1.498432
  step 16000: val_bpb=1.494585
  step 16000: train_bpb=7.8510 (28ms)
  step 16250: val_bpb=1.519765
  step 16500: val_bpb=1.504805
  step 16500: train_bpb=7.5545 (28ms)
  step 16750: val_bpb=1.481589
  step 17000: val_bpb=1.475704
  step 17000: train_bpb=8.2496 (28ms)
  step 17250: val_bpb=1.471773
  step 17500: val_bpb=1.460342
  step 17500: train_bpb=7.2366 (28ms)
  step 17750: val_bpb=1.467143
  step 18000: val_bpb=1.458694
  step 18000: train_bpb=6.7466 (28ms)
  step 18250: val_bpb=1.450441
  step 18500: val_bpb=1.443753
  step 18500: train_bpb=7.7368 (28ms)
  step 18750: val_bpb=1.433458
  step 19000: val_bpb=1.446448
  step 19000: train_bpb=8.0094 (28ms)
  step 19250: val_bpb=1.428838
  step 19500: val_bpb=1.423074
  step 19500: train_bpb=6.7151 (28ms)
  step 19750: val_bpb=1.414095
  step 20000: val_bpb=1.414361

Saved results to /mnt/sharefs/user54/nanoe/runs/enigma_s5_prod_frontier_r1/results/H533_shape_beta2_20k_real.json
Final BPB: 1.414361
