=== ENIGMA Stage 5 Frontier Composition — H64_H73_H533_H535 ===
Host: us-west-a2-gpu-011
GPU: NVIDIA B200, 183359 MiB
Steps: 20000, Depth: 12
[ENIGMA] Patched MuonAdamW._step_muon with faithful H64 Nesterov blend schedule
[ENIGMA] Patched adamw_step_fused with H73 eps schedule
=== ENIGMA Stage 5 Production — H64_H73_H533_H535 ===
Steps: 20000, Depth: 12, Eval every: 250
Features: ['H533', 'H535', 'H64', 'H73']
Scaling the LR for the AdamW parameters ∝1/√(768/768) = 1.000000
  step     0: val_bpb=3.013478
  step     0: train_bpb=15.3235 (531ms)
  step   250: val_bpb=1.993670
  step   500: val_bpb=1.889090
  step   500: train_bpb=9.3360 (28ms)
  step   750: val_bpb=1.878644
  step  1000: val_bpb=1.876902
  step  1000: train_bpb=9.7381 (28ms)
  step  1250: val_bpb=1.829919
  step  1500: val_bpb=1.820227
  step  1500: train_bpb=9.0778 (28ms)
  step  1750: val_bpb=1.725675
  step  2000: val_bpb=1.745170
  step  2000: train_bpb=9.0918 (28ms)
  step  2250: val_bpb=1.736197
  step  2500: val_bpb=1.712421
  step  2500: train_bpb=8.6220 (28ms)
  step  2750: val_bpb=1.713214
  step  3000: val_bpb=1.695053
  step  3000: train_bpb=8.5116 (28ms)
  step  3250: val_bpb=1.682851
  step  3500: val_bpb=1.680265
  step  3500: train_bpb=8.5866 (29ms)
  step  3750: val_bpb=1.683602
  step  4000: val_bpb=1.675667
  step  4000: train_bpb=8.2236 (28ms)
  step  4250: val_bpb=1.672201
  step  4500: val_bpb=1.685322
  step  4500: train_bpb=8.4407 (28ms)
  step  4750: val_bpb=1.650558
  step  5000: val_bpb=1.667019
  step  5000: train_bpb=8.4405 (29ms)
  step  5250: val_bpb=1.669688
  step  5500: val_bpb=1.684167
  step  5500: train_bpb=8.7778 (29ms)
  step  5750: val_bpb=1.678291
  step  6000: val_bpb=1.633132
  step  6000: train_bpb=8.6447 (30ms)
  step  6250: val_bpb=1.662178
  step  6500: val_bpb=1.655824
  step  6500: train_bpb=8.1752 (28ms)
  step  6750: val_bpb=1.625318
  step  7000: val_bpb=1.626631
  step  7000: train_bpb=8.8420 (28ms)
  step  7250: val_bpb=1.646538
  step  7500: val_bpb=1.667973
  step  7500: train_bpb=8.8519 (28ms)
  step  7750: val_bpb=1.674185
  step  8000: val_bpb=1.658364
  step  8000: train_bpb=8.1731 (28ms)
  step  8250: val_bpb=1.651100
  step  8500: val_bpb=1.660840
  step  8500: train_bpb=8.8954 (28ms)
  step  8750: val_bpb=1.669702
  step  9000: val_bpb=1.637078
  step  9000: train_bpb=8.4136 (28ms)
  step  9250: val_bpb=1.653795
  step  9500: val_bpb=1.665220
  step  9500: train_bpb=8.6331 (28ms)
  step  9750: val_bpb=1.670877
  step 10000: val_bpb=1.676982
  step 10000: train_bpb=8.8698 (29ms)
  step 10250: val_bpb=1.660923
  step 10500: val_bpb=1.652111
  step 10500: train_bpb=7.6117 (28ms)
  step 10750: val_bpb=1.624821
  step 11000: val_bpb=1.625585
  step 11000: train_bpb=7.8524 (29ms)
  step 11250: val_bpb=1.636844
  step 11500: val_bpb=1.628020
  step 11500: train_bpb=8.9554 (28ms)
  step 11750: val_bpb=1.619155
  step 12000: val_bpb=1.627343
  step 12000: train_bpb=8.3334 (28ms)
  step 12250: val_bpb=1.623067
  step 12500: val_bpb=1.627207
  step 12500: train_bpb=7.4231 (28ms)
  step 12750: val_bpb=1.605699
  step 13000: val_bpb=1.605718
  step 13000: train_bpb=7.6555 (28ms)
  step 13250: val_bpb=1.600105
  step 13500: val_bpb=1.597077
  step 13500: train_bpb=8.2876 (28ms)
  step 13750: val_bpb=1.587169
  step 14000: val_bpb=1.597209
  step 14000: train_bpb=8.3327 (28ms)
  step 14250: val_bpb=1.573823
  step 14500: val_bpb=1.563914
  step 14500: train_bpb=8.1472 (28ms)
  step 14750: val_bpb=1.550095
  step 15000: val_bpb=1.558352
  step 15000: train_bpb=7.9912 (28ms)
  step 15250: val_bpb=1.551445
  step 15500: val_bpb=1.546496
  step 15500: train_bpb=7.7577 (29ms)
  step 15750: val_bpb=1.521576
  step 16000: val_bpb=1.526545
  step 16000: train_bpb=7.9799 (28ms)
  step 16250: val_bpb=1.541322
  step 16500: val_bpb=1.526217
  step 16500: train_bpb=7.7105 (28ms)
  step 16750: val_bpb=1.505330
  step 17000: val_bpb=1.499107
  step 17000: train_bpb=8.4963 (28ms)
  step 17250: val_bpb=1.496907
  step 17500: val_bpb=1.469576
  step 17500: train_bpb=7.2113 (28ms)
  step 17750: val_bpb=1.459779
  step 18000: val_bpb=1.452785
  step 18000: train_bpb=6.8386 (28ms)
  step 18250: val_bpb=1.457073
  step 18500: val_bpb=1.451267
  step 18500: train_bpb=7.6720 (29ms)
  step 18750: val_bpb=1.451868
  step 19000: val_bpb=1.456511
  step 19000: train_bpb=7.8209 (28ms)
  step 19250: val_bpb=1.428521
  step 19500: val_bpb=1.432142
  step 19500: train_bpb=6.6797 (29ms)
  step 19750: val_bpb=1.409705
  step 20000: val_bpb=1.411100

Saved results to /mnt/sharefs/user54/nanoe/runs/enigma_s5_prod_frontier_r1/results/H64_H73_H533_H535_20k_real.json
Final BPB: 1.411100
