=== ENIGMA Stage 5 Frontier Composition — H60_H73_H533_H535 ===
Host: us-west-a2-gpu-024
GPU: NVIDIA B200, 183359 MiB
Steps: 20000, Depth: 12
[ENIGMA] Patched adamw_step_fused with H73 eps schedule
=== ENIGMA Stage 5 Production — H60_H73_H533_H535 ===
Steps: 20000, Depth: 12, Eval every: 250
Features: ['H533', 'H535', 'H60', 'H73']
Scaling the LR for the AdamW parameters ∝1/√(768/768) = 1.000000
  step     0: val_bpb=3.013478
  step     0: train_bpb=15.3235 (449ms)
  step   250: val_bpb=1.955306
  step   500: val_bpb=1.899256
  step   500: train_bpb=9.4156 (28ms)
  step   750: val_bpb=1.885267
  step  1000: val_bpb=1.858816
  step  1000: train_bpb=9.6193 (28ms)
  step  1250: val_bpb=1.798629
  step  1500: val_bpb=1.790360
  step  1500: train_bpb=8.9093 (28ms)
  step  1750: val_bpb=1.736576
  step  2000: val_bpb=1.743542
  step  2000: train_bpb=9.0742 (28ms)
  step  2250: val_bpb=1.735033
  step  2500: val_bpb=1.723474
  step  2500: train_bpb=8.6470 (28ms)
  step  2750: val_bpb=1.711631
  step  3000: val_bpb=1.700325
  step  3000: train_bpb=8.6751 (29ms)
  step  3250: val_bpb=1.702254
  step  3500: val_bpb=1.699719
  step  3500: train_bpb=8.6616 (28ms)
  step  3750: val_bpb=1.693257
  step  4000: val_bpb=1.669065
  step  4000: train_bpb=8.3413 (28ms)
  step  4250: val_bpb=1.665166
  step  4500: val_bpb=1.689526
  step  4500: train_bpb=8.4208 (28ms)
  step  4750: val_bpb=1.671761
  step  5000: val_bpb=1.684269
  step  5000: train_bpb=8.5055 (28ms)
  step  5250: val_bpb=1.679693
  step  5500: val_bpb=1.691906
  step  5500: train_bpb=8.7917 (28ms)
  step  5750: val_bpb=1.688464
  step  6000: val_bpb=1.667582
  step  6000: train_bpb=8.6419 (28ms)
  step  6250: val_bpb=1.681270
  step  6500: val_bpb=1.679139
  step  6500: train_bpb=8.2482 (28ms)
  step  6750: val_bpb=1.647654
  step  7000: val_bpb=1.644850
  step  7000: train_bpb=8.8607 (28ms)
  step  7250: val_bpb=1.668759
  step  7500: val_bpb=1.667972
  step  7500: train_bpb=8.8523 (28ms)
  step  7750: val_bpb=1.671360
  step  8000: val_bpb=1.664876
  step  8000: train_bpb=8.1184 (28ms)
  step  8250: val_bpb=1.661674
  step  8500: val_bpb=1.656022
  step  8500: train_bpb=8.8107 (28ms)
  step  8750: val_bpb=1.656648
  step  9000: val_bpb=1.650000
  step  9000: train_bpb=8.3557 (28ms)
  step  9250: val_bpb=1.661620
  step  9500: val_bpb=1.666863
  step  9500: train_bpb=8.5754 (28ms)
  step  9750: val_bpb=1.673700
  step 10000: val_bpb=1.668446
  step 10000: train_bpb=8.8026 (28ms)
  step 10250: val_bpb=1.650451
  step 10500: val_bpb=1.630709
  step 10500: train_bpb=7.5538 (28ms)
  step 10750: val_bpb=1.635192
  step 11000: val_bpb=1.629827
  step 11000: train_bpb=7.7603 (29ms)
  step 11250: val_bpb=1.628620
  step 11500: val_bpb=1.616522
  step 11500: train_bpb=8.8503 (28ms)
  step 11750: val_bpb=1.614114
  step 12000: val_bpb=1.634821
  step 12000: train_bpb=8.2087 (28ms)
  step 12250: val_bpb=1.607728
  step 12500: val_bpb=1.611779
  step 12500: train_bpb=7.5083 (28ms)
  step 12750: val_bpb=1.604527
  step 13000: val_bpb=1.597884
  step 13000: train_bpb=7.4631 (28ms)
  step 13250: val_bpb=1.579899
  step 13500: val_bpb=1.566260
  step 13500: train_bpb=8.2354 (28ms)
  step 13750: val_bpb=1.574482
  step 14000: val_bpb=1.583587
  step 14000: train_bpb=8.3776 (28ms)
  step 14250: val_bpb=1.558825
  step 14500: val_bpb=1.561315
  step 14500: train_bpb=8.0544 (28ms)
  step 14750: val_bpb=1.535700
  step 15000: val_bpb=1.545117
  step 15000: train_bpb=8.0105 (28ms)
  step 15250: val_bpb=1.529837
  step 15500: val_bpb=1.540805
  step 15500: train_bpb=7.7821 (28ms)
  step 15750: val_bpb=1.513729
  step 16000: val_bpb=1.513628
  step 16000: train_bpb=7.9881 (28ms)
  step 16250: val_bpb=1.522668
  step 16500: val_bpb=1.505893
  step 16500: train_bpb=7.7083 (28ms)
  step 16750: val_bpb=1.494215
  step 17000: val_bpb=1.478044
  step 17000: train_bpb=8.3961 (28ms)
  step 17250: val_bpb=1.493256
  step 17500: val_bpb=1.470519
  step 17500: train_bpb=7.1295 (28ms)
  step 17750: val_bpb=1.476928
  step 18000: val_bpb=1.471165
  step 18000: train_bpb=6.8150 (28ms)
  step 18250: val_bpb=1.465608
  step 18500: val_bpb=1.458240
  step 18500: train_bpb=7.7933 (28ms)
  step 18750: val_bpb=1.443977
  step 19000: val_bpb=1.454998
  step 19000: train_bpb=7.8629 (28ms)
  step 19250: val_bpb=1.430589
  step 19500: val_bpb=1.423619
  step 19500: train_bpb=6.6605 (28ms)
  step 19750: val_bpb=1.411791
  step 20000: val_bpb=1.405599

Saved results to /mnt/sharefs/user54/nanoe/runs/enigma_s5_prod_frontier_r1/results/H60_H73_H533_H535_20k_real.json
Final BPB: 1.405599
