=== ENIGMA Stage 5 Frontier Composition — H64_H60_H73_H535 ===
Host: us-west-a2-gpu-011
GPU: NVIDIA B200, 183359 MiB
Steps: 20000, Depth: 12
[ENIGMA] Patched MuonAdamW._step_muon with faithful H64 Nesterov blend schedule
[ENIGMA] Patched adamw_step_fused with H73 eps schedule
=== ENIGMA Stage 5 Production — H64_H60_H73_H535 ===
Steps: 20000, Depth: 12, Eval every: 250
Features: ['H535', 'H60', 'H64', 'H73']
Scaling the LR for the AdamW parameters ∝1/√(768/768) = 1.000000
  step     0: val_bpb=3.013478
  step     0: train_bpb=15.3235 (531ms)
  step   250: val_bpb=1.948220
  step   500: val_bpb=1.883746
  step   500: train_bpb=9.3646 (28ms)
  step   750: val_bpb=1.853219
  step  1000: val_bpb=1.862818
  step  1000: train_bpb=9.6185 (28ms)
  step  1250: val_bpb=1.833186
  step  1500: val_bpb=1.799483
  step  1500: train_bpb=9.0120 (28ms)
  step  1750: val_bpb=1.746633
  step  2000: val_bpb=1.784545
  step  2000: train_bpb=9.1528 (28ms)
  step  2250: val_bpb=1.763352
  step  2500: val_bpb=1.761317
  step  2500: train_bpb=8.6642 (28ms)
  step  2750: val_bpb=1.728641
  step  3000: val_bpb=1.744803
  step  3000: train_bpb=8.6886 (28ms)
  step  3250: val_bpb=1.707577
  step  3500: val_bpb=1.735736
  step  3500: train_bpb=8.8712 (28ms)
  step  3750: val_bpb=1.724073
  step  4000: val_bpb=1.693659
  step  4000: train_bpb=8.4122 (29ms)
  step  4250: val_bpb=1.690746
  step  4500: val_bpb=1.721276
  step  4500: train_bpb=8.5328 (28ms)
  step  4750: val_bpb=1.687367
  step  5000: val_bpb=1.669848
  step  5000: train_bpb=8.3825 (29ms)
  step  5250: val_bpb=1.702877
  step  5500: val_bpb=1.700035
  step  5500: train_bpb=8.7400 (29ms)
  step  5750: val_bpb=1.686033
  step  6000: val_bpb=1.670850
  step  6000: train_bpb=8.7121 (30ms)
  step  6250: val_bpb=1.678218
  step  6500: val_bpb=1.674697
  step  6500: train_bpb=8.2013 (30ms)
  step  6750: val_bpb=1.647440
  step  7000: val_bpb=1.630017
  step  7000: train_bpb=8.8844 (28ms)
  step  7250: val_bpb=1.654832
  step  7500: val_bpb=1.668851
  step  7500: train_bpb=8.8659 (28ms)
  step  7750: val_bpb=1.680521
  step  8000: val_bpb=1.661386
  step  8000: train_bpb=8.1489 (28ms)
  step  8250: val_bpb=1.645426
  step  8500: val_bpb=1.659960
  step  8500: train_bpb=8.7497 (31ms)
  step  8750: val_bpb=1.664086
  step  9000: val_bpb=1.632149
  step  9000: train_bpb=8.4000 (28ms)
  step  9250: val_bpb=1.642753
  step  9500: val_bpb=1.658408
  step  9500: train_bpb=8.5037 (28ms)
  step  9750: val_bpb=1.670466
  step 10000: val_bpb=1.666297
  step 10000: train_bpb=8.8069 (28ms)
  step 10250: val_bpb=1.650415
  step 10500: val_bpb=1.641045
  step 10500: train_bpb=7.6044 (28ms)
  step 10750: val_bpb=1.627839
  step 11000: val_bpb=1.618348
  step 11000: train_bpb=7.7764 (29ms)
  step 11250: val_bpb=1.633687
  step 11500: val_bpb=1.621178
  step 11500: train_bpb=9.0047 (28ms)
  step 11750: val_bpb=1.613872
  step 12000: val_bpb=1.618845
  step 12000: train_bpb=8.2777 (28ms)
  step 12250: val_bpb=1.607353
  step 12500: val_bpb=1.613120
  step 12500: train_bpb=7.3963 (28ms)
  step 12750: val_bpb=1.600028
  step 13000: val_bpb=1.615567
  step 13000: train_bpb=7.6124 (28ms)
  step 13250: val_bpb=1.589588
  step 13500: val_bpb=1.612624
  step 13500: train_bpb=8.2867 (28ms)
  step 13750: val_bpb=1.579546
  step 14000: val_bpb=1.578222
  step 14000: train_bpb=8.3224 (28ms)
  step 14250: val_bpb=1.575915
  step 14500: val_bpb=1.560637
  step 14500: train_bpb=8.1682 (28ms)
  step 14750: val_bpb=1.568936
  step 15000: val_bpb=1.567957
  step 15000: train_bpb=8.0895 (28ms)
  step 15250: val_bpb=1.547520
  step 15500: val_bpb=1.553059
  step 15500: train_bpb=7.7998 (28ms)
  step 15750: val_bpb=1.540611
  step 16000: val_bpb=1.548470
  step 16000: train_bpb=8.1347 (29ms)
  step 16250: val_bpb=1.549506
  step 16500: val_bpb=1.544913
  step 16500: train_bpb=7.7488 (28ms)
  step 16750: val_bpb=1.526003
  step 17000: val_bpb=1.509152
  step 17000: train_bpb=8.6146 (28ms)
  step 17250: val_bpb=1.510706
  step 17500: val_bpb=1.504537
  step 17500: train_bpb=7.2420 (28ms)
  step 17750: val_bpb=1.493989
  step 18000: val_bpb=1.494170
  step 18000: train_bpb=6.9483 (28ms)
  step 18250: val_bpb=1.495846
  step 18500: val_bpb=1.489309
  step 18500: train_bpb=8.0233 (29ms)
  step 18750: val_bpb=1.472867
  step 19000: val_bpb=1.472248
  step 19000: train_bpb=8.0885 (28ms)
  step 19250: val_bpb=1.463411
  step 19500: val_bpb=1.453171
  step 19500: train_bpb=6.8625 (29ms)
  step 19750: val_bpb=1.445746
  step 20000: val_bpb=1.442925

Saved results to /mnt/sharefs/user54/nanoe/runs/enigma_s5_prod_frontier_r1/results/H64_H60_H73_H535_20k_real.json
Final BPB: 1.442925
