=== ENIGMA Stage 5 Frontier Composition — H64_H60_H533_H535 ===
Host: us-west-a2-gpu-011
GPU: NVIDIA B200, 183359 MiB
Steps: 20000, Depth: 12
[ENIGMA] Patched MuonAdamW._step_muon with faithful H64 Nesterov blend schedule
=== ENIGMA Stage 5 Production — H64_H60_H533_H535 ===
Steps: 20000, Depth: 12, Eval every: 250
Features: ['H533', 'H535', 'H60', 'H64']
Scaling the LR for the AdamW parameters ∝1/√(768/768) = 1.000000
  step     0: val_bpb=3.013478
  step     0: train_bpb=15.3235 (531ms)
  step   250: val_bpb=1.968981
  step   500: val_bpb=1.927079
  step   500: train_bpb=9.4850 (28ms)
  step   750: val_bpb=1.889208
  step  1000: val_bpb=1.850603
  step  1000: train_bpb=9.6419 (28ms)
  step  1250: val_bpb=1.846381
  step  1500: val_bpb=1.819155
  step  1500: train_bpb=9.1618 (28ms)
  step  1750: val_bpb=1.758718
  step  2000: val_bpb=1.800200
  step  2000: train_bpb=9.2312 (28ms)
  step  2250: val_bpb=1.767976
  step  2500: val_bpb=1.751876
  step  2500: train_bpb=8.8425 (28ms)
  step  2750: val_bpb=1.744762
  step  3000: val_bpb=1.733364
  step  3000: train_bpb=8.6475 (28ms)
  step  3250: val_bpb=1.725037
  step  3500: val_bpb=1.724629
  step  3500: train_bpb=8.7870 (28ms)
  step  3750: val_bpb=1.733509
  step  4000: val_bpb=1.712837
  step  4000: train_bpb=8.5387 (28ms)
  step  4250: val_bpb=1.720186
  step  4500: val_bpb=1.736445
  step  4500: train_bpb=8.5509 (28ms)
  step  4750: val_bpb=1.709676
  step  5000: val_bpb=1.714777
  step  5000: train_bpb=8.4741 (28ms)
  step  5250: val_bpb=1.720907
  step  5500: val_bpb=1.702146
  step  5500: train_bpb=8.6395 (28ms)
  step  5750: val_bpb=1.716124
  step  6000: val_bpb=1.703758
  step  6000: train_bpb=8.9130 (28ms)
  step  6250: val_bpb=1.691685
  step  6500: val_bpb=1.685541
  step  6500: train_bpb=8.3352 (28ms)
  step  6750: val_bpb=1.677352
  step  7000: val_bpb=1.683818
  step  7000: train_bpb=8.9251 (28ms)
  step  7250: val_bpb=1.693532
  step  7500: val_bpb=1.678653
  step  7500: train_bpb=8.9933 (28ms)
  step  7750: val_bpb=1.695780
  step  8000: val_bpb=1.664882
  step  8000: train_bpb=7.9569 (28ms)
  step  8250: val_bpb=1.627937
  step  8500: val_bpb=1.653661
  step  8500: train_bpb=8.7941 (28ms)
  step  8750: val_bpb=1.645121
  step  9000: val_bpb=1.625646
  step  9000: train_bpb=8.3877 (28ms)
  step  9250: val_bpb=1.627154
  step  9500: val_bpb=1.674266
  step  9500: train_bpb=8.4375 (28ms)
  step  9750: val_bpb=1.642473
  step 10000: val_bpb=1.665755
  step 10000: train_bpb=8.6102 (28ms)
  step 10250: val_bpb=1.654683
  step 10500: val_bpb=1.659744
  step 10500: train_bpb=7.5463 (28ms)
  step 10750: val_bpb=1.615260
  step 11000: val_bpb=1.620187
  step 11000: train_bpb=7.7036 (29ms)
  step 11250: val_bpb=1.607403
  step 11500: val_bpb=1.618252
  step 11500: train_bpb=8.6529 (28ms)
  step 11750: val_bpb=1.600742
  step 12000: val_bpb=1.619605
  step 12000: train_bpb=8.0910 (28ms)
  step 12250: val_bpb=1.600555
  step 12500: val_bpb=1.600010
  step 12500: train_bpb=7.3805 (28ms)
  step 12750: val_bpb=1.586969
  step 13000: val_bpb=1.603852
  step 13000: train_bpb=7.3797 (28ms)
  step 13250: val_bpb=1.576133
  step 13500: val_bpb=1.580900
  step 13500: train_bpb=8.1330 (28ms)
  step 13750: val_bpb=1.572775
  step 14000: val_bpb=1.591617
  step 14000: train_bpb=8.4378 (28ms)
  step 14250: val_bpb=1.558249
  step 14500: val_bpb=1.557977
  step 14500: train_bpb=8.1252 (28ms)
  step 14750: val_bpb=1.544262
  step 15000: val_bpb=1.523917
  step 15000: train_bpb=7.7803 (28ms)
  step 15250: val_bpb=1.514497
  step 15500: val_bpb=1.511199
  step 15500: train_bpb=7.7008 (28ms)
  step 15750: val_bpb=1.510630
  step 16000: val_bpb=1.513317
  step 16000: train_bpb=7.8190 (28ms)
  step 16250: val_bpb=1.522231
  step 16500: val_bpb=1.515518
  step 16500: train_bpb=7.5870 (28ms)
  step 16750: val_bpb=1.508503
  step 17000: val_bpb=1.493921
  step 17000: train_bpb=8.2995 (28ms)
  step 17250: val_bpb=1.494421
  step 17500: val_bpb=1.477521
  step 17500: train_bpb=7.2855 (28ms)
  step 17750: val_bpb=1.478290
  step 18000: val_bpb=1.484610
  step 18000: train_bpb=6.8398 (28ms)
  step 18250: val_bpb=1.483504
  step 18500: val_bpb=1.466228
  step 18500: train_bpb=7.8690 (28ms)
  step 18750: val_bpb=1.457287
  step 19000: val_bpb=1.460592
  step 19000: train_bpb=8.0025 (28ms)
  step 19250: val_bpb=1.451735
  step 19500: val_bpb=1.447420
  step 19500: train_bpb=6.7234 (28ms)
  step 19750: val_bpb=1.438224
  step 20000: val_bpb=1.437358

Saved results to /mnt/sharefs/user54/nanoe/runs/enigma_s5_prod_frontier_r1/results/H64_H60_H533_H535_20k_real.json
Final BPB: 1.437358
