=== ENIGMA Stage 5 Production — H504 ===
Steps: 20000, Depth: 12, Eval every: 250
Features: ['H504']
Scaling the LR for the AdamW parameters ∝1/√(768/768) = 1.000000
  step     0: val_bpb=3.421167
  step     0: train_bpb=15.1858 (12823ms)
  step   250: val_bpb=2.309029
  step   500: val_bpb=2.185516
  step   500: train_bpb=9.6161 (29ms)
  step   750: val_bpb=2.136322
  step  1000: val_bpb=2.100587
  step  1000: train_bpb=9.4495 (28ms)
  step  1250: val_bpb=2.114727
  step  1500: val_bpb=2.125542
  step  1500: train_bpb=9.9251 (29ms)
  step  1750: val_bpb=2.064879
  step  2000: val_bpb=2.076143
  step  2000: train_bpb=9.4411 (28ms)
  step  2250: val_bpb=2.087568
  step  2500: val_bpb=2.056920
  step  2500: train_bpb=8.7632 (28ms)
  step  2750: val_bpb=2.007600
  step  3000: val_bpb=2.020150
  step  3000: train_bpb=8.7666 (28ms)
  step  3250: val_bpb=2.016941
  step  3500: val_bpb=1.993847
  step  3500: train_bpb=8.4185 (28ms)
  step  3750: val_bpb=2.029203
  step  4000: val_bpb=1.995009
  step  4000: train_bpb=9.0078 (28ms)
  step  4250: val_bpb=2.016082
  step  4500: val_bpb=2.055632
  step  4500: train_bpb=9.0479 (28ms)
  step  4750: val_bpb=2.016486
  step  5000: val_bpb=2.036664
  step  5000: train_bpb=8.4288 (28ms)
  step  5250: val_bpb=2.012083
  step  5500: val_bpb=2.010994
  step  5500: train_bpb=9.1280 (28ms)
  step  5750: val_bpb=2.011723
  step  6000: val_bpb=2.004611
  step  6000: train_bpb=9.0808 (28ms)
  step  6250: val_bpb=1.949546
  step  6500: val_bpb=2.008649
  step  6500: train_bpb=7.7961 (30ms)
  step  6750: val_bpb=1.998822
  step  7000: val_bpb=1.997258
  step  7000: train_bpb=8.7849 (28ms)
  step  7250: val_bpb=1.972448
  step  7500: val_bpb=1.973736
  step  7500: train_bpb=8.7880 (29ms)
  step  7750: val_bpb=1.959168
  step  8000: val_bpb=1.955075
  step  8000: train_bpb=8.2148 (29ms)
  step  8250: val_bpb=1.955436
  step  8500: val_bpb=1.947354
  step  8500: train_bpb=8.5784 (30ms)
  step  8750: val_bpb=1.955766
  step  9000: val_bpb=1.954770
  step  9000: train_bpb=7.8706 (29ms)
  step  9250: val_bpb=1.987759
  step  9500: val_bpb=1.939083
  step  9500: train_bpb=8.0624 (28ms)
  step  9750: val_bpb=1.946469
  step 10000: val_bpb=1.904780
  step 10000: train_bpb=7.8473 (28ms)
  step 10250: val_bpb=1.906742
  step 10500: val_bpb=1.921517
  step 10500: train_bpb=7.5736 (29ms)
  step 10750: val_bpb=1.910160
  step 11000: val_bpb=1.919402
  step 11000: train_bpb=7.9652 (29ms)
  step 11250: val_bpb=1.914500
  step 11500: val_bpb=1.939839
  step 11500: train_bpb=8.5372 (30ms)
  step 11750: val_bpb=1.913030
  step 12000: val_bpb=1.924628
  step 12000: train_bpb=7.8215 (30ms)
  step 12250: val_bpb=1.900799
  step 12500: val_bpb=1.877065
  step 12500: train_bpb=7.3195 (28ms)
  step 12750: val_bpb=1.880761
  step 13000: val_bpb=1.872491
  step 13000: train_bpb=7.9474 (28ms)
  step 13250: val_bpb=1.867059
  step 13500: val_bpb=1.881829
  step 13500: train_bpb=7.7834 (28ms)
  step 13750: val_bpb=1.893546
  step 14000: val_bpb=1.859076
  step 14000: train_bpb=7.7673 (29ms)
  step 14250: val_bpb=1.860540
  step 14500: val_bpb=1.861502
  step 14500: train_bpb=8.7073 (29ms)
  step 14750: val_bpb=1.834560
  step 15000: val_bpb=1.842086
  step 15000: train_bpb=7.8579 (28ms)
  step 15250: val_bpb=1.820891
  step 15500: val_bpb=1.822200
  step 15500: train_bpb=8.1183 (29ms)
  step 15750: val_bpb=1.816639
  step 16000: val_bpb=1.826939
  step 16000: train_bpb=7.6192 (28ms)
  step 16250: val_bpb=1.800573
  step 16500: val_bpb=1.822990
  step 16500: train_bpb=7.1331 (28ms)
  step 16750: val_bpb=1.790694
  step 17000: val_bpb=1.795864
  step 17000: train_bpb=7.4295 (30ms)
  step 17250: val_bpb=1.782910
  step 17500: val_bpb=1.777379
  step 17500: train_bpb=6.6511 (29ms)
  step 17750: val_bpb=1.780080
  step 18000: val_bpb=1.754747
  step 18000: train_bpb=7.4856 (29ms)
  step 18250: val_bpb=1.760868
  step 18500: val_bpb=1.776733
  step 18500: train_bpb=8.1448 (30ms)
  step 18750: val_bpb=1.759510
  step 19000: val_bpb=1.756461
  step 19000: train_bpb=8.1406 (29ms)
  step 19250: val_bpb=1.748807
  step 19500: val_bpb=1.737911
  step 19500: train_bpb=6.8379 (30ms)
  step 19750: val_bpb=1.729028
  step 20000: val_bpb=1.728066

Saved results to runs/enigma_s5_fulldata/results/H504.json
Final BPB: 1.728066
