[ENIGMA] Patched adamw_step_fused with H517 shared warmdown-phase eps schedule
=== ENIGMA Stage 5 Production — H517 ===
Steps: 20000, Depth: 12, Eval every: 250
Features: ['H517']
Scaling the LR for the AdamW parameters ∝1/√(768/768) = 1.000000
  step     0: val_bpb=3.421152
  step     0: train_bpb=15.1860 (12804ms)
  step   250: val_bpb=2.264255
  step   500: val_bpb=2.153845
  step   500: train_bpb=9.5747 (28ms)
  step   750: val_bpb=2.157265
  step  1000: val_bpb=2.110428
  step  1000: train_bpb=9.4645 (28ms)
  step  1250: val_bpb=2.102507
  step  1500: val_bpb=2.117383
  step  1500: train_bpb=9.8564 (28ms)
  step  1750: val_bpb=2.063937
  step  2000: val_bpb=2.060716
  step  2000: train_bpb=9.3876 (29ms)
  step  2250: val_bpb=2.057105
  step  2500: val_bpb=2.043262
  step  2500: train_bpb=8.6541 (27ms)
  step  2750: val_bpb=2.003763
  step  3000: val_bpb=2.008162
  step  3000: train_bpb=8.6783 (27ms)
  step  3250: val_bpb=1.982717
  step  3500: val_bpb=1.962875
  step  3500: train_bpb=8.3032 (28ms)
  step  3750: val_bpb=2.009503
  step  4000: val_bpb=1.976444
  step  4000: train_bpb=8.8860 (27ms)
  step  4250: val_bpb=1.975324
  step  4500: val_bpb=1.987807
  step  4500: train_bpb=8.8421 (27ms)
  step  4750: val_bpb=1.978935
  step  5000: val_bpb=1.982516
  step  5000: train_bpb=8.1881 (27ms)
  step  5250: val_bpb=1.975218
  step  5500: val_bpb=1.978425
  step  5500: train_bpb=8.6162 (28ms)
  step  5750: val_bpb=1.971260
  step  6000: val_bpb=1.949131
  step  6000: train_bpb=8.7180 (28ms)
  step  6250: val_bpb=1.925951
  step  6500: val_bpb=1.964884
  step  6500: train_bpb=7.5277 (27ms)
  step  6750: val_bpb=1.924372
  step  7000: val_bpb=1.925296
  step  7000: train_bpb=8.5931 (27ms)
  step  7250: val_bpb=1.921224
  step  7500: val_bpb=1.915421
  step  7500: train_bpb=8.4410 (28ms)
  step  7750: val_bpb=1.895557
  step  8000: val_bpb=1.913834
  step  8000: train_bpb=8.0183 (28ms)
  step  8250: val_bpb=1.897819
  step  8500: val_bpb=1.893039
  step  8500: train_bpb=8.5565 (27ms)
  step  8750: val_bpb=1.931336
  step  9000: val_bpb=1.919587
  step  9000: train_bpb=7.7373 (27ms)
  step  9250: val_bpb=1.923222
  step  9500: val_bpb=1.895135
  step  9500: train_bpb=7.8754 (27ms)
  step  9750: val_bpb=1.892251
  step 10000: val_bpb=1.880489
  step 10000: train_bpb=7.9243 (28ms)
  step 10250: val_bpb=1.874752
  step 10500: val_bpb=1.894072
  step 10500: train_bpb=7.5330 (28ms)
  step 10750: val_bpb=1.873579
  step 11000: val_bpb=1.901177
  step 11000: train_bpb=7.9725 (27ms)
  step 11250: val_bpb=1.870548
  step 11500: val_bpb=1.914658
  step 11500: train_bpb=8.4582 (28ms)
  step 11750: val_bpb=1.903901
  step 12000: val_bpb=1.874559
  step 12000: train_bpb=7.7767 (28ms)
  step 12250: val_bpb=1.874361
  step 12500: val_bpb=1.889297
  step 12500: train_bpb=7.3088 (28ms)
  step 12750: val_bpb=1.868966
  step 13000: val_bpb=1.854413
  step 13000: train_bpb=7.8477 (27ms)
  step 13250: val_bpb=1.868928
  step 13500: val_bpb=1.873548
  step 13500: train_bpb=7.7483 (28ms)
  step 13750: val_bpb=1.860882
  step 14000: val_bpb=1.841015
  step 14000: train_bpb=7.7485 (28ms)
  step 14250: val_bpb=1.836645
  step 14500: val_bpb=1.836797
  step 14500: train_bpb=8.6799 (28ms)
  step 14750: val_bpb=1.794155
  step 15000: val_bpb=1.831943
  step 15000: train_bpb=7.7982 (28ms)
  step 15250: val_bpb=1.801780
  step 15500: val_bpb=1.785806
  step 15500: train_bpb=8.0401 (28ms)
  step 15750: val_bpb=1.781237
  step 16000: val_bpb=1.787129
  step 16000: train_bpb=7.4411 (28ms)
  step 16250: val_bpb=1.770568
  step 16500: val_bpb=1.790367
  step 16500: train_bpb=7.0495 (28ms)
  step 16750: val_bpb=1.767067
  step 17000: val_bpb=1.770380
  step 17000: train_bpb=7.3668 (28ms)
  step 17250: val_bpb=1.752922
  step 17500: val_bpb=1.747348
  step 17500: train_bpb=6.5916 (27ms)
  step 17750: val_bpb=1.758093
  step 18000: val_bpb=1.734627
  step 18000: train_bpb=7.3405 (28ms)
  step 18250: val_bpb=1.745095
  step 18500: val_bpb=1.750501
  step 18500: train_bpb=8.0974 (28ms)
  step 18750: val_bpb=1.727143
  step 19000: val_bpb=1.721127
  step 19000: train_bpb=8.0349 (28ms)
  step 19250: val_bpb=1.720464
  step 19500: val_bpb=1.707867
  step 19500: train_bpb=6.7668 (28ms)
  step 19750: val_bpb=1.699061
  step 20000: val_bpb=1.696628

Saved results to runs/enigma_s5_fulldata/results/H517.json
Final BPB: 1.696628
