=== ENIGMA Stage 5 Production — H60 ===
Steps: 20000, Depth: 12, Eval every: 250
Features: ['H60']
Scaling the LR for the AdamW parameters ∝1/√(768/768) = 1.000000
  step     0: val_bpb=3.421167
  step     0: train_bpb=15.1858 (12171ms)
  step   250: val_bpb=2.300147
  step   500: val_bpb=2.146550
  step   500: train_bpb=9.5619 (28ms)
  step   750: val_bpb=2.130068
  step  1000: val_bpb=2.100370
  step  1000: train_bpb=9.4573 (28ms)
  step  1250: val_bpb=2.112028
  step  1500: val_bpb=2.110356
  step  1500: train_bpb=9.9225 (28ms)
  step  1750: val_bpb=2.068287
  step  2000: val_bpb=2.068408
  step  2000: train_bpb=9.3830 (28ms)
  step  2250: val_bpb=2.096681
  step  2500: val_bpb=2.071996
  step  2500: train_bpb=8.8631 (27ms)
  step  2750: val_bpb=2.019471
  step  3000: val_bpb=2.023027
  step  3000: train_bpb=8.8683 (28ms)
  step  3250: val_bpb=2.005768
  step  3500: val_bpb=2.003583
  step  3500: train_bpb=8.4559 (28ms)
  step  3750: val_bpb=2.020034
  step  4000: val_bpb=2.005254
  step  4000: train_bpb=9.0542 (28ms)
  step  4250: val_bpb=1.997769
  step  4500: val_bpb=2.026316
  step  4500: train_bpb=8.9562 (28ms)
  step  4750: val_bpb=1.994700
  step  5000: val_bpb=2.001950
  step  5000: train_bpb=8.3932 (27ms)
  step  5250: val_bpb=2.012905
  step  5500: val_bpb=2.011241
  step  5500: train_bpb=8.8119 (29ms)
  step  5750: val_bpb=1.995413
  step  6000: val_bpb=1.995969
  step  6000: train_bpb=8.8966 (28ms)
  step  6250: val_bpb=1.942342
  step  6500: val_bpb=2.011418
  step  6500: train_bpb=7.8903 (28ms)
  step  6750: val_bpb=2.009716
  step  7000: val_bpb=2.011937
  step  7000: train_bpb=8.8597 (28ms)
  step  7250: val_bpb=1.987631
  step  7500: val_bpb=1.983747
  step  7500: train_bpb=8.8542 (28ms)
  step  7750: val_bpb=1.961823
  step  8000: val_bpb=1.964722
  step  8000: train_bpb=8.0786 (28ms)
  step  8250: val_bpb=1.945917
  step  8500: val_bpb=1.952069
  step  8500: train_bpb=8.5639 (28ms)
  step  8750: val_bpb=1.965691
  step  9000: val_bpb=1.948571
  step  9000: train_bpb=7.8586 (28ms)
  step  9250: val_bpb=1.982987
  step  9500: val_bpb=1.936082
  step  9500: train_bpb=8.0860 (28ms)
  step  9750: val_bpb=1.919766
  step 10000: val_bpb=1.888372
  step 10000: train_bpb=7.9774 (28ms)
  step 10250: val_bpb=1.905481
  step 10500: val_bpb=1.913304
  step 10500: train_bpb=7.5493 (28ms)
  step 10750: val_bpb=1.919185
  step 11000: val_bpb=1.923061
  step 11000: train_bpb=7.9448 (28ms)
  step 11250: val_bpb=1.876160
  step 11500: val_bpb=1.901399
  step 11500: train_bpb=8.5567 (28ms)
  step 11750: val_bpb=1.899135
  step 12000: val_bpb=1.900203
  step 12000: train_bpb=7.8699 (28ms)
  step 12250: val_bpb=1.893951
  step 12500: val_bpb=1.884710
  step 12500: train_bpb=7.2898 (28ms)
  step 12750: val_bpb=1.867373
  step 13000: val_bpb=1.870472
  step 13000: train_bpb=7.9924 (28ms)
  step 13250: val_bpb=1.892533
  step 13500: val_bpb=1.866745
  step 13500: train_bpb=7.8459 (28ms)
  step 13750: val_bpb=1.886577
  step 14000: val_bpb=1.860713
  step 14000: train_bpb=7.8313 (28ms)
  step 14250: val_bpb=1.855075
  step 14500: val_bpb=1.865741
  step 14500: train_bpb=8.7488 (28ms)
  step 14750: val_bpb=1.825921
  step 15000: val_bpb=1.842954
  step 15000: train_bpb=7.8630 (28ms)
  step 15250: val_bpb=1.815887
  step 15500: val_bpb=1.801589
  step 15500: train_bpb=8.1098 (28ms)
  step 15750: val_bpb=1.801672
  step 16000: val_bpb=1.791502
  step 16000: train_bpb=7.6356 (28ms)
  step 16250: val_bpb=1.777390
  step 16500: val_bpb=1.793976
  step 16500: train_bpb=7.1719 (28ms)
  step 16750: val_bpb=1.766719
  step 17000: val_bpb=1.770091
  step 17000: train_bpb=7.4832 (28ms)
  step 17250: val_bpb=1.754649
  step 17500: val_bpb=1.744720
  step 17500: train_bpb=6.6640 (28ms)
  step 17750: val_bpb=1.757694
  step 18000: val_bpb=1.738424
  step 18000: train_bpb=7.5132 (28ms)
  step 18250: val_bpb=1.746414
  step 18500: val_bpb=1.755295
  step 18500: train_bpb=8.2112 (28ms)
  step 18750: val_bpb=1.732828
  step 19000: val_bpb=1.733230
  step 19000: train_bpb=8.1035 (28ms)
  step 19250: val_bpb=1.728108
  step 19500: val_bpb=1.710969
  step 19500: train_bpb=6.8612 (28ms)
  step 19750: val_bpb=1.702003
  step 20000: val_bpb=1.701261

Saved results to runs/enigma_s5_fulldata/results/H60_solo.json
Final BPB: 1.701261
