[ENIGMA] Patched adamw_step_fused with combined H71+H73
=== ENIGMA Stage 5 Production — H60_H73_H71 ===
Steps: 20000, Depth: 12, Eval every: 250
Features: ['H60', 'H71', 'H73']
Scaling the LR for the AdamW parameters ∝1/√(768/768) = 1.000000
  step     0: val_bpb=3.421167
  step     0: train_bpb=15.1858 (11189ms)
  step   250: val_bpb=2.273552
  step   500: val_bpb=2.153324
  step   500: train_bpb=9.6691 (27ms)
  step   750: val_bpb=2.143117
  step  1000: val_bpb=2.104922
  step  1000: train_bpb=9.3798 (27ms)
  step  1250: val_bpb=2.102616
  step  1500: val_bpb=2.112413
  step  1500: train_bpb=9.7431 (27ms)
  step  1750: val_bpb=2.041188
  step  2000: val_bpb=2.079735
  step  2000: train_bpb=9.4193 (27ms)
  step  2250: val_bpb=2.074049
  step  2500: val_bpb=2.079440
  step  2500: train_bpb=8.7491 (28ms)
  step  2750: val_bpb=2.016639
  step  3000: val_bpb=2.035365
  step  3000: train_bpb=8.7928 (28ms)
  step  3250: val_bpb=2.020839
  step  3500: val_bpb=1.988142
  step  3500: train_bpb=8.3651 (27ms)
  step  3750: val_bpb=2.031748
  step  4000: val_bpb=1.998825
  step  4000: train_bpb=8.9422 (27ms)
  step  4250: val_bpb=2.003501
  step  4500: val_bpb=2.023227
  step  4500: train_bpb=9.0105 (27ms)
  step  4750: val_bpb=1.996741
  step  5000: val_bpb=2.001713
  step  5000: train_bpb=8.3196 (27ms)
  step  5250: val_bpb=2.009658
  step  5500: val_bpb=2.000725
  step  5500: train_bpb=8.6114 (27ms)
  step  5750: val_bpb=1.991702
  step  6000: val_bpb=1.975764
  step  6000: train_bpb=8.9005 (28ms)
  step  6250: val_bpb=1.937417
  step  6500: val_bpb=1.978165
  step  6500: train_bpb=7.6124 (27ms)
  step  6750: val_bpb=1.949319
  step  7000: val_bpb=1.937648
  step  7000: train_bpb=8.6932 (27ms)
  step  7250: val_bpb=1.918177
  step  7500: val_bpb=1.910043
  step  7500: train_bpb=8.6063 (28ms)
  step  7750: val_bpb=1.914037
  step  8000: val_bpb=1.920283
  step  8000: train_bpb=8.1409 (28ms)
  step  8250: val_bpb=1.922258
  step  8500: val_bpb=1.928497
  step  8500: train_bpb=8.5963 (27ms)
  step  8750: val_bpb=1.932633
  step  9000: val_bpb=1.938040
  step  9000: train_bpb=7.8793 (27ms)
  step  9250: val_bpb=1.948056
  step  9500: val_bpb=1.907681
  step  9500: train_bpb=8.0196 (27ms)
  step  9750: val_bpb=1.919199
  step 10000: val_bpb=1.902290
  step 10000: train_bpb=8.0182 (27ms)
  step 10250: val_bpb=1.889374
  step 10500: val_bpb=1.916862
  step 10500: train_bpb=7.6189 (27ms)
  step 10750: val_bpb=1.907751
  step 11000: val_bpb=1.908193
  step 11000: train_bpb=7.9063 (27ms)
  step 11250: val_bpb=1.889110
  step 11500: val_bpb=1.895977
  step 11500: train_bpb=8.5839 (28ms)
  step 11750: val_bpb=1.905834
  step 12000: val_bpb=1.893313
  step 12000: train_bpb=7.8690 (28ms)
  step 12250: val_bpb=1.896635
  step 12500: val_bpb=1.866916
  step 12500: train_bpb=7.3020 (27ms)
  step 12750: val_bpb=1.858763
  step 13000: val_bpb=1.872200
  step 13000: train_bpb=7.8577 (27ms)
  step 13250: val_bpb=1.853964
  step 13500: val_bpb=1.876642
  step 13500: train_bpb=7.7517 (28ms)
  step 13750: val_bpb=1.867860
  step 14000: val_bpb=1.853992
  step 14000: train_bpb=7.7793 (27ms)
  step 14250: val_bpb=1.859626
  step 14500: val_bpb=1.841248
  step 14500: train_bpb=8.7162 (28ms)
  step 14750: val_bpb=1.793371
  step 15000: val_bpb=1.839729
  step 15000: train_bpb=7.8027 (27ms)
  step 15250: val_bpb=1.812700
  step 15500: val_bpb=1.795753
  step 15500: train_bpb=8.1087 (27ms)
  step 15750: val_bpb=1.798505
  step 16000: val_bpb=1.797356
  step 16000: train_bpb=7.5746 (27ms)
  step 16250: val_bpb=1.777201
  step 16500: val_bpb=1.799006
  step 16500: train_bpb=7.1584 (27ms)
  step 16750: val_bpb=1.768967
  step 17000: val_bpb=1.768014
  step 17000: train_bpb=7.4265 (28ms)
  step 17250: val_bpb=1.757679
  step 17500: val_bpb=1.745977
  step 17500: train_bpb=6.6105 (27ms)
  step 17750: val_bpb=1.755789
  step 18000: val_bpb=1.732762
  step 18000: train_bpb=7.4568 (27ms)
  step 18250: val_bpb=1.741889
  step 18500: val_bpb=1.741133
  step 18500: train_bpb=8.1812 (28ms)
  step 18750: val_bpb=1.721159
  step 19000: val_bpb=1.720185
  step 19000: train_bpb=8.0868 (27ms)
  step 19250: val_bpb=1.718899
  step 19500: val_bpb=1.702715
  step 19500: train_bpb=6.8315 (28ms)
  step 19750: val_bpb=1.694209
  step 20000: val_bpb=1.694595

Saved results to runs/enigma_s5_fulldata/results/H60_H73_H71.json
Final BPB: 1.694595
