[ENIGMA] Patched MuonAdamW._step_muon with faithful H64 Nesterov blend schedule
[ENIGMA] Patched adamw_step_fused with H71 beta1 warmup
=== ENIGMA Stage 5 Production — H64_H60_H71 ===
Steps: 20000, Depth: 12, Eval every: 250
Features: ['H60', 'H64', 'H71']
Scaling the LR for the AdamW parameters ∝1/√(768/768) = 1.000000
  step     0: val_bpb=3.421167
  step     0: train_bpb=15.1858 (12319ms)
  step   250: val_bpb=2.264335
  step   500: val_bpb=2.203263
  step   500: train_bpb=9.7700 (28ms)
  step   750: val_bpb=2.185618
  step  1000: val_bpb=2.109225
  step  1000: train_bpb=9.3931 (28ms)
  step  1250: val_bpb=2.103321
  step  1500: val_bpb=2.104241
  step  1500: train_bpb=9.7661 (28ms)
  step  1750: val_bpb=2.092962
  step  2000: val_bpb=2.102365
  step  2000: train_bpb=9.4985 (27ms)
  step  2250: val_bpb=2.112666
  step  2500: val_bpb=2.087773
  step  2500: train_bpb=8.7113 (27ms)
  step  2750: val_bpb=2.046633
  step  3000: val_bpb=2.038481
  step  3000: train_bpb=8.8378 (28ms)
  step  3250: val_bpb=1.995596
  step  3500: val_bpb=2.001844
  step  3500: train_bpb=8.4281 (28ms)
  step  3750: val_bpb=2.014234
  step  4000: val_bpb=2.010706
  step  4000: train_bpb=8.9940 (28ms)
  step  4250: val_bpb=2.000497
  step  4500: val_bpb=2.051626
  step  4500: train_bpb=8.9678 (27ms)
  step  4750: val_bpb=2.041772
  step  5000: val_bpb=2.026584
  step  5000: train_bpb=8.4448 (27ms)
  step  5250: val_bpb=2.029640
  step  5500: val_bpb=2.024231
  step  5500: train_bpb=9.0386 (27ms)
  step  5750: val_bpb=2.080281
  step  6000: val_bpb=2.012692
  step  6000: train_bpb=9.0204 (28ms)
  step  6250: val_bpb=1.972750
  step  6500: val_bpb=2.009531
  step  6500: train_bpb=7.7002 (28ms)
  step  6750: val_bpb=1.964793
  step  7000: val_bpb=1.984374
  step  7000: train_bpb=8.7413 (27ms)
  step  7250: val_bpb=1.960479
  step  7500: val_bpb=1.964675
  step  7500: train_bpb=8.7706 (27ms)
  step  7750: val_bpb=1.923776
  step  8000: val_bpb=1.959494
  step  8000: train_bpb=8.1847 (28ms)
  step  8250: val_bpb=1.937857
  step  8500: val_bpb=1.933497
  step  8500: train_bpb=8.5368 (28ms)
  step  8750: val_bpb=1.924545
  step  9000: val_bpb=1.952335
  step  9000: train_bpb=7.8178 (27ms)
  step  9250: val_bpb=1.959284
  step  9500: val_bpb=1.915760
  step  9500: train_bpb=7.9967 (28ms)
  step  9750: val_bpb=1.926733
  step 10000: val_bpb=1.908250
  step 10000: train_bpb=7.9305 (27ms)
  step 10250: val_bpb=1.920309
  step 10500: val_bpb=1.921141
  step 10500: train_bpb=7.5771 (27ms)
  step 10750: val_bpb=1.922377
  step 11000: val_bpb=1.936264
  step 11000: train_bpb=7.9953 (28ms)
  step 11250: val_bpb=1.885228
  step 11500: val_bpb=1.916426
  step 11500: train_bpb=8.6269 (28ms)
  step 11750: val_bpb=1.914522
  step 12000: val_bpb=1.897076
  step 12000: train_bpb=7.8761 (27ms)
  step 12250: val_bpb=1.880628
  step 12500: val_bpb=1.870479
  step 12500: train_bpb=7.2603 (28ms)
  step 12750: val_bpb=1.862077
  step 13000: val_bpb=1.858846
  step 13000: train_bpb=7.8417 (28ms)
  step 13250: val_bpb=1.875494
  step 13500: val_bpb=1.860009
  step 13500: train_bpb=7.8088 (28ms)
  step 13750: val_bpb=1.862580
  step 14000: val_bpb=1.850784
  step 14000: train_bpb=7.8821 (27ms)
  step 14250: val_bpb=1.852081
  step 14500: val_bpb=1.861265
  step 14500: train_bpb=8.6687 (28ms)
  step 14750: val_bpb=1.807477
  step 15000: val_bpb=1.824894
  step 15000: train_bpb=7.8806 (28ms)
  step 15250: val_bpb=1.801469
  step 15500: val_bpb=1.806156
  step 15500: train_bpb=8.1200 (27ms)
  step 15750: val_bpb=1.807057
  step 16000: val_bpb=1.796453
  step 16000: train_bpb=7.6549 (27ms)
  step 16250: val_bpb=1.771104
  step 16500: val_bpb=1.791417
  step 16500: train_bpb=7.1136 (28ms)
  step 16750: val_bpb=1.754072
  step 17000: val_bpb=1.772104
  step 17000: train_bpb=7.4344 (27ms)
  step 17250: val_bpb=1.755722
  step 17500: val_bpb=1.748934
  step 17500: train_bpb=6.6147 (27ms)
  step 17750: val_bpb=1.762619
  step 18000: val_bpb=1.737863
  step 18000: train_bpb=7.4564 (28ms)
  step 18250: val_bpb=1.736945
  step 18500: val_bpb=1.741546
  step 18500: train_bpb=8.1179 (28ms)
  step 18750: val_bpb=1.722267
  step 19000: val_bpb=1.723220
  step 19000: train_bpb=8.0258 (28ms)
  step 19250: val_bpb=1.719041
  step 19500: val_bpb=1.701381
  step 19500: train_bpb=6.8586 (27ms)
  step 19750: val_bpb=1.690121
  step 20000: val_bpb=1.689920

Saved results to runs/enigma_s5_fulldata/results/H64_H60_H71.json
Final BPB: 1.689920
