[ENIGMA] Patched MuonAdamW._step_muon with faithful H64 Nesterov blend schedule
[ENIGMA] Patched adamw_step_fused with H73 eps schedule
=== ENIGMA Stage 5 Production — H64_H60_H73 ===
Steps: 20000, Depth: 12, Eval every: 250
Features: ['H60', 'H64', 'H73']
Scaling the LR for the AdamW parameters ∝1/√(768/768) = 1.000000
  step     0: val_bpb=3.421167
  step     0: train_bpb=15.1858 (11880ms)
  step   250: val_bpb=2.273555
  step   500: val_bpb=2.151239
  step   500: train_bpb=9.5361 (28ms)
  step   750: val_bpb=2.137596
  step  1000: val_bpb=2.081771
  step  1000: train_bpb=9.3096 (28ms)
  step  1250: val_bpb=2.085699
  step  1500: val_bpb=2.093840
  step  1500: train_bpb=9.7903 (28ms)
  step  1750: val_bpb=2.073558
  step  2000: val_bpb=2.112132
  step  2000: train_bpb=9.4607 (28ms)
  step  2250: val_bpb=2.117522
  step  2500: val_bpb=2.067710
  step  2500: train_bpb=8.7149 (28ms)
  step  2750: val_bpb=2.058706
  step  3000: val_bpb=2.044342
  step  3000: train_bpb=8.8389 (28ms)
  step  3250: val_bpb=2.009234
  step  3500: val_bpb=2.001408
  step  3500: train_bpb=8.4213 (28ms)
  step  3750: val_bpb=2.023398
  step  4000: val_bpb=2.005863
  step  4000: train_bpb=8.9429 (28ms)
  step  4250: val_bpb=2.006070
  step  4500: val_bpb=2.025786
  step  4500: train_bpb=8.9872 (28ms)
  step  4750: val_bpb=2.020928
  step  5000: val_bpb=2.007223
  step  5000: train_bpb=8.4442 (28ms)
  step  5250: val_bpb=2.054513
  step  5500: val_bpb=2.014797
  step  5500: train_bpb=8.8247 (28ms)
  step  5750: val_bpb=2.010218
  step  6000: val_bpb=1.983740
  step  6000: train_bpb=8.8231 (28ms)
  step  6250: val_bpb=1.951312
  step  6500: val_bpb=1.968798
  step  6500: train_bpb=7.6238 (28ms)
  step  6750: val_bpb=1.962762
  step  7000: val_bpb=1.933381
  step  7000: train_bpb=8.8424 (28ms)
  step  7250: val_bpb=1.939378
  step  7500: val_bpb=1.944127
  step  7500: train_bpb=8.7312 (28ms)
  step  7750: val_bpb=1.940336
  step  8000: val_bpb=1.946098
  step  8000: train_bpb=8.0149 (28ms)
  step  8250: val_bpb=1.945620
  step  8500: val_bpb=1.937839
  step  8500: train_bpb=8.6644 (28ms)
  step  8750: val_bpb=1.981924
  step  9000: val_bpb=2.011341
  step  9000: train_bpb=7.8869 (28ms)
  step  9250: val_bpb=1.982335
  step  9500: val_bpb=1.932453
  step  9500: train_bpb=8.0391 (28ms)
  step  9750: val_bpb=1.951774
  step 10000: val_bpb=1.931018
  step 10000: train_bpb=8.0252 (28ms)
  step 10250: val_bpb=1.923237
  step 10500: val_bpb=1.936650
  step 10500: train_bpb=7.6028 (28ms)
  step 10750: val_bpb=1.922741
  step 11000: val_bpb=1.926165
  step 11000: train_bpb=8.0321 (28ms)
  step 11250: val_bpb=1.898727
  step 11500: val_bpb=1.949538
  step 11500: train_bpb=8.7988 (28ms)
  step 11750: val_bpb=1.927569
  step 12000: val_bpb=1.918842
  step 12000: train_bpb=7.8802 (28ms)
  step 12250: val_bpb=1.871671
  step 12500: val_bpb=1.880759
  step 12500: train_bpb=7.3073 (28ms)
  step 12750: val_bpb=1.850211
  step 13000: val_bpb=1.874746
  step 13000: train_bpb=7.8337 (28ms)
  step 13250: val_bpb=1.893838
  step 13500: val_bpb=1.878337
  step 13500: train_bpb=7.8080 (28ms)
  step 13750: val_bpb=1.910870
  step 14000: val_bpb=1.875119
  step 14000: train_bpb=7.8822 (28ms)
  step 14250: val_bpb=1.864800
  step 14500: val_bpb=1.867365
  step 14500: train_bpb=8.6702 (28ms)
  step 14750: val_bpb=1.819119
  step 15000: val_bpb=1.838246
  step 15000: train_bpb=7.8133 (28ms)
  step 15250: val_bpb=1.804310
  step 15500: val_bpb=1.796345
  step 15500: train_bpb=8.1131 (28ms)
  step 15750: val_bpb=1.789923
  step 16000: val_bpb=1.807119
  step 16000: train_bpb=7.5942 (28ms)
  step 16250: val_bpb=1.784475
  step 16500: val_bpb=1.785161
  step 16500: train_bpb=7.1376 (28ms)
  step 16750: val_bpb=1.764633
  step 17000: val_bpb=1.766834
  step 17000: train_bpb=7.4426 (29ms)
  step 17250: val_bpb=1.749434
  step 17500: val_bpb=1.750612
  step 17500: train_bpb=6.6829 (28ms)
  step 17750: val_bpb=1.768914
  step 18000: val_bpb=1.733056
  step 18000: train_bpb=7.4396 (28ms)
  step 18250: val_bpb=1.740972
  step 18500: val_bpb=1.738687
  step 18500: train_bpb=8.0718 (28ms)
  step 18750: val_bpb=1.718155
  step 19000: val_bpb=1.713090
  step 19000: train_bpb=8.0123 (28ms)
  step 19250: val_bpb=1.713065
  step 19500: val_bpb=1.698249
  step 19500: train_bpb=6.7622 (28ms)
  step 19750: val_bpb=1.690728
  step 20000: val_bpb=1.690707

Saved results to runs/enigma_s5_fulldata/results/H64_H60_H73.json
Final BPB: 1.690707
