[ENIGMA] Patched MuonAdamW._step_muon with faithful H64 Nesterov blend schedule
[ENIGMA] Patched adamw_step_fused with combined H71+H73
=== ENIGMA Stage 5 Production — H64_H60_H73_H71 ===
Steps: 20000, Depth: 12, Eval every: 250
Features: ['H60', 'H64', 'H71', 'H73']
Scaling the LR for the AdamW parameters ∝1/√(768/768) = 1.000000
  step     0: val_bpb=3.421167
  step     0: train_bpb=15.1858 (13318ms)
  step   250: val_bpb=2.262507
  step   500: val_bpb=2.145984
  step   500: train_bpb=9.5499 (28ms)
  step   750: val_bpb=2.173652
  step  1000: val_bpb=2.124590
  step  1000: train_bpb=9.4405 (28ms)
  step  1250: val_bpb=2.117027
  step  1500: val_bpb=2.137131
  step  1500: train_bpb=9.9227 (28ms)
  step  1750: val_bpb=2.061334
  step  2000: val_bpb=2.054734
  step  2000: train_bpb=9.4537 (30ms)
  step  2250: val_bpb=2.112840
  step  2500: val_bpb=2.071124
  step  2500: train_bpb=8.7618 (29ms)
  step  2750: val_bpb=2.040269
  step  3000: val_bpb=2.029483
  step  3000: train_bpb=8.8755 (29ms)
  step  3250: val_bpb=2.015033
  step  3500: val_bpb=1.975733
  step  3500: train_bpb=8.4072 (29ms)
  step  3750: val_bpb=1.994918
  step  4000: val_bpb=1.988370
  step  4000: train_bpb=8.9777 (29ms)
  step  4250: val_bpb=1.996116
  step  4500: val_bpb=2.023660
  step  4500: train_bpb=8.9422 (30ms)
  step  4750: val_bpb=1.998143
  step  5000: val_bpb=1.994786
  step  5000: train_bpb=8.6681 (30ms)
  step  5250: val_bpb=2.003389
  step  5500: val_bpb=2.021288
  step  5500: train_bpb=8.8539 (29ms)
  step  5750: val_bpb=2.008919
  step  6000: val_bpb=1.991666
  step  6000: train_bpb=8.5990 (31ms)
  step  6250: val_bpb=1.963622
  step  6500: val_bpb=1.987068
  step  6500: train_bpb=7.7321 (29ms)
  step  6750: val_bpb=1.966501
  step  7000: val_bpb=1.964418
  step  7000: train_bpb=8.7414 (29ms)
  step  7250: val_bpb=1.949446
  step  7500: val_bpb=1.927964
  step  7500: train_bpb=8.5102 (29ms)
  step  7750: val_bpb=1.931073
  step  8000: val_bpb=1.939621
  step  8000: train_bpb=8.0072 (28ms)
  step  8250: val_bpb=1.937013
  step  8500: val_bpb=1.952218
  step  8500: train_bpb=8.5512 (30ms)
  step  8750: val_bpb=1.954054
  step  9000: val_bpb=1.948442
  step  9000: train_bpb=7.8927 (29ms)
  step  9250: val_bpb=1.957785
  step  9500: val_bpb=1.938314
  step  9500: train_bpb=7.9775 (28ms)
  step  9750: val_bpb=1.946334
  step 10000: val_bpb=1.928899
  step 10000: train_bpb=7.9083 (29ms)
  step 10250: val_bpb=1.946885
  step 10500: val_bpb=1.932779
  step 10500: train_bpb=7.6074 (29ms)
  step 10750: val_bpb=1.934453
  step 11000: val_bpb=1.939093
  step 11000: train_bpb=8.0328 (28ms)
  step 11250: val_bpb=1.939473
  step 11500: val_bpb=1.953220
  step 11500: train_bpb=8.8536 (29ms)
  step 11750: val_bpb=1.937845
  step 12000: val_bpb=1.937552
  step 12000: train_bpb=8.0177 (29ms)
  step 12250: val_bpb=1.929557
  step 12500: val_bpb=1.914301
  step 12500: train_bpb=7.3831 (29ms)
  step 12750: val_bpb=1.904151
  step 13000: val_bpb=1.919735
  step 13000: train_bpb=8.0088 (30ms)
  step 13250: val_bpb=1.914292
  step 13500: val_bpb=1.910987
  step 13500: train_bpb=7.8730 (29ms)
  step 13750: val_bpb=1.916407
  step 14000: val_bpb=1.916273
  step 14000: train_bpb=8.0598 (28ms)
  step 14250: val_bpb=1.900434
  step 14500: val_bpb=1.893060
  step 14500: train_bpb=8.7238 (29ms)
  step 14750: val_bpb=1.876495
  step 15000: val_bpb=1.899062
  step 15000: train_bpb=8.2986 (28ms)
  step 15250: val_bpb=1.881473
  step 15500: val_bpb=1.872310
  step 15500: train_bpb=8.2174 (30ms)
  step 15750: val_bpb=1.859184
  step 16000: val_bpb=1.852988
  step 16000: train_bpb=8.0761 (29ms)
  step 16250: val_bpb=1.848853
  step 16500: val_bpb=1.841586
  step 16500: train_bpb=7.3007 (31ms)
  step 16750: val_bpb=1.832725
  step 17000: val_bpb=1.827533
  step 17000: train_bpb=7.4686 (30ms)
  step 17250: val_bpb=1.811423
  step 17500: val_bpb=1.815942
  step 17500: train_bpb=6.8253 (29ms)
  step 17750: val_bpb=1.821614
  step 18000: val_bpb=1.813822
  step 18000: train_bpb=7.7773 (28ms)
  step 18250: val_bpb=1.822366
  step 18500: val_bpb=1.819827
  step 18500: train_bpb=8.3200 (30ms)
  step 18750: val_bpb=1.799179
  step 19000: val_bpb=1.795426
  step 19000: train_bpb=8.2402 (29ms)
  step 19250: val_bpb=1.795509
  step 19500: val_bpb=1.780880
  step 19500: train_bpb=6.8377 (29ms)
  step 19750: val_bpb=1.770623
  step 20000: val_bpb=1.768903

Saved results to runs/enigma_s5_fulldata/results/H64_H60_H73_H71.json
Final BPB: 1.768903
