[ENIGMA] Patched adamw_step_fused with H73 eps schedule
=== ENIGMA Stage 5 Production — H73 ===
Steps: 20000, Depth: 12, Eval every: 250
Features: ['H73']
Scaling the LR for the AdamW parameters ∝1/√(768/768) = 1.000000
  step     0: val_bpb=3.421167
  step     0: train_bpb=15.1858 (11161ms)
  step   250: val_bpb=2.278310
  step   500: val_bpb=2.156150
  step   500: train_bpb=9.5904 (27ms)
  step   750: val_bpb=2.134687
  step  1000: val_bpb=2.075522
  step  1000: train_bpb=9.2769 (27ms)
  step  1250: val_bpb=2.082026
  step  1500: val_bpb=2.118884
  step  1500: train_bpb=9.6870 (27ms)
  step  1750: val_bpb=2.042562
  step  2000: val_bpb=2.111936
  step  2000: train_bpb=9.4427 (28ms)
  step  2250: val_bpb=2.095876
  step  2500: val_bpb=2.130456
  step  2500: train_bpb=8.9222 (28ms)
  step  2750: val_bpb=2.039605
  step  3000: val_bpb=2.044668
  step  3000: train_bpb=8.8689 (28ms)
  step  3250: val_bpb=2.022867
  step  3500: val_bpb=1.999488
  step  3500: train_bpb=8.3686 (28ms)
  step  3750: val_bpb=2.018793
  step  4000: val_bpb=1.997213
  step  4000: train_bpb=8.9794 (28ms)
  step  4250: val_bpb=1.993683
  step  4500: val_bpb=2.019607
  step  4500: train_bpb=8.8335 (28ms)
  step  4750: val_bpb=2.006554
  step  5000: val_bpb=1.990980
  step  5000: train_bpb=8.3527 (28ms)
  step  5250: val_bpb=2.006731
  step  5500: val_bpb=2.005180
  step  5500: train_bpb=8.8149 (28ms)
  step  5750: val_bpb=1.992193
  step  6000: val_bpb=1.982132
  step  6000: train_bpb=8.6406 (28ms)
  step  6250: val_bpb=1.941847
  step  6500: val_bpb=1.990367
  step  6500: train_bpb=7.6805 (28ms)
  step  6750: val_bpb=1.969751
  step  7000: val_bpb=1.948973
  step  7000: train_bpb=8.6887 (28ms)
  step  7250: val_bpb=1.938859
  step  7500: val_bpb=1.924557
  step  7500: train_bpb=8.5080 (28ms)
  step  7750: val_bpb=1.931593
  step  8000: val_bpb=1.936134
  step  8000: train_bpb=7.9804 (28ms)
  step  8250: val_bpb=1.924191
  step  8500: val_bpb=1.938061
  step  8500: train_bpb=8.4904 (28ms)
  step  8750: val_bpb=1.948234
  step  9000: val_bpb=1.942704
  step  9000: train_bpb=7.8525 (28ms)
  step  9250: val_bpb=1.945043
  step  9500: val_bpb=1.913760
  step  9500: train_bpb=7.9986 (28ms)
  step  9750: val_bpb=1.930098
  step 10000: val_bpb=1.894110
  step 10000: train_bpb=7.8593 (28ms)
  step 10250: val_bpb=1.907840
  step 10500: val_bpb=1.922684
  step 10500: train_bpb=7.5475 (28ms)
  step 10750: val_bpb=1.920600
  step 11000: val_bpb=1.908299
  step 11000: train_bpb=7.9521 (28ms)
  step 11250: val_bpb=1.888282
  step 11500: val_bpb=1.908456
  step 11500: train_bpb=8.7312 (28ms)
  step 11750: val_bpb=1.910451
  step 12000: val_bpb=1.894871
  step 12000: train_bpb=7.9087 (28ms)
  step 12250: val_bpb=1.881925
  step 12500: val_bpb=1.855203
  step 12500: train_bpb=7.3133 (28ms)
  step 12750: val_bpb=1.867048
  step 13000: val_bpb=1.860197
  step 13000: train_bpb=7.8313 (28ms)
  step 13250: val_bpb=1.861376
  step 13500: val_bpb=1.853919
  step 13500: train_bpb=7.8030 (29ms)
  step 13750: val_bpb=1.863903
  step 14000: val_bpb=1.834531
  step 14000: train_bpb=7.8560 (28ms)
  step 14250: val_bpb=1.820952
  step 14500: val_bpb=1.830251
  step 14500: train_bpb=8.5484 (28ms)
  step 14750: val_bpb=1.791128
  step 15000: val_bpb=1.818364
  step 15000: train_bpb=7.8968 (28ms)
  step 15250: val_bpb=1.772786
  step 15500: val_bpb=1.774040
  step 15500: train_bpb=8.0708 (28ms)
  step 15750: val_bpb=1.771806
  step 16000: val_bpb=1.777203
  step 16000: train_bpb=7.3838 (28ms)
  step 16250: val_bpb=1.749719
  step 16500: val_bpb=1.771563
  step 16500: train_bpb=7.1062 (28ms)
  step 16750: val_bpb=1.745801
  step 17000: val_bpb=1.742976
  step 17000: train_bpb=7.3986 (28ms)
  step 17250: val_bpb=1.720995
  step 17500: val_bpb=1.698328
  step 17500: train_bpb=6.5144 (28ms)
  step 17750: val_bpb=1.722674
  step 18000: val_bpb=1.696842
  step 18000: train_bpb=7.3813 (28ms)
  step 18250: val_bpb=1.712316
  step 18500: val_bpb=1.695620
  step 18500: train_bpb=8.0138 (29ms)
  step 18750: val_bpb=1.680564
  step 19000: val_bpb=1.672005
  step 19000: train_bpb=7.7507 (28ms)
  step 19250: val_bpb=1.664221
  step 19500: val_bpb=1.641427
  step 19500: train_bpb=6.6392 (28ms)
  step 19750: val_bpb=1.629966
  step 20000: val_bpb=1.628890

Saved results to runs/enigma_s5_fulldata/results/H73_solo.json
Final BPB: 1.628890
