=== ENIGMA Stage 5 Production — none ===
Steps: 20000, Depth: 12, Eval every: 250
Features: []
Scaling the LR for the AdamW parameters ∝1/√(768/768) = 1.000000
  step     0: val_bpb=3.421167
  step     0: train_bpb=15.1858 (13235ms)
  step   250: val_bpb=2.321265
  step   500: val_bpb=2.163604
  step   500: train_bpb=9.6349 (29ms)
  step   750: val_bpb=2.148031
  step  1000: val_bpb=2.115332
  step  1000: train_bpb=9.4708 (28ms)
  step  1250: val_bpb=2.112039
  step  1500: val_bpb=2.107407
  step  1500: train_bpb=9.9413 (30ms)
  step  1750: val_bpb=2.067558
  step  2000: val_bpb=2.058898
  step  2000: train_bpb=9.3586 (27ms)
  step  2250: val_bpb=2.074000
  step  2500: val_bpb=2.064692
  step  2500: train_bpb=8.8477 (28ms)
  step  2750: val_bpb=2.032008
  step  3000: val_bpb=2.037536
  step  3000: train_bpb=8.8772 (29ms)
  step  3250: val_bpb=2.020971
  step  3500: val_bpb=2.000226
  step  3500: train_bpb=8.5264 (28ms)
  step  3750: val_bpb=2.029430
  step  4000: val_bpb=2.017517
  step  4000: train_bpb=9.0643 (30ms)
  step  4250: val_bpb=2.024995
  step  4500: val_bpb=2.050637
  step  4500: train_bpb=9.0314 (30ms)
  step  4750: val_bpb=2.031555
  step  5000: val_bpb=2.014836
  step  5000: train_bpb=8.4000 (30ms)
  step  5250: val_bpb=2.023523
  step  5500: val_bpb=2.011741
  step  5500: train_bpb=8.9705 (28ms)
  step  5750: val_bpb=1.998871
  step  6000: val_bpb=1.981728
  step  6000: train_bpb=8.8745 (29ms)
  step  6250: val_bpb=1.951396
  step  6500: val_bpb=1.993998
  step  6500: train_bpb=7.7274 (28ms)
  step  6750: val_bpb=1.950743
  step  7000: val_bpb=1.947346
  step  7000: train_bpb=8.7084 (28ms)
  step  7250: val_bpb=1.943230
  step  7500: val_bpb=1.935591
  step  7500: train_bpb=8.5746 (30ms)
  step  7750: val_bpb=1.934245
  step  8000: val_bpb=1.939010
  step  8000: train_bpb=8.1713 (29ms)
  step  8250: val_bpb=1.935258
  step  8500: val_bpb=1.941378
  step  8500: train_bpb=8.6580 (30ms)
  step  8750: val_bpb=1.957117
  step  9000: val_bpb=1.961989
  step  9000: train_bpb=7.8349 (29ms)
  step  9250: val_bpb=1.966046
  step  9500: val_bpb=1.937577
  step  9500: train_bpb=8.0130 (29ms)
  step  9750: val_bpb=1.929885
  step 10000: val_bpb=1.920885
  step 10000: train_bpb=7.9126 (30ms)
  step 10250: val_bpb=1.908963
  step 10500: val_bpb=1.932673
  step 10500: train_bpb=7.6401 (28ms)
  step 10750: val_bpb=1.924349
  step 11000: val_bpb=1.934257
  step 11000: train_bpb=8.0536 (29ms)
  step 11250: val_bpb=1.902700
  step 11500: val_bpb=1.921711
  step 11500: train_bpb=8.5251 (29ms)
  step 11750: val_bpb=1.924113
  step 12000: val_bpb=1.906360
  step 12000: train_bpb=7.9094 (29ms)
  step 12250: val_bpb=1.911706
  step 12500: val_bpb=1.884136
  step 12500: train_bpb=7.3978 (30ms)
  step 12750: val_bpb=1.856687
  step 13000: val_bpb=1.885133
  step 13000: train_bpb=7.8942 (28ms)
  step 13250: val_bpb=1.884155
  step 13500: val_bpb=1.867978
  step 13500: train_bpb=7.8140 (29ms)
  step 13750: val_bpb=1.874717
  step 14000: val_bpb=1.865708
  step 14000: train_bpb=7.7611 (28ms)
  step 14250: val_bpb=1.856628
  step 14500: val_bpb=1.862691
  step 14500: train_bpb=8.7338 (28ms)
  step 14750: val_bpb=1.822498
  step 15000: val_bpb=1.847623
  step 15000: train_bpb=7.9229 (28ms)
  step 15250: val_bpb=1.808322
  step 15500: val_bpb=1.807746
  step 15500: train_bpb=8.1405 (28ms)
  step 15750: val_bpb=1.804925
  step 16000: val_bpb=1.799940
  step 16000: train_bpb=7.5843 (28ms)
  step 16250: val_bpb=1.786807
  step 16500: val_bpb=1.809601
  step 16500: train_bpb=7.1681 (28ms)
  step 16750: val_bpb=1.780480
  step 17000: val_bpb=1.797488
  step 17000: train_bpb=7.4090 (29ms)
  step 17250: val_bpb=1.778349
  step 17500: val_bpb=1.767844
  step 17500: train_bpb=6.6996 (29ms)
  step 17750: val_bpb=1.773973
  step 18000: val_bpb=1.748347
  step 18000: train_bpb=7.5259 (28ms)
  step 18250: val_bpb=1.762707
  step 18500: val_bpb=1.763727
  step 18500: train_bpb=8.1858 (28ms)
  step 18750: val_bpb=1.739478
  step 19000: val_bpb=1.742739
  step 19000: train_bpb=8.0870 (28ms)
  step 19250: val_bpb=1.745386
  step 19500: val_bpb=1.730013
  step 19500: train_bpb=6.8636 (29ms)
  step 19750: val_bpb=1.720111
  step 20000: val_bpb=1.720627

Saved results to runs/enigma_s5_fulldata/results/none.json
Final BPB: 1.720627
