=== ENIGMA Stage 5 — 20k Follow-up: none ===
Host: us-west-a2-gpu-013
GPU: NVIDIA B200, 183359 MiB
Steps: 20000, Depth: 12
=== ENIGMA Stage 5 — none ===
Steps: 20000, Depth: 12, Eval every: 250
Features: []
Scaling the LR for the AdamW parameters ∝1/√(768/768) = 1.000000
  step     0: val_bpb=3.013478
  step     0: train_bpb=15.3235 (189ms)
  step   250: val_bpb=1.965135
  step   500: val_bpb=1.911729
  step   500: train_bpb=9.4933 (28ms)
  step   750: val_bpb=1.904853
  step  1000: val_bpb=1.841802
  step  1000: train_bpb=9.5966 (28ms)
  step  1250: val_bpb=1.852058
  step  1500: val_bpb=1.808888
  step  1500: train_bpb=9.0277 (28ms)
  step  1750: val_bpb=1.748904
  step  2000: val_bpb=1.749741
  step  2000: train_bpb=9.2150 (28ms)
  step  2250: val_bpb=1.750517
  step  2500: val_bpb=1.735231
  step  2500: train_bpb=8.6692 (28ms)
  step  2750: val_bpb=1.730437
  step  3000: val_bpb=1.703339
  step  3000: train_bpb=8.6737 (28ms)
  step  3250: val_bpb=1.698899
  step  3500: val_bpb=1.680425
  step  3500: train_bpb=8.5643 (28ms)
  step  3750: val_bpb=1.682255
  step  4000: val_bpb=1.666611
  step  4000: train_bpb=8.2109 (28ms)
  step  4250: val_bpb=1.692729
  step  4500: val_bpb=1.705072
  step  4500: train_bpb=8.5039 (28ms)
  step  4750: val_bpb=1.688645
  step  5000: val_bpb=1.678841
  step  5000: train_bpb=8.6138 (28ms)
  step  5250: val_bpb=1.684344
  step  5500: val_bpb=1.682952
  step  5500: train_bpb=8.7441 (28ms)
  step  5750: val_bpb=1.679678
  step  6000: val_bpb=1.674923
  step  6000: train_bpb=8.6736 (28ms)
  step  6250: val_bpb=1.684709
  step  6500: val_bpb=1.674279
  step  6500: train_bpb=8.1692 (28ms)
  step  6750: val_bpb=1.672747
  step  7000: val_bpb=1.650808
  step  7000: train_bpb=8.8711 (28ms)
  step  7250: val_bpb=1.647439
  step  7500: val_bpb=1.680208
  step  7500: train_bpb=8.9860 (28ms)
  step  7750: val_bpb=1.669985
  step  8000: val_bpb=1.670374
  step  8000: train_bpb=8.1173 (28ms)
  step  8250: val_bpb=1.642608
  step  8500: val_bpb=1.659231
  step  8500: train_bpb=8.8124 (28ms)
  step  8750: val_bpb=1.664190
  step  9000: val_bpb=1.644529
  step  9000: train_bpb=8.4067 (28ms)
  step  9250: val_bpb=1.646117
  step  9500: val_bpb=1.654552
  step  9500: train_bpb=8.6431 (28ms)
  step  9750: val_bpb=1.662768
  step 10000: val_bpb=1.662976
  step 10000: train_bpb=8.7648 (28ms)
  step 10250: val_bpb=1.653768
  step 10500: val_bpb=1.641266
  step 10500: train_bpb=7.5795 (27ms)
  step 10750: val_bpb=1.626582
  step 11000: val_bpb=1.628880
  step 11000: train_bpb=7.7925 (27ms)
  step 11250: val_bpb=1.636125
  step 11500: val_bpb=1.625550
  step 11500: train_bpb=9.0952 (28ms)
  step 11750: val_bpb=1.618602
  step 12000: val_bpb=1.621685
  step 12000: train_bpb=8.3195 (28ms)
  step 12250: val_bpb=1.612873
  step 12500: val_bpb=1.613993
  step 12500: train_bpb=7.4330 (28ms)
  step 12750: val_bpb=1.604390
  step 13000: val_bpb=1.597465
  step 13000: train_bpb=7.6417 (28ms)
  step 13250: val_bpb=1.598452
  step 13500: val_bpb=1.589271
  step 13500: train_bpb=8.2315 (28ms)
  step 13750: val_bpb=1.600872
  step 14000: val_bpb=1.581866
  step 14000: train_bpb=8.3465 (28ms)
  step 14250: val_bpb=1.572084
  step 14500: val_bpb=1.558605
  step 14500: train_bpb=8.2036 (28ms)
  step 14750: val_bpb=1.561104
  step 15000: val_bpb=1.559737
  step 15000: train_bpb=8.0937 (28ms)
  step 15250: val_bpb=1.549458
  step 15500: val_bpb=1.549165
  step 15500: train_bpb=7.7808 (28ms)
  step 15750: val_bpb=1.555905
  step 16000: val_bpb=1.551249
  step 16000: train_bpb=8.2145 (28ms)
  step 16250: val_bpb=1.563614
  step 16500: val_bpb=1.551981
  step 16500: train_bpb=7.7695 (28ms)
  step 16750: val_bpb=1.530351
  step 17000: val_bpb=1.512625
  step 17000: train_bpb=8.5006 (28ms)
  step 17250: val_bpb=1.527589
  step 17500: val_bpb=1.504664
  step 17500: train_bpb=7.2728 (28ms)
  step 17750: val_bpb=1.509751
  step 18000: val_bpb=1.509086
  step 18000: train_bpb=6.8803 (28ms)
  step 18250: val_bpb=1.503628
  step 18500: val_bpb=1.496621
  step 18500: train_bpb=7.9517 (28ms)
  step 18750: val_bpb=1.486195
  step 19000: val_bpb=1.487530
  step 19000: train_bpb=8.0422 (28ms)
  step 19250: val_bpb=1.474384
  step 19500: val_bpb=1.468945
  step 19500: train_bpb=6.7211 (28ms)
  step 19750: val_bpb=1.459182
  step 20000: val_bpb=1.456351

Saved results to /mnt/sharefs/user54/nanoe/runs/enigma_s5_20k_h60/results/none_20k_real.json
Final BPB: 1.456351
