=== ENIGMA Stage 5 — 20k Follow-up: H60_solo ===
Host: us-west-a2-gpu-013
GPU: NVIDIA B200, 183359 MiB
Steps: 20000, Depth: 12
=== ENIGMA Stage 5 — H60_solo ===
Steps: 20000, Depth: 12, Eval every: 250
Features: ['H60']
Scaling the LR for the AdamW parameters ∝1/√(768/768) = 1.000000
  step     0: val_bpb=3.013478
  step     0: train_bpb=15.3235 (187ms)
  step   250: val_bpb=1.975223
  step   500: val_bpb=1.918640
  step   500: train_bpb=9.5247 (28ms)
  step   750: val_bpb=1.896296
  step  1000: val_bpb=1.873243
  step  1000: train_bpb=9.8575 (28ms)
  step  1250: val_bpb=1.847564
  step  1500: val_bpb=1.851254
  step  1500: train_bpb=9.1310 (28ms)
  step  1750: val_bpb=1.767573
  step  2000: val_bpb=1.794437
  step  2000: train_bpb=9.2212 (28ms)
  step  2250: val_bpb=1.779940
  step  2500: val_bpb=1.759806
  step  2500: train_bpb=8.8271 (28ms)
  step  2750: val_bpb=1.769120
  step  3000: val_bpb=1.757616
  step  3000: train_bpb=8.6630 (28ms)
  step  3250: val_bpb=1.733833
  step  3500: val_bpb=1.734548
  step  3500: train_bpb=8.8891 (28ms)
  step  3750: val_bpb=1.739119
  step  4000: val_bpb=1.718162
  step  4000: train_bpb=8.3994 (28ms)
  step  4250: val_bpb=1.719506
  step  4500: val_bpb=1.728864
  step  4500: train_bpb=8.5322 (28ms)
  step  4750: val_bpb=1.788854
  step  5000: val_bpb=1.742318
  step  5000: train_bpb=8.6491 (28ms)
  step  5250: val_bpb=1.723665
  step  5500: val_bpb=1.716464
  step  5500: train_bpb=8.5723 (28ms)
  step  5750: val_bpb=1.705000
  step  6000: val_bpb=1.696494
  step  6000: train_bpb=8.8567 (28ms)
  step  6250: val_bpb=1.697065
  step  6500: val_bpb=1.678119
  step  6500: train_bpb=8.2784 (28ms)
  step  6750: val_bpb=1.669248
  step  7000: val_bpb=1.672474
  step  7000: train_bpb=8.9199 (28ms)
  step  7250: val_bpb=1.688479
  step  7500: val_bpb=1.681399
  step  7500: train_bpb=8.9376 (28ms)
  step  7750: val_bpb=1.677036
  step  8000: val_bpb=1.655404
  step  8000: train_bpb=7.9424 (28ms)
  step  8250: val_bpb=1.637576
  step  8500: val_bpb=1.652360
  step  8500: train_bpb=8.7792 (28ms)
  step  8750: val_bpb=1.643730
  step  9000: val_bpb=1.648549
  step  9000: train_bpb=8.4455 (28ms)
  step  9250: val_bpb=1.624477
  step  9500: val_bpb=1.665713
  step  9500: train_bpb=8.5416 (28ms)
  step  9750: val_bpb=1.659403
  step 10000: val_bpb=1.672837
  step 10000: train_bpb=8.6970 (28ms)
  step 10250: val_bpb=1.658469
  step 10500: val_bpb=1.639008
  step 10500: train_bpb=7.5085 (28ms)
  step 10750: val_bpb=1.633878
  step 11000: val_bpb=1.628864
  step 11000: train_bpb=7.7773 (28ms)
  step 11250: val_bpb=1.642892
  step 11500: val_bpb=1.616314
  step 11500: train_bpb=8.6545 (28ms)
  step 11750: val_bpb=1.613093
  step 12000: val_bpb=1.609789
  step 12000: train_bpb=8.2003 (28ms)
  step 12250: val_bpb=1.604104
  step 12500: val_bpb=1.594366
  step 12500: train_bpb=7.1985 (28ms)
  step 12750: val_bpb=1.587299
  step 13000: val_bpb=1.572401
  step 13000: train_bpb=7.3154 (28ms)
  step 13250: val_bpb=1.548172
  step 13500: val_bpb=1.556358
  step 13500: train_bpb=8.2271 (28ms)
  step 13750: val_bpb=1.546739
  step 14000: val_bpb=1.569819
  step 14000: train_bpb=8.4407 (28ms)
  step 14250: val_bpb=1.540450
  step 14500: val_bpb=1.521249
  step 14500: train_bpb=8.0266 (28ms)
  step 14750: val_bpb=1.534698
  step 15000: val_bpb=1.516922
  step 15000: train_bpb=7.7995 (28ms)
  step 15250: val_bpb=1.502244
  step 15500: val_bpb=1.516934
  step 15500: train_bpb=7.7725 (28ms)
  step 15750: val_bpb=1.499165
  step 16000: val_bpb=1.492287
  step 16000: train_bpb=7.8372 (28ms)
  step 16250: val_bpb=1.515225
  step 16500: val_bpb=1.503462
  step 16500: train_bpb=7.5962 (28ms)
  step 16750: val_bpb=1.484397
  step 17000: val_bpb=1.478204
  step 17000: train_bpb=8.2668 (28ms)
  step 17250: val_bpb=1.482349
  step 17500: val_bpb=1.466352
  step 17500: train_bpb=7.1662 (28ms)
  step 17750: val_bpb=1.472527
  step 18000: val_bpb=1.463490
  step 18000: train_bpb=6.7609 (28ms)
  step 18250: val_bpb=1.463127
  step 18500: val_bpb=1.449115
  step 18500: train_bpb=7.8138 (28ms)
  step 18750: val_bpb=1.445809
  step 19000: val_bpb=1.443823
  step 19000: train_bpb=7.9576 (28ms)
  step 19250: val_bpb=1.430785
  step 19500: val_bpb=1.426964
  step 19500: train_bpb=6.6907 (28ms)
  step 19750: val_bpb=1.421977
  step 20000: val_bpb=1.420609

Saved results to /mnt/sharefs/user54/nanoe/runs/enigma_s5_20k_h60/results/H60_solo_20k_real.json
Final BPB: 1.420609
