=== ENIGMA Stage 5 Composite Rerun — H532_H535_H538 ===
Host: us-west-a2-gpu-024
GPU: NVIDIA B200, 183359 MiB
Steps: 20000, Depth: 12
[ENIGMA] Patched MuonAdamW._step_adamw with H538 seeded first-gradient second moment
=== ENIGMA Stage 5 Production — H532_H535_H538 ===
Steps: 20000, Depth: 12, Eval every: 250
Features: ['H532', 'H535', 'H538']
Scaling the LR for the AdamW parameters ∝1/√(768/768) = 1.000000
  step     0: val_bpb=3.013478
  step     0: train_bpb=15.3235 (314ms)
  step   250: val_bpb=1.974680
  step   500: val_bpb=1.882723
  step   500: train_bpb=9.3468 (30ms)
  step   750: val_bpb=1.887452
  step  1000: val_bpb=1.863461
  step  1000: train_bpb=9.8154 (28ms)
  step  1250: val_bpb=1.844884
  step  1500: val_bpb=1.787503
  step  1500: train_bpb=8.9230 (28ms)
  step  1750: val_bpb=1.735572
  step  2000: val_bpb=1.775040
  step  2000: train_bpb=9.1851 (28ms)
  step  2250: val_bpb=1.764913
  step  2500: val_bpb=1.793713
  step  2500: train_bpb=8.8572 (28ms)
  step  2750: val_bpb=1.761195
  step  3000: val_bpb=1.741896
  step  3000: train_bpb=8.5278 (28ms)
  step  3250: val_bpb=1.731052
  step  3500: val_bpb=1.712777
  step  3500: train_bpb=8.7587 (28ms)
  step  3750: val_bpb=1.707882
  step  4000: val_bpb=1.687600
  step  4000: train_bpb=8.4346 (28ms)
  step  4250: val_bpb=1.690807
  step  4500: val_bpb=1.700453
  step  4500: train_bpb=8.5334 (28ms)
  step  4750: val_bpb=1.683645
  step  5000: val_bpb=1.723001
  step  5000: train_bpb=8.4927 (28ms)
  step  5250: val_bpb=1.711877
  step  5500: val_bpb=1.718315
  step  5500: train_bpb=8.6416 (28ms)
  step  5750: val_bpb=1.707663
  step  6000: val_bpb=1.700530
  step  6000: train_bpb=8.8313 (28ms)
  step  6250: val_bpb=1.694261
  step  6500: val_bpb=1.729090
  step  6500: train_bpb=8.4518 (28ms)
  step  6750: val_bpb=1.737374
  step  7000: val_bpb=1.711562
  step  7000: train_bpb=9.0645 (28ms)
  step  7250: val_bpb=1.694023
  step  7500: val_bpb=1.685219
  step  7500: train_bpb=8.9018 (28ms)
  step  7750: val_bpb=1.698230
  step  8000: val_bpb=1.681068
  step  8000: train_bpb=8.0844 (28ms)
  step  8250: val_bpb=1.655931
  step  8500: val_bpb=1.673273
  step  8500: train_bpb=8.8988 (28ms)
  step  8750: val_bpb=1.694531
  step  9000: val_bpb=1.707696
  step  9000: train_bpb=8.4725 (28ms)
  step  9250: val_bpb=1.653032
  step  9500: val_bpb=1.664295
  step  9500: train_bpb=8.5586 (28ms)
  step  9750: val_bpb=1.656391
  step 10000: val_bpb=1.710622
  step 10000: train_bpb=8.8242 (28ms)
  step 10250: val_bpb=1.670508
  step 10500: val_bpb=1.663521
  step 10500: train_bpb=7.6001 (28ms)
  step 10750: val_bpb=1.618711
  step 11000: val_bpb=1.623566
  step 11000: train_bpb=7.7272 (28ms)
  step 11250: val_bpb=1.625741
  step 11500: val_bpb=1.618528
  step 11500: train_bpb=8.6162 (28ms)
  step 11750: val_bpb=1.612037
  step 12000: val_bpb=1.616956
  step 12000: train_bpb=8.1510 (28ms)
  step 12250: val_bpb=1.631101
  step 12500: val_bpb=1.599992
  step 12500: train_bpb=7.2826 (28ms)
  step 12750: val_bpb=1.590979
  step 13000: val_bpb=1.580608
  step 13000: train_bpb=7.2870 (28ms)
  step 13250: val_bpb=1.559124
  step 13500: val_bpb=1.561024
  step 13500: train_bpb=8.1647 (28ms)
  step 13750: val_bpb=1.562565
  step 14000: val_bpb=1.551155
  step 14000: train_bpb=8.3833 (28ms)
  step 14250: val_bpb=1.550049
  step 14500: val_bpb=1.534254
  step 14500: train_bpb=8.1179 (28ms)
  step 14750: val_bpb=1.522764
  step 15000: val_bpb=1.525976
  step 15000: train_bpb=7.8185 (28ms)
  step 15250: val_bpb=1.513464
  step 15500: val_bpb=1.520712
  step 15500: train_bpb=7.7500 (28ms)
  step 15750: val_bpb=1.515658
  step 16000: val_bpb=1.519778
  step 16000: train_bpb=7.9727 (28ms)
  step 16250: val_bpb=1.527919
  step 16500: val_bpb=1.524570
  step 16500: train_bpb=7.6755 (28ms)
  step 16750: val_bpb=1.501946
  step 17000: val_bpb=1.488897
  step 17000: train_bpb=8.3477 (28ms)
  step 17250: val_bpb=1.486197
  step 17500: val_bpb=1.478871
  step 17500: train_bpb=7.1339 (28ms)
  step 17750: val_bpb=1.473907
  step 18000: val_bpb=1.475535
  step 18000: train_bpb=6.7423 (28ms)
  step 18250: val_bpb=1.470229
  step 18500: val_bpb=1.461801
  step 18500: train_bpb=7.8130 (28ms)
  step 18750: val_bpb=1.452541
  step 19000: val_bpb=1.458643
  step 19000: train_bpb=7.9516 (28ms)
  step 19250: val_bpb=1.444964
  step 19500: val_bpb=1.438108
  step 19500: train_bpb=6.6659 (28ms)
  step 19750: val_bpb=1.430500
  step 20000: val_bpb=1.430346

Saved results to /mnt/sharefs/user54/nanoe/runs/enigma_s5_prod_composites_r1/results/H532_H535_H538_20k_real.json
Final BPB: 1.430346
