=== ENIGMA Stage 5 Composite Rerun — H533_H535 ===
Host: us-west-a2-gpu-001
GPU: NVIDIA B200, 183359 MiB
Steps: 20000, Depth: 12
=== ENIGMA Stage 5 Production — H533_H535 ===
Steps: 20000, Depth: 12, Eval every: 250
Features: ['H533', 'H535']
Scaling the LR for the AdamW parameters ∝1/√(768/768) = 1.000000
  step     0: val_bpb=3.013478
  step     0: train_bpb=15.3235 (285ms)
  step   250: val_bpb=1.973960
  step   500: val_bpb=1.913014
  step   500: train_bpb=9.5529 (28ms)
  step   750: val_bpb=1.919340
  step  1000: val_bpb=1.880707
  step  1000: train_bpb=9.7992 (28ms)
  step  1250: val_bpb=1.861106
  step  1500: val_bpb=1.822658
  step  1500: train_bpb=9.1567 (28ms)
  step  1750: val_bpb=1.780667
  step  2000: val_bpb=1.821818
  step  2000: train_bpb=9.3572 (28ms)
  step  2250: val_bpb=1.769833
  step  2500: val_bpb=1.775461
  step  2500: train_bpb=8.7941 (28ms)
  step  2750: val_bpb=1.731538
  step  3000: val_bpb=1.743579
  step  3000: train_bpb=8.7127 (28ms)
  step  3250: val_bpb=1.736735
  step  3500: val_bpb=1.729511
  step  3500: train_bpb=8.8561 (28ms)
  step  3750: val_bpb=1.735533
  step  4000: val_bpb=1.723429
  step  4000: train_bpb=8.3877 (28ms)
  step  4250: val_bpb=1.683192
  step  4500: val_bpb=1.715790
  step  4500: train_bpb=8.5105 (28ms)
  step  4750: val_bpb=1.684223
  step  5000: val_bpb=1.702514
  step  5000: train_bpb=8.5752 (28ms)
  step  5250: val_bpb=1.726249
  step  5500: val_bpb=1.727434
  step  5500: train_bpb=8.7694 (28ms)
  step  5750: val_bpb=1.717072
  step  6000: val_bpb=1.682630
  step  6000: train_bpb=8.8245 (27ms)
  step  6250: val_bpb=1.689466
  step  6500: val_bpb=1.687331
  step  6500: train_bpb=8.4193 (28ms)
  step  6750: val_bpb=1.690679
  step  7000: val_bpb=1.674325
  step  7000: train_bpb=8.9598 (28ms)
  step  7250: val_bpb=1.702201
  step  7500: val_bpb=1.703900
  step  7500: train_bpb=9.0301 (28ms)
  step  7750: val_bpb=1.704036
  step  8000: val_bpb=1.690020
  step  8000: train_bpb=8.2303 (28ms)
  step  8250: val_bpb=1.653858
  step  8500: val_bpb=1.682536
  step  8500: train_bpb=8.8333 (28ms)
  step  8750: val_bpb=1.688731
  step  9000: val_bpb=1.674855
  step  9000: train_bpb=8.4518 (27ms)
  step  9250: val_bpb=1.670164
  step  9500: val_bpb=1.678847
  step  9500: train_bpb=8.6633 (28ms)
  step  9750: val_bpb=1.676813
  step 10000: val_bpb=1.691279
  step 10000: train_bpb=8.7787 (28ms)
  step 10250: val_bpb=1.658581
  step 10500: val_bpb=1.650460
  step 10500: train_bpb=7.6295 (28ms)
  step 10750: val_bpb=1.646718
  step 11000: val_bpb=1.646421
  step 11000: train_bpb=7.7143 (28ms)
  step 11250: val_bpb=1.646688
  step 11500: val_bpb=1.627373
  step 11500: train_bpb=8.8753 (28ms)
  step 11750: val_bpb=1.620853
  step 12000: val_bpb=1.629167
  step 12000: train_bpb=8.2511 (28ms)
  step 12250: val_bpb=1.610424
  step 12500: val_bpb=1.606487
  step 12500: train_bpb=7.3222 (28ms)
  step 12750: val_bpb=1.590477
  step 13000: val_bpb=1.573422
  step 13000: train_bpb=7.5479 (28ms)
  step 13250: val_bpb=1.563735
  step 13500: val_bpb=1.570183
  step 13500: train_bpb=8.2236 (28ms)
  step 13750: val_bpb=1.566450
  step 14000: val_bpb=1.551807
  step 14000: train_bpb=8.2601 (27ms)
  step 14250: val_bpb=1.553019
  step 14500: val_bpb=1.554929
  step 14500: train_bpb=8.0756 (28ms)
  step 14750: val_bpb=1.554145
  step 15000: val_bpb=1.542448
  step 15000: train_bpb=7.8972 (28ms)
  step 15250: val_bpb=1.523875
  step 15500: val_bpb=1.522314
  step 15500: train_bpb=7.7380 (28ms)
  step 15750: val_bpb=1.499574
  step 16000: val_bpb=1.511774
  step 16000: train_bpb=8.0181 (28ms)
  step 16250: val_bpb=1.520035
  step 16500: val_bpb=1.508271
  step 16500: train_bpb=7.6100 (28ms)
  step 16750: val_bpb=1.496479
  step 17000: val_bpb=1.482826
  step 17000: train_bpb=8.3810 (28ms)
  step 17250: val_bpb=1.479493
  step 17500: val_bpb=1.456509
  step 17500: train_bpb=7.1654 (28ms)
  step 17750: val_bpb=1.452273
  step 18000: val_bpb=1.461155
  step 18000: train_bpb=6.7913 (28ms)
  step 18250: val_bpb=1.458654
  step 18500: val_bpb=1.457835
  step 18500: train_bpb=7.7370 (28ms)
  step 18750: val_bpb=1.441149
  step 19000: val_bpb=1.446700
  step 19000: train_bpb=7.8534 (28ms)
  step 19250: val_bpb=1.425123
  step 19500: val_bpb=1.415662
  step 19500: train_bpb=6.6409 (28ms)
  step 19750: val_bpb=1.401962
  step 20000: val_bpb=1.399430

Saved results to /mnt/sharefs/user54/nanoe/runs/enigma_s5_prod_composites_r1/results/H533_H535_20k_real.json
Final BPB: 1.399430
