=== ENIGMA Stage 5 Composite Rerun — H533_H535_H538 ===
Host: us-west-a2-gpu-024
GPU: NVIDIA B200, 183359 MiB
Steps: 20000, Depth: 12
[ENIGMA] Patched MuonAdamW._step_adamw with H538 seeded first-gradient second moment
=== ENIGMA Stage 5 Production — H533_H535_H538 ===
Steps: 20000, Depth: 12, Eval every: 250
Features: ['H533', 'H535', 'H538']
Scaling the LR for the AdamW parameters ∝1/√(768/768) = 1.000000
  step     0: val_bpb=3.013478
  step     0: train_bpb=15.3235 (186ms)
  step   250: val_bpb=1.997186
  step   500: val_bpb=1.907295
  step   500: train_bpb=9.4704 (28ms)
  step   750: val_bpb=1.894048
  step  1000: val_bpb=1.876360
  step  1000: train_bpb=9.7999 (28ms)
  step  1250: val_bpb=1.836241
  step  1500: val_bpb=1.830636
  step  1500: train_bpb=9.2962 (28ms)
  step  1750: val_bpb=1.771031
  step  2000: val_bpb=1.809323
  step  2000: train_bpb=9.2333 (28ms)
  step  2250: val_bpb=1.769066
  step  2500: val_bpb=1.762109
  step  2500: train_bpb=8.8313 (28ms)
  step  2750: val_bpb=1.744160
  step  3000: val_bpb=1.730644
  step  3000: train_bpb=8.7410 (28ms)
  step  3250: val_bpb=1.736935
  step  3500: val_bpb=1.719311
  step  3500: train_bpb=8.7935 (28ms)
  step  3750: val_bpb=1.713605
  step  4000: val_bpb=1.699360
  step  4000: train_bpb=8.5433 (28ms)
  step  4250: val_bpb=1.708571
  step  4500: val_bpb=1.719680
  step  4500: train_bpb=8.5764 (28ms)
  step  4750: val_bpb=1.685658
  step  5000: val_bpb=1.696643
  step  5000: train_bpb=8.6754 (28ms)
  step  5250: val_bpb=1.692556
  step  5500: val_bpb=1.700667
  step  5500: train_bpb=8.7506 (28ms)
  step  5750: val_bpb=1.698514
  step  6000: val_bpb=1.676270
  step  6000: train_bpb=8.7212 (28ms)
  step  6250: val_bpb=1.692291
  step  6500: val_bpb=1.678765
  step  6500: train_bpb=8.2536 (28ms)
  step  6750: val_bpb=1.675326
  step  7000: val_bpb=1.663213
  step  7000: train_bpb=8.8789 (28ms)
  step  7250: val_bpb=1.669262
  step  7500: val_bpb=1.677664
  step  7500: train_bpb=8.9287 (28ms)
  step  7750: val_bpb=1.678973
  step  8000: val_bpb=1.689383
  step  8000: train_bpb=8.1103 (28ms)
  step  8250: val_bpb=1.658514
  step  8500: val_bpb=1.674269
  step  8500: train_bpb=8.8751 (28ms)
  step  8750: val_bpb=1.668997
  step  9000: val_bpb=1.663466
  step  9000: train_bpb=8.3923 (28ms)
  step  9250: val_bpb=1.668169
  step  9500: val_bpb=1.678663
  step  9500: train_bpb=8.6204 (28ms)
  step  9750: val_bpb=1.690489
  step 10000: val_bpb=1.692185
  step 10000: train_bpb=8.9184 (28ms)
  step 10250: val_bpb=1.658667
  step 10500: val_bpb=1.650331
  step 10500: train_bpb=7.5727 (28ms)
  step 10750: val_bpb=1.648182
  step 11000: val_bpb=1.645799
  step 11000: train_bpb=7.8741 (29ms)
  step 11250: val_bpb=1.655898
  step 11500: val_bpb=1.649607
  step 11500: train_bpb=9.1709 (28ms)
  step 11750: val_bpb=1.645068
  step 12000: val_bpb=1.643570
  step 12000: train_bpb=8.3384 (28ms)
  step 12250: val_bpb=1.640888
  step 12500: val_bpb=1.640026
  step 12500: train_bpb=7.5415 (28ms)
  step 12750: val_bpb=1.619394
  step 13000: val_bpb=1.609377
  step 13000: train_bpb=7.6169 (28ms)
  step 13250: val_bpb=1.610368
  step 13500: val_bpb=1.610213
  step 13500: train_bpb=8.2735 (28ms)
  step 13750: val_bpb=1.597401
  step 14000: val_bpb=1.600719
  step 14000: train_bpb=8.3696 (28ms)
  step 14250: val_bpb=1.587017
  step 14500: val_bpb=1.583209
  step 14500: train_bpb=8.2234 (28ms)
  step 14750: val_bpb=1.577371
  step 15000: val_bpb=1.581363
  step 15000: train_bpb=8.0436 (28ms)
  step 15250: val_bpb=1.558865
  step 15500: val_bpb=1.577574
  step 15500: train_bpb=7.9640 (28ms)
  step 15750: val_bpb=1.574843
  step 16000: val_bpb=1.566003
  step 16000: train_bpb=8.2375 (28ms)
  step 16250: val_bpb=1.566395
  step 16500: val_bpb=1.563793
  step 16500: train_bpb=7.7690 (28ms)
  step 16750: val_bpb=1.549076
  step 17000: val_bpb=1.534327
  step 17000: train_bpb=8.6701 (28ms)
  step 17250: val_bpb=1.540820
  step 17500: val_bpb=1.528278
  step 17500: train_bpb=7.3842 (28ms)
  step 17750: val_bpb=1.528640
  step 18000: val_bpb=1.522103
  step 18000: train_bpb=7.0127 (28ms)
  step 18250: val_bpb=1.526680
  step 18500: val_bpb=1.510794
  step 18500: train_bpb=8.1003 (28ms)
  step 18750: val_bpb=1.494754
  step 19000: val_bpb=1.498583
  step 19000: train_bpb=8.1688 (28ms)
  step 19250: val_bpb=1.487625
  step 19500: val_bpb=1.480262
  step 19500: train_bpb=6.8551 (28ms)
  step 19750: val_bpb=1.474042
  step 20000: val_bpb=1.472285

Saved results to /mnt/sharefs/user54/nanoe/runs/enigma_s5_prod_composites_r1/results/H533_H535_H538_20k_real.json
Final BPB: 1.472285
