=== ENIGMA Stage 5 Composite Rerun — H533_H538 ===
Host: us-west-a2-gpu-001
GPU: NVIDIA B200, 183359 MiB
Steps: 20000, Depth: 12
[ENIGMA] Patched MuonAdamW._step_adamw with H538 seeded first-gradient second moment
=== ENIGMA Stage 5 Production — H533_H538 ===
Steps: 20000, Depth: 12, Eval every: 250
Features: ['H533', 'H538']
Scaling the LR for the AdamW parameters ∝1/√(768/768) = 1.000000
  step     0: val_bpb=3.013478
  step     0: train_bpb=15.3235 (190ms)
  step   250: val_bpb=1.977999
  step   500: val_bpb=1.910626
  step   500: train_bpb=9.4822 (28ms)
  step   750: val_bpb=1.865800
  step  1000: val_bpb=1.864623
  step  1000: train_bpb=9.7360 (28ms)
  step  1250: val_bpb=1.856013
  step  1500: val_bpb=1.823489
  step  1500: train_bpb=9.0891 (28ms)
  step  1750: val_bpb=1.765481
  step  2000: val_bpb=1.774458
  step  2000: train_bpb=9.1835 (28ms)
  step  2250: val_bpb=1.778160
  step  2500: val_bpb=1.762092
  step  2500: train_bpb=8.9188 (28ms)
  step  2750: val_bpb=1.745779
  step  3000: val_bpb=1.734908
  step  3000: train_bpb=8.6132 (28ms)
  step  3250: val_bpb=1.727857
  step  3500: val_bpb=1.717905
  step  3500: train_bpb=8.7541 (28ms)
  step  3750: val_bpb=1.712051
  step  4000: val_bpb=1.685029
  step  4000: train_bpb=8.3684 (28ms)
  step  4250: val_bpb=1.674074
  step  4500: val_bpb=1.726239
  step  4500: train_bpb=8.5545 (28ms)
  step  4750: val_bpb=1.694081
  step  5000: val_bpb=1.721567
  step  5000: train_bpb=8.5601 (28ms)
  step  5250: val_bpb=1.715643
  step  5500: val_bpb=1.722433
  step  5500: train_bpb=8.6696 (28ms)
  step  5750: val_bpb=1.712638
  step  6000: val_bpb=1.703277
  step  6000: train_bpb=8.8358 (28ms)
  step  6250: val_bpb=1.691865
  step  6500: val_bpb=1.709510
  step  6500: train_bpb=8.3414 (28ms)
  step  6750: val_bpb=1.693136
  step  7000: val_bpb=1.693209
  step  7000: train_bpb=8.9178 (28ms)
  step  7250: val_bpb=1.702334
  step  7500: val_bpb=1.702500
  step  7500: train_bpb=9.0320 (28ms)
  step  7750: val_bpb=1.702014
  step  8000: val_bpb=1.698182
  step  8000: train_bpb=8.2546 (28ms)
  step  8250: val_bpb=1.676727
  step  8500: val_bpb=1.707576
  step  8500: train_bpb=8.9522 (28ms)
  step  8750: val_bpb=1.684985
  step  9000: val_bpb=1.680265
  step  9000: train_bpb=8.4415 (28ms)
  step  9250: val_bpb=1.671301
  step  9500: val_bpb=1.718019
  step  9500: train_bpb=8.7204 (28ms)
  step  9750: val_bpb=1.670497
  step 10000: val_bpb=1.707213
  step 10000: train_bpb=8.6782 (28ms)
  step 10250: val_bpb=1.667721
  step 10500: val_bpb=1.648239
  step 10500: train_bpb=7.5722 (28ms)
  step 10750: val_bpb=1.641811
  step 11000: val_bpb=1.649038
  step 11000: train_bpb=7.6405 (29ms)
  step 11250: val_bpb=1.630029
  step 11500: val_bpb=1.625073
  step 11500: train_bpb=8.6280 (28ms)
  step 11750: val_bpb=1.609707
  step 12000: val_bpb=1.612319
  step 12000: train_bpb=8.0441 (28ms)
  step 12250: val_bpb=1.603534
  step 12500: val_bpb=1.601106
  step 12500: train_bpb=7.1509 (28ms)
  step 12750: val_bpb=1.579591
  step 13000: val_bpb=1.589340
  step 13000: train_bpb=7.3773 (28ms)
  step 13250: val_bpb=1.562464
  step 13500: val_bpb=1.556385
  step 13500: train_bpb=8.1900 (28ms)
  step 13750: val_bpb=1.562682
  step 14000: val_bpb=1.568584
  step 14000: train_bpb=8.3415 (28ms)
  step 14250: val_bpb=1.543546
  step 14500: val_bpb=1.544633
  step 14500: train_bpb=8.0738 (28ms)
  step 14750: val_bpb=1.535258
  step 15000: val_bpb=1.539765
  step 15000: train_bpb=7.8267 (28ms)
  step 15250: val_bpb=1.520363
  step 15500: val_bpb=1.519337
  step 15500: train_bpb=7.7776 (28ms)
  step 15750: val_bpb=1.515127
  step 16000: val_bpb=1.502484
  step 16000: train_bpb=7.8450 (28ms)
  step 16250: val_bpb=1.505264
  step 16500: val_bpb=1.502070
  step 16500: train_bpb=7.5968 (28ms)
  step 16750: val_bpb=1.487687
  step 17000: val_bpb=1.477340
  step 17000: train_bpb=8.2877 (28ms)
  step 17250: val_bpb=1.476073
  step 17500: val_bpb=1.469860
  step 17500: train_bpb=7.1888 (28ms)
  step 17750: val_bpb=1.470659
  step 18000: val_bpb=1.462001
  step 18000: train_bpb=6.8109 (28ms)
  step 18250: val_bpb=1.458740
  step 18500: val_bpb=1.453819
  step 18500: train_bpb=7.8882 (28ms)
  step 18750: val_bpb=1.449432
  step 19000: val_bpb=1.450461
  step 19000: train_bpb=8.0441 (28ms)
  step 19250: val_bpb=1.442867
  step 19500: val_bpb=1.437726
  step 19500: train_bpb=6.7870 (28ms)
  step 19750: val_bpb=1.431667
  step 20000: val_bpb=1.431279

Saved results to /mnt/sharefs/user54/nanoe/runs/enigma_s5_prod_composites_r1/results/H533_H538_20k_real.json
Final BPB: 1.431279
