=== ENIGMA Stage 5 Composite Rerun — H533_shape_beta2 ===
Host: us-west-a2-gpu-001
GPU: NVIDIA B200, 183359 MiB
Steps: 20000, Depth: 12
=== ENIGMA Stage 5 Production — H533_shape_beta2 ===
Steps: 20000, Depth: 12, Eval every: 250
Features: ['H533']
Scaling the LR for the AdamW parameters ∝1/√(768/768) = 1.000000
  step     0: val_bpb=3.013478
  step     0: train_bpb=15.3235 (285ms)
  step   250: val_bpb=1.988641
  step   500: val_bpb=1.893962
  step   500: train_bpb=9.4148 (29ms)
  step   750: val_bpb=1.903315
  step  1000: val_bpb=1.877022
  step  1000: train_bpb=9.7903 (28ms)
  step  1250: val_bpb=1.892985
  step  1500: val_bpb=1.833605
  step  1500: train_bpb=9.0951 (28ms)
  step  1750: val_bpb=1.770990
  step  2000: val_bpb=1.790659
  step  2000: train_bpb=9.2584 (28ms)
  step  2250: val_bpb=1.761266
  step  2500: val_bpb=1.747135
  step  2500: train_bpb=8.6759 (28ms)
  step  2750: val_bpb=1.752095
  step  3000: val_bpb=1.718088
  step  3000: train_bpb=8.6905 (28ms)
  step  3250: val_bpb=1.723601
  step  3500: val_bpb=1.711844
  step  3500: train_bpb=8.8385 (28ms)
  step  3750: val_bpb=1.738113
  step  4000: val_bpb=1.713656
  step  4000: train_bpb=8.5919 (28ms)
  step  4250: val_bpb=1.721166
  step  4500: val_bpb=1.725277
  step  4500: train_bpb=8.5871 (28ms)
  step  4750: val_bpb=1.691323
  step  5000: val_bpb=1.694575
  step  5000: train_bpb=8.6200 (28ms)
  step  5250: val_bpb=1.707710
  step  5500: val_bpb=1.709728
  step  5500: train_bpb=8.7073 (28ms)
  step  5750: val_bpb=1.698812
  step  6000: val_bpb=1.678277
  step  6000: train_bpb=8.8144 (28ms)
  step  6250: val_bpb=1.686299
  step  6500: val_bpb=1.674234
  step  6500: train_bpb=8.2434 (28ms)
  step  6750: val_bpb=1.667449
  step  7000: val_bpb=1.654660
  step  7000: train_bpb=8.8616 (28ms)
  step  7250: val_bpb=1.665276
  step  7500: val_bpb=1.666395
  step  7500: train_bpb=8.9620 (28ms)
  step  7750: val_bpb=1.683016
  step  8000: val_bpb=1.678357
  step  8000: train_bpb=8.0428 (28ms)
  step  8250: val_bpb=1.652729
  step  8500: val_bpb=1.650200
  step  8500: train_bpb=8.7778 (28ms)
  step  8750: val_bpb=1.652411
  step  9000: val_bpb=1.640156
  step  9000: train_bpb=8.4010 (28ms)
  step  9250: val_bpb=1.641632
  step  9500: val_bpb=1.660274
  step  9500: train_bpb=8.5529 (28ms)
  step  9750: val_bpb=1.655875
  step 10000: val_bpb=1.668636
  step 10000: train_bpb=8.8092 (28ms)
  step 10250: val_bpb=1.658224
  step 10500: val_bpb=1.644191
  step 10500: train_bpb=7.5504 (28ms)
  step 10750: val_bpb=1.637582
  step 11000: val_bpb=1.626994
  step 11000: train_bpb=7.6733 (28ms)
  step 11250: val_bpb=1.636281
  step 11500: val_bpb=1.623455
  step 11500: train_bpb=8.9732 (28ms)
  step 11750: val_bpb=1.627906
  step 12000: val_bpb=1.625219
  step 12000: train_bpb=8.2625 (28ms)
  step 12250: val_bpb=1.609516
  step 12500: val_bpb=1.614942
  step 12500: train_bpb=7.4095 (28ms)
  step 12750: val_bpb=1.604731
  step 13000: val_bpb=1.597612
  step 13000: train_bpb=7.4812 (28ms)
  step 13250: val_bpb=1.583469
  step 13500: val_bpb=1.579537
  step 13500: train_bpb=8.2020 (28ms)
  step 13750: val_bpb=1.565952
  step 14000: val_bpb=1.578493
  step 14000: train_bpb=8.4070 (28ms)
  step 14250: val_bpb=1.571064
  step 14500: val_bpb=1.553808
  step 14500: train_bpb=8.1330 (28ms)
  step 14750: val_bpb=1.559146
  step 15000: val_bpb=1.564173
  step 15000: train_bpb=8.0094 (28ms)
  step 15250: val_bpb=1.554658
  step 15500: val_bpb=1.551446
  step 15500: train_bpb=7.8054 (28ms)
  step 15750: val_bpb=1.546660
  step 16000: val_bpb=1.547469
  step 16000: train_bpb=8.1688 (28ms)
  step 16250: val_bpb=1.550089
  step 16500: val_bpb=1.543082
  step 16500: train_bpb=7.7477 (28ms)
  step 16750: val_bpb=1.521778
  step 17000: val_bpb=1.506072
  step 17000: train_bpb=8.5792 (28ms)
  step 17250: val_bpb=1.514715
  step 17500: val_bpb=1.495018
  step 17500: train_bpb=7.2930 (28ms)
  step 17750: val_bpb=1.498936
  step 18000: val_bpb=1.491257
  step 18000: train_bpb=6.8859 (28ms)
  step 18250: val_bpb=1.495758
  step 18500: val_bpb=1.488801
  step 18500: train_bpb=7.9493 (28ms)
  step 18750: val_bpb=1.471774
  step 19000: val_bpb=1.474397
  step 19000: train_bpb=8.0381 (28ms)
  step 19250: val_bpb=1.461111
  step 19500: val_bpb=1.456585
  step 19500: train_bpb=6.8161 (28ms)
  step 19750: val_bpb=1.448752
  step 20000: val_bpb=1.444962

Saved results to /mnt/sharefs/user54/nanoe/runs/enigma_s5_prod_composites_r1/results/H533_shape_beta2_20k_real.json
Final BPB: 1.444962
