=== ENIGMA Stage 5 Composite Rerun — H532_H533_H535 ===
Host: us-west-a2-gpu-024
GPU: NVIDIA B200, 183359 MiB
Steps: 20000, Depth: 12
=== ENIGMA Stage 5 Production — H532_H533_H535 ===
Steps: 20000, Depth: 12, Eval every: 250
Features: ['H532', 'H533', 'H535']
Scaling the LR for the AdamW parameters ∝1/√(768/768) = 1.000000
  step     0: val_bpb=3.013478
  step     0: train_bpb=15.3235 (188ms)
  step   250: val_bpb=1.987750
  step   500: val_bpb=1.923596
  step   500: train_bpb=9.5881 (109ms)
  step   750: val_bpb=1.907931
  step  1000: val_bpb=1.886467
  step  1000: train_bpb=9.8321 (27ms)
  step  1250: val_bpb=1.862476
  step  1500: val_bpb=1.822205
  step  1500: train_bpb=9.1127 (28ms)
  step  1750: val_bpb=1.757513
  step  2000: val_bpb=1.791391
  step  2000: train_bpb=9.2704 (27ms)
  step  2250: val_bpb=1.790022
  step  2500: val_bpb=1.782030
  step  2500: train_bpb=8.8149 (27ms)
  step  2750: val_bpb=1.761210
  step  3000: val_bpb=1.742357
  step  3000: train_bpb=8.6996 (28ms)
  step  3250: val_bpb=1.717149
  step  3500: val_bpb=1.724216
  step  3500: train_bpb=8.8679 (28ms)
  step  3750: val_bpb=1.752011
  step  4000: val_bpb=1.760369
  step  4000: train_bpb=8.6037 (28ms)
  step  4250: val_bpb=1.696544
  step  4500: val_bpb=1.715496
  step  4500: train_bpb=8.4420 (28ms)
  step  4750: val_bpb=1.688177
  step  5000: val_bpb=1.692178
  step  5000: train_bpb=8.4961 (28ms)
  step  5250: val_bpb=1.708956
  step  5500: val_bpb=1.720235
  step  5500: train_bpb=8.6528 (27ms)
  step  5750: val_bpb=1.726156
  step  6000: val_bpb=1.730605
  step  6000: train_bpb=8.8864 (28ms)
  step  6250: val_bpb=1.722611
  step  6500: val_bpb=1.719437
  step  6500: train_bpb=8.5193 (27ms)
  step  6750: val_bpb=1.713438
  step  7000: val_bpb=1.680886
  step  7000: train_bpb=9.0810 (27ms)
  step  7250: val_bpb=1.690649
  step  7500: val_bpb=1.696503
  step  7500: train_bpb=8.9575 (28ms)
  step  7750: val_bpb=1.694966
  step  8000: val_bpb=1.681739
  step  8000: train_bpb=7.9757 (28ms)
  step  8250: val_bpb=1.654029
  step  8500: val_bpb=1.667795
  step  8500: train_bpb=8.8964 (28ms)
  step  8750: val_bpb=1.646720
  step  9000: val_bpb=1.632201
  step  9000: train_bpb=8.4631 (28ms)
  step  9250: val_bpb=1.647750
  step  9500: val_bpb=1.657970
  step  9500: train_bpb=8.5183 (28ms)
  step  9750: val_bpb=1.649421
  step 10000: val_bpb=1.662138
  step 10000: train_bpb=8.6241 (28ms)
  step 10250: val_bpb=1.637699
  step 10500: val_bpb=1.649954
  step 10500: train_bpb=7.5366 (27ms)
  step 10750: val_bpb=1.608342
  step 11000: val_bpb=1.611263
  step 11000: train_bpb=7.7215 (28ms)
  step 11250: val_bpb=1.601055
  step 11500: val_bpb=1.600540
  step 11500: train_bpb=8.5620 (28ms)
  step 11750: val_bpb=1.583507
  step 12000: val_bpb=1.604949
  step 12000: train_bpb=8.0674 (28ms)
  step 12250: val_bpb=1.590810
  step 12500: val_bpb=1.592604
  step 12500: train_bpb=7.2216 (28ms)
  step 12750: val_bpb=1.579782
  step 13000: val_bpb=1.579916
  step 13000: train_bpb=7.3109 (28ms)
  step 13250: val_bpb=1.546342
  step 13500: val_bpb=1.554533
  step 13500: train_bpb=8.1726 (28ms)
  step 13750: val_bpb=1.549409
  step 14000: val_bpb=1.551075
  step 14000: train_bpb=8.3023 (28ms)
  step 14250: val_bpb=1.534131
  step 14500: val_bpb=1.531150
  step 14500: train_bpb=7.9982 (28ms)
  step 14750: val_bpb=1.520262
  step 15000: val_bpb=1.518990
  step 15000: train_bpb=7.7898 (28ms)
  step 15250: val_bpb=1.515303
  step 15500: val_bpb=1.518704
  step 15500: train_bpb=7.7247 (28ms)
  step 15750: val_bpb=1.500267
  step 16000: val_bpb=1.500939
  step 16000: train_bpb=7.8191 (27ms)
  step 16250: val_bpb=1.514269
  step 16500: val_bpb=1.517822
  step 16500: train_bpb=7.6096 (28ms)
  step 16750: val_bpb=1.500575
  step 17000: val_bpb=1.480990
  step 17000: train_bpb=8.2418 (28ms)
  step 17250: val_bpb=1.485972
  step 17500: val_bpb=1.471958
  step 17500: train_bpb=7.2064 (28ms)
  step 17750: val_bpb=1.471627
  step 18000: val_bpb=1.478230
  step 18000: train_bpb=6.8210 (28ms)
  step 18250: val_bpb=1.469408
  step 18500: val_bpb=1.458717
  step 18500: train_bpb=7.7817 (28ms)
  step 18750: val_bpb=1.450353
  step 19000: val_bpb=1.452434
  step 19000: train_bpb=8.0146 (28ms)
  step 19250: val_bpb=1.445066
  step 19500: val_bpb=1.436978
  step 19500: train_bpb=6.7096 (28ms)
  step 19750: val_bpb=1.428742
  step 20000: val_bpb=1.428504

Saved results to /mnt/sharefs/user54/nanoe/runs/enigma_s5_prod_composites_r1/results/H532_H533_H535_20k_real.json
Final BPB: 1.428504
