=== ENIGMA Stage 5 Composite Rerun — H532_H533_H538 ===
Host: us-west-a2-gpu-024
GPU: NVIDIA B200, 183359 MiB
Steps: 20000, Depth: 12
[ENIGMA] Patched MuonAdamW._step_adamw with H538 seeded first-gradient second moment
=== ENIGMA Stage 5 Production — H532_H533_H538 ===
Steps: 20000, Depth: 12, Eval every: 250
Features: ['H532', 'H533', 'H538']
Scaling the LR for the AdamW parameters ∝1/√(768/768) = 1.000000
  step     0: val_bpb=3.013478
  step     0: train_bpb=15.3235 (185ms)
  step   250: val_bpb=1.969026
  step   500: val_bpb=1.888720
  step   500: train_bpb=9.4225 (28ms)
  step   750: val_bpb=1.863482
  step  1000: val_bpb=1.854577
  step  1000: train_bpb=9.6815 (28ms)
  step  1250: val_bpb=1.823676
  step  1500: val_bpb=1.795153
  step  1500: train_bpb=9.0844 (28ms)
  step  1750: val_bpb=1.765459
  step  2000: val_bpb=1.807968
  step  2000: train_bpb=9.1786 (28ms)
  step  2250: val_bpb=1.760244
  step  2500: val_bpb=1.758266
  step  2500: train_bpb=8.7198 (28ms)
  step  2750: val_bpb=1.754959
  step  3000: val_bpb=1.727379
  step  3000: train_bpb=8.5445 (28ms)
  step  3250: val_bpb=1.743172
  step  3500: val_bpb=1.725188
  step  3500: train_bpb=8.7477 (28ms)
  step  3750: val_bpb=1.707026
  step  4000: val_bpb=1.678094
  step  4000: train_bpb=8.3552 (28ms)
  step  4250: val_bpb=1.672049
  step  4500: val_bpb=1.704538
  step  4500: train_bpb=8.4966 (28ms)
  step  4750: val_bpb=1.692852
  step  5000: val_bpb=1.706563
  step  5000: train_bpb=8.5219 (28ms)
  step  5250: val_bpb=1.708212
  step  5500: val_bpb=1.699269
  step  5500: train_bpb=8.5537 (28ms)
  step  5750: val_bpb=1.714022
  step  6000: val_bpb=1.732117
  step  6000: train_bpb=8.7984 (28ms)
  step  6250: val_bpb=1.690687
  step  6500: val_bpb=1.706304
  step  6500: train_bpb=8.4099 (28ms)
  step  6750: val_bpb=1.689648
  step  7000: val_bpb=1.698886
  step  7000: train_bpb=8.9825 (28ms)
  step  7250: val_bpb=1.703588
  step  7500: val_bpb=1.691673
  step  7500: train_bpb=9.0136 (28ms)
  step  7750: val_bpb=1.701535
  step  8000: val_bpb=1.682253
  step  8000: train_bpb=8.0624 (28ms)
  step  8250: val_bpb=1.647990
  step  8500: val_bpb=1.660940
  step  8500: train_bpb=8.8589 (28ms)
  step  8750: val_bpb=1.666344
  step  9000: val_bpb=1.660073
  step  9000: train_bpb=8.3568 (28ms)
  step  9250: val_bpb=1.668008
  step  9500: val_bpb=1.659987
  step  9500: train_bpb=8.5944 (28ms)
  step  9750: val_bpb=1.692903
  step 10000: val_bpb=1.725346
  step 10000: train_bpb=9.0004 (28ms)
  step 10250: val_bpb=1.670913
  step 10500: val_bpb=1.649690
  step 10500: train_bpb=7.4575 (28ms)
  step 10750: val_bpb=1.628358
  step 11000: val_bpb=1.611621
  step 11000: train_bpb=7.7330 (29ms)
  step 11250: val_bpb=1.603200
  step 11500: val_bpb=1.598576
  step 11500: train_bpb=8.5996 (30ms)
  step 11750: val_bpb=1.591063
  step 12000: val_bpb=1.595717
  step 12000: train_bpb=8.0998 (28ms)
  step 12250: val_bpb=1.592945
  step 12500: val_bpb=1.582341
  step 12500: train_bpb=7.2492 (28ms)
  step 12750: val_bpb=1.567943
  step 13000: val_bpb=1.588620
  step 13000: train_bpb=7.3444 (28ms)
  step 13250: val_bpb=1.557504
  step 13500: val_bpb=1.553543
  step 13500: train_bpb=8.1564 (28ms)
  step 13750: val_bpb=1.556977
  step 14000: val_bpb=1.554749
  step 14000: train_bpb=8.2826 (28ms)
  step 14250: val_bpb=1.543552
  step 14500: val_bpb=1.531108
  step 14500: train_bpb=7.9624 (28ms)
  step 14750: val_bpb=1.519095
  step 15000: val_bpb=1.535658
  step 15000: train_bpb=7.8281 (28ms)
  step 15250: val_bpb=1.501939
  step 15500: val_bpb=1.506978
  step 15500: train_bpb=7.6904 (28ms)
  step 15750: val_bpb=1.510978
  step 16000: val_bpb=1.502813
  step 16000: train_bpb=7.9000 (28ms)
  step 16250: val_bpb=1.519564
  step 16500: val_bpb=1.511354
  step 16500: train_bpb=7.5466 (28ms)
  step 16750: val_bpb=1.489824
  step 17000: val_bpb=1.495294
  step 17000: train_bpb=8.2802 (28ms)
  step 17250: val_bpb=1.483034
  step 17500: val_bpb=1.468312
  step 17500: train_bpb=7.1896 (28ms)
  step 17750: val_bpb=1.471945
  step 18000: val_bpb=1.461065
  step 18000: train_bpb=6.8076 (28ms)
  step 18250: val_bpb=1.459032
  step 18500: val_bpb=1.444956
  step 18500: train_bpb=7.8720 (28ms)
  step 18750: val_bpb=1.442137
  step 19000: val_bpb=1.451286
  step 19000: train_bpb=8.0181 (28ms)
  step 19250: val_bpb=1.439870
  step 19500: val_bpb=1.434562
  step 19500: train_bpb=6.7273 (28ms)
  step 19750: val_bpb=1.425290
  step 20000: val_bpb=1.424737

Saved results to /mnt/sharefs/user54/nanoe/runs/enigma_s5_prod_composites_r1/results/H532_H533_H538_20k_real.json
Final BPB: 1.424737
