=== ENIGMA Stage 5 Composite Rerun — H532_H538 ===
Host: us-west-a2-gpu-001
GPU: NVIDIA B200, 183359 MiB
Steps: 20000, Depth: 12
[ENIGMA] Patched MuonAdamW._step_adamw with H538 seeded first-gradient second moment
=== ENIGMA Stage 5 Production — H532_H538 ===
Steps: 20000, Depth: 12, Eval every: 250
Features: ['H532', 'H538']
Scaling the LR for the AdamW parameters ∝1/√(768/768) = 1.000000
  step     0: val_bpb=3.013478
  step     0: train_bpb=15.3235 (285ms)
  step   250: val_bpb=1.955335
  step   500: val_bpb=1.899713
  step   500: train_bpb=9.4386 (29ms)
  step   750: val_bpb=1.888174
  step  1000: val_bpb=1.852381
  step  1000: train_bpb=9.7149 (28ms)
  step  1250: val_bpb=1.821743
  step  1500: val_bpb=1.819937
  step  1500: train_bpb=9.0996 (28ms)
  step  1750: val_bpb=1.748706
  step  2000: val_bpb=1.796923
  step  2000: train_bpb=9.2395 (28ms)
  step  2250: val_bpb=1.755663
  step  2500: val_bpb=1.763437
  step  2500: train_bpb=8.7529 (28ms)
  step  2750: val_bpb=1.748906
  step  3000: val_bpb=1.736978
  step  3000: train_bpb=8.6457 (28ms)
  step  3250: val_bpb=1.757660
  step  3500: val_bpb=1.726574
  step  3500: train_bpb=8.8606 (28ms)
  step  3750: val_bpb=1.736702
  step  4000: val_bpb=1.724940
  step  4000: train_bpb=8.5259 (28ms)
  step  4250: val_bpb=1.709598
  step  4500: val_bpb=1.718383
  step  4500: train_bpb=8.5404 (28ms)
  step  4750: val_bpb=1.711064
  step  5000: val_bpb=1.691544
  step  5000: train_bpb=8.4750 (30ms)
  step  5250: val_bpb=1.734217
  step  5500: val_bpb=1.739123
  step  5500: train_bpb=8.8216 (28ms)
  step  5750: val_bpb=1.710015
  step  6000: val_bpb=1.687939
  step  6000: train_bpb=8.7755 (28ms)
  step  6250: val_bpb=1.684276
  step  6500: val_bpb=1.685735
  step  6500: train_bpb=8.2620 (28ms)
  step  6750: val_bpb=1.669400
  step  7000: val_bpb=1.650779
  step  7000: train_bpb=8.8075 (28ms)
  step  7250: val_bpb=1.667262
  step  7500: val_bpb=1.677206
  step  7500: train_bpb=8.9418 (28ms)
  step  7750: val_bpb=1.684362
  step  8000: val_bpb=1.687749
  step  8000: train_bpb=8.2427 (28ms)
  step  8250: val_bpb=1.660206
  step  8500: val_bpb=1.676095
  step  8500: train_bpb=8.8048 (28ms)
  step  8750: val_bpb=1.679365
  step  9000: val_bpb=1.657036
  step  9000: train_bpb=8.3651 (28ms)
  step  9250: val_bpb=1.649501
  step  9500: val_bpb=1.661439
  step  9500: train_bpb=8.6117 (28ms)
  step  9750: val_bpb=1.664991
  step 10000: val_bpb=1.677118
  step 10000: train_bpb=8.7349 (28ms)
  step 10250: val_bpb=1.662588
  step 10500: val_bpb=1.652223
  step 10500: train_bpb=7.4629 (28ms)
  step 10750: val_bpb=1.637967
  step 11000: val_bpb=1.629876
  step 11000: train_bpb=7.7643 (28ms)
  step 11250: val_bpb=1.641662
  step 11500: val_bpb=1.644424
  step 11500: train_bpb=9.1809 (28ms)
  step 11750: val_bpb=1.636640
  step 12000: val_bpb=1.639760
  step 12000: train_bpb=8.2747 (28ms)
  step 12250: val_bpb=1.623306
  step 12500: val_bpb=1.627466
  step 12500: train_bpb=7.4406 (28ms)
  step 12750: val_bpb=1.628656
  step 13000: val_bpb=1.613009
  step 13000: train_bpb=7.5940 (28ms)
  step 13250: val_bpb=1.608990
  step 13500: val_bpb=1.607604
  step 13500: train_bpb=8.2058 (28ms)
  step 13750: val_bpb=1.591209
  step 14000: val_bpb=1.590592
  step 14000: train_bpb=8.3192 (28ms)
  step 14250: val_bpb=1.578655
  step 14500: val_bpb=1.574208
  step 14500: train_bpb=8.1592 (28ms)
  step 14750: val_bpb=1.575319
  step 15000: val_bpb=1.577454
  step 15000: train_bpb=8.0288 (28ms)
  step 15250: val_bpb=1.557318
  step 15500: val_bpb=1.563986
  step 15500: train_bpb=7.8597 (28ms)
  step 15750: val_bpb=1.563320
  step 16000: val_bpb=1.570710
  step 16000: train_bpb=8.2048 (28ms)
  step 16250: val_bpb=1.568929
  step 16500: val_bpb=1.563188
  step 16500: train_bpb=7.7725 (28ms)
  step 16750: val_bpb=1.562561
  step 17000: val_bpb=1.537304
  step 17000: train_bpb=8.6487 (28ms)
  step 17250: val_bpb=1.545566
  step 17500: val_bpb=1.529741
  step 17500: train_bpb=7.3148 (29ms)
  step 17750: val_bpb=1.528458
  step 18000: val_bpb=1.524228
  step 18000: train_bpb=7.0375 (28ms)
  step 18250: val_bpb=1.529575
  step 18500: val_bpb=1.523927
  step 18500: train_bpb=8.0431 (28ms)
  step 18750: val_bpb=1.512182
  step 19000: val_bpb=1.509951
  step 19000: train_bpb=8.1608 (28ms)
  step 19250: val_bpb=1.504693
  step 19500: val_bpb=1.497242
  step 19500: train_bpb=6.8307 (28ms)
  step 19750: val_bpb=1.487631
  step 20000: val_bpb=1.487537

Saved results to /mnt/sharefs/user54/nanoe/runs/enigma_s5_prod_composites_r1/results/H532_H538_20k_real.json
Final BPB: 1.487537
