=== ENIGMA Stage 5 Composite Rerun — none ===
Host: us-west-a2-gpu-001
GPU: NVIDIA B200, 183359 MiB
Steps: 20000, Depth: 12
=== ENIGMA Stage 5 Production — none ===
Steps: 20000, Depth: 12, Eval every: 250
Features: []
Scaling the LR for the AdamW parameters ∝1/√(768/768) = 1.000000
  step     0: val_bpb=3.013478
  step     0: train_bpb=15.3235 (285ms)
  step   250: val_bpb=1.973198
  step   500: val_bpb=1.897766
  step   500: train_bpb=9.3334 (28ms)
  step   750: val_bpb=1.867471
  step  1000: val_bpb=1.858033
  step  1000: train_bpb=9.7412 (28ms)
  step  1250: val_bpb=1.809238
  step  1500: val_bpb=1.799996
  step  1500: train_bpb=8.8948 (29ms)
  step  1750: val_bpb=1.756246
  step  2000: val_bpb=1.830845
  step  2000: train_bpb=9.3168 (28ms)
  step  2250: val_bpb=1.766948
  step  2500: val_bpb=1.750010
  step  2500: train_bpb=8.7443 (28ms)
  step  2750: val_bpb=1.735191
  step  3000: val_bpb=1.737640
  step  3000: train_bpb=8.6115 (29ms)
  step  3250: val_bpb=1.718193
  step  3500: val_bpb=1.731128
  step  3500: train_bpb=8.8293 (28ms)
  step  3750: val_bpb=1.714613
  step  4000: val_bpb=1.715607
  step  4000: train_bpb=8.4083 (28ms)
  step  4250: val_bpb=1.748032
  step  4500: val_bpb=1.727104
  step  4500: train_bpb=8.5152 (28ms)
  step  4750: val_bpb=1.692316
  step  5000: val_bpb=1.714522
  step  5000: train_bpb=8.5014 (29ms)
  step  5250: val_bpb=1.727384
  step  5500: val_bpb=1.749744
  step  5500: train_bpb=8.8740 (28ms)
  step  5750: val_bpb=1.761092
  step  6000: val_bpb=1.729218
  step  6000: train_bpb=8.8427 (28ms)
  step  6250: val_bpb=1.706203
  step  6500: val_bpb=1.704152
  step  6500: train_bpb=8.3464 (28ms)
  step  6750: val_bpb=1.715892
  step  7000: val_bpb=1.690552
  step  7000: train_bpb=8.9842 (28ms)
  step  7250: val_bpb=1.695707
  step  7500: val_bpb=1.677088
  step  7500: train_bpb=9.0178 (28ms)
  step  7750: val_bpb=1.677884
  step  8000: val_bpb=1.673657
  step  8000: train_bpb=8.0082 (28ms)
  step  8250: val_bpb=1.641622
  step  8500: val_bpb=1.649037
  step  8500: train_bpb=8.8975 (28ms)
  step  8750: val_bpb=1.665955
  step  9000: val_bpb=1.643142
  step  9000: train_bpb=8.3258 (28ms)
  step  9250: val_bpb=1.645296
  step  9500: val_bpb=1.667931
  step  9500: train_bpb=8.4838 (28ms)
  step  9750: val_bpb=1.641653
  step 10000: val_bpb=1.646505
  step 10000: train_bpb=8.6390 (28ms)
  step 10250: val_bpb=1.650424
  step 10500: val_bpb=1.656708
  step 10500: train_bpb=7.5837 (28ms)
  step 10750: val_bpb=1.619490
  step 11000: val_bpb=1.620483
  step 11000: train_bpb=7.7441 (28ms)
  step 11250: val_bpb=1.601665
  step 11500: val_bpb=1.608835
  step 11500: train_bpb=8.5792 (28ms)
  step 11750: val_bpb=1.600128
  step 12000: val_bpb=1.621090
  step 12000: train_bpb=8.2120 (28ms)
  step 12250: val_bpb=1.610775
  step 12500: val_bpb=1.590454
  step 12500: train_bpb=7.3430 (28ms)
  step 12750: val_bpb=1.588709
  step 13000: val_bpb=1.576417
  step 13000: train_bpb=7.3129 (28ms)
  step 13250: val_bpb=1.544148
  step 13500: val_bpb=1.558229
  step 13500: train_bpb=8.2085 (28ms)
  step 13750: val_bpb=1.560240
  step 14000: val_bpb=1.558185
  step 14000: train_bpb=8.2946 (28ms)
  step 14250: val_bpb=1.531087
  step 14500: val_bpb=1.536695
  step 14500: train_bpb=8.0177 (29ms)
  step 14750: val_bpb=1.536233
  step 15000: val_bpb=1.518031
  step 15000: train_bpb=7.7642 (28ms)
  step 15250: val_bpb=1.514256
  step 15500: val_bpb=1.519082
  step 15500: train_bpb=7.6768 (28ms)
  step 15750: val_bpb=1.496650
  step 16000: val_bpb=1.502113
  step 16000: train_bpb=7.9020 (28ms)
  step 16250: val_bpb=1.515394
  step 16500: val_bpb=1.511502
  step 16500: train_bpb=7.6045 (28ms)
  step 16750: val_bpb=1.500464
  step 17000: val_bpb=1.487170
  step 17000: train_bpb=8.2997 (30ms)
  step 17250: val_bpb=1.500694
  step 17500: val_bpb=1.468627
  step 17500: train_bpb=7.1941 (28ms)
  step 17750: val_bpb=1.468499
  step 18000: val_bpb=1.473225
  step 18000: train_bpb=6.8014 (28ms)
  step 18250: val_bpb=1.469989
  step 18500: val_bpb=1.453562
  step 18500: train_bpb=7.9034 (28ms)
  step 18750: val_bpb=1.455344
  step 19000: val_bpb=1.462858
  step 19000: train_bpb=7.9652 (28ms)
  step 19250: val_bpb=1.451777
  step 19500: val_bpb=1.440391
  step 19500: train_bpb=6.7272 (29ms)
  step 19750: val_bpb=1.437252
  step 20000: val_bpb=1.433856

Saved results to /mnt/sharefs/user54/nanoe/runs/enigma_s5_prod_composites_r1/results/none_20k_real.json
Final BPB: 1.433856
