=== ENIGMA Stage 5 Composite Rerun — H532_H533 ===
Host: us-west-a2-gpu-001
GPU: NVIDIA B200, 183359 MiB
Steps: 20000, Depth: 12
=== ENIGMA Stage 5 Production — H532_H533 ===
Steps: 20000, Depth: 12, Eval every: 250
Features: ['H532', 'H533']
Scaling the LR for the AdamW parameters ∝1/√(768/768) = 1.000000
  step     0: val_bpb=3.013478
  step     0: train_bpb=15.3235 (185ms)
  step   250: val_bpb=1.962261
  step   500: val_bpb=1.877475
  step   500: train_bpb=9.3075 (28ms)
  step   750: val_bpb=1.853885
  step  1000: val_bpb=1.853417
  step  1000: train_bpb=9.5904 (28ms)
  step  1250: val_bpb=1.809916
  step  1500: val_bpb=1.773416
  step  1500: train_bpb=8.9065 (28ms)
  step  1750: val_bpb=1.742907
  step  2000: val_bpb=1.792650
  step  2000: train_bpb=9.2365 (28ms)
  step  2250: val_bpb=1.765513
  step  2500: val_bpb=1.733716
  step  2500: train_bpb=8.7396 (27ms)
  step  2750: val_bpb=1.728065
  step  3000: val_bpb=1.716243
  step  3000: train_bpb=8.4587 (28ms)
  step  3250: val_bpb=1.705897
  step  3500: val_bpb=1.700311
  step  3500: train_bpb=8.7004 (28ms)
  step  3750: val_bpb=1.725782
  step  4000: val_bpb=1.688891
  step  4000: train_bpb=8.2598 (28ms)
  step  4250: val_bpb=1.673183
  step  4500: val_bpb=1.706351
  step  4500: train_bpb=8.5135 (28ms)
  step  4750: val_bpb=1.678314
  step  5000: val_bpb=1.699582
  step  5000: train_bpb=8.3298 (28ms)
  step  5250: val_bpb=1.708755
  step  5500: val_bpb=1.695964
  step  5500: train_bpb=8.5327 (28ms)
  step  5750: val_bpb=1.697845
  step  6000: val_bpb=1.684121
  step  6000: train_bpb=8.6650 (28ms)
  step  6250: val_bpb=1.660489
  step  6500: val_bpb=1.684398
  step  6500: train_bpb=8.2426 (28ms)
  step  6750: val_bpb=1.685938
  step  7000: val_bpb=1.666892
  step  7000: train_bpb=8.9441 (28ms)
  step  7250: val_bpb=1.691191
  step  7500: val_bpb=1.675104
  step  7500: train_bpb=8.8804 (28ms)
  step  7750: val_bpb=1.685742
  step  8000: val_bpb=1.657697
  step  8000: train_bpb=8.0018 (28ms)
  step  8250: val_bpb=1.641763
  step  8500: val_bpb=1.665381
  step  8500: train_bpb=8.7735 (28ms)
  step  8750: val_bpb=1.649627
  step  9000: val_bpb=1.638209
  step  9000: train_bpb=8.3193 (28ms)
  step  9250: val_bpb=1.641355
  step  9500: val_bpb=1.646668
  step  9500: train_bpb=8.5700 (28ms)
  step  9750: val_bpb=1.651646
  step 10000: val_bpb=1.655253
  step 10000: train_bpb=8.6194 (28ms)
  step 10250: val_bpb=1.647903
  step 10500: val_bpb=1.633065
  step 10500: train_bpb=7.5227 (28ms)
  step 10750: val_bpb=1.603601
  step 11000: val_bpb=1.620138
  step 11000: train_bpb=7.7471 (29ms)
  step 11250: val_bpb=1.623180
  step 11500: val_bpb=1.617062
  step 11500: train_bpb=8.5411 (28ms)
  step 11750: val_bpb=1.622365
  step 12000: val_bpb=1.625712
  step 12000: train_bpb=8.1211 (28ms)
  step 12250: val_bpb=1.608892
  step 12500: val_bpb=1.595656
  step 12500: train_bpb=7.2250 (28ms)
  step 12750: val_bpb=1.587530
  step 13000: val_bpb=1.571707
  step 13000: train_bpb=7.3015 (28ms)
  step 13250: val_bpb=1.558287
  step 13500: val_bpb=1.566595
  step 13500: train_bpb=8.1551 (28ms)
  step 13750: val_bpb=1.562454
  step 14000: val_bpb=1.565908
  step 14000: train_bpb=8.2504 (28ms)
  step 14250: val_bpb=1.554348
  step 14500: val_bpb=1.548358
  step 14500: train_bpb=7.9819 (28ms)
  step 14750: val_bpb=1.543394
  step 15000: val_bpb=1.542715
  step 15000: train_bpb=7.8379 (28ms)
  step 15250: val_bpb=1.524838
  step 15500: val_bpb=1.538064
  step 15500: train_bpb=7.7885 (32ms)
  step 15750: val_bpb=1.521134
  step 16000: val_bpb=1.509857
  step 16000: train_bpb=7.8331 (29ms)
  step 16250: val_bpb=1.530741
  step 16500: val_bpb=1.515411
  step 16500: train_bpb=7.6389 (28ms)
  step 16750: val_bpb=1.503119
  step 17000: val_bpb=1.492080
  step 17000: train_bpb=8.3529 (28ms)
  step 17250: val_bpb=1.497598
  step 17500: val_bpb=1.477290
  step 17500: train_bpb=7.2437 (28ms)
  step 17750: val_bpb=1.483173
  step 18000: val_bpb=1.485792
  step 18000: train_bpb=6.7037 (28ms)
  step 18250: val_bpb=1.476081
  step 18500: val_bpb=1.473817
  step 18500: train_bpb=7.7527 (28ms)
  step 18750: val_bpb=1.460088
  step 19000: val_bpb=1.463407
  step 19000: train_bpb=7.9508 (28ms)
  step 19250: val_bpb=1.454428
  step 19500: val_bpb=1.445957
  step 19500: train_bpb=6.6934 (28ms)
  step 19750: val_bpb=1.438895
  step 20000: val_bpb=1.439742

Saved results to /mnt/sharefs/user54/nanoe/runs/enigma_s5_prod_composites_r1/results/H532_H533_20k_real.json
Final BPB: 1.439742
