=== ENIGMA Stage 5 Composite Rerun — H532_H533_H535_H538 ===
Host: us-west-a2-gpu-024
GPU: NVIDIA B200, 183359 MiB
Steps: 20000, Depth: 12
[ENIGMA] Patched MuonAdamW._step_adamw with H538 seeded first-gradient second moment
=== ENIGMA Stage 5 Production — H532_H533_H535_H538 ===
Steps: 20000, Depth: 12, Eval every: 250
Features: ['H532', 'H533', 'H535', 'H538']
Scaling the LR for the AdamW parameters ∝1/√(768/768) = 1.000000
  step     0: val_bpb=3.013478
  step     0: train_bpb=15.3235 (187ms)
  step   250: val_bpb=1.991968
  step   500: val_bpb=1.888527
  step   500: train_bpb=9.3618 (28ms)
  step   750: val_bpb=1.906701
  step  1000: val_bpb=1.879366
  step  1000: train_bpb=9.9072 (28ms)
  step  1250: val_bpb=1.840347
  step  1500: val_bpb=1.799552
  step  1500: train_bpb=9.0486 (28ms)
  step  1750: val_bpb=1.772542
  step  2000: val_bpb=1.800076
  step  2000: train_bpb=9.1951 (28ms)
  step  2250: val_bpb=1.772488
  step  2500: val_bpb=1.762545
  step  2500: train_bpb=8.7968 (28ms)
  step  2750: val_bpb=1.735637
  step  3000: val_bpb=1.726206
  step  3000: train_bpb=8.6885 (28ms)
  step  3250: val_bpb=1.723898
  step  3500: val_bpb=1.727071
  step  3500: train_bpb=8.8422 (28ms)
  step  3750: val_bpb=1.723617
  step  4000: val_bpb=1.707160
  step  4000: train_bpb=8.6321 (28ms)
  step  4250: val_bpb=1.679631
  step  4500: val_bpb=1.715096
  step  4500: train_bpb=8.5077 (28ms)
  step  4750: val_bpb=1.679968
  step  5000: val_bpb=1.710201
  step  5000: train_bpb=8.6499 (28ms)
  step  5250: val_bpb=1.702447
  step  5500: val_bpb=1.683076
  step  5500: train_bpb=8.6993 (28ms)
  step  5750: val_bpb=1.713250
  step  6000: val_bpb=1.691123
  step  6000: train_bpb=8.8710 (28ms)
  step  6250: val_bpb=1.698042
  step  6500: val_bpb=1.697692
  step  6500: train_bpb=8.3768 (28ms)
  step  6750: val_bpb=1.682391
  step  7000: val_bpb=1.678772
  step  7000: train_bpb=8.9245 (28ms)
  step  7250: val_bpb=1.682990
  step  7500: val_bpb=1.681625
  step  7500: train_bpb=8.9169 (28ms)
  step  7750: val_bpb=1.695750
  step  8000: val_bpb=1.688758
  step  8000: train_bpb=8.1617 (29ms)
  step  8250: val_bpb=1.675483
  step  8500: val_bpb=1.682948
  step  8500: train_bpb=8.8554 (28ms)
  step  8750: val_bpb=1.678194
  step  9000: val_bpb=1.656756
  step  9000: train_bpb=8.4741 (28ms)
  step  9250: val_bpb=1.651557
  step  9500: val_bpb=1.663985
  step  9500: train_bpb=8.6013 (28ms)
  step  9750: val_bpb=1.672800
  step 10000: val_bpb=1.687360
  step 10000: train_bpb=8.8619 (28ms)
  step 10250: val_bpb=1.662733
  step 10500: val_bpb=1.668202
  step 10500: train_bpb=7.5668 (28ms)
  step 10750: val_bpb=1.637812
  step 11000: val_bpb=1.638433
  step 11000: train_bpb=7.8025 (29ms)
  step 11250: val_bpb=1.652024
  step 11500: val_bpb=1.631640
  step 11500: train_bpb=9.0789 (28ms)
  step 11750: val_bpb=1.624114
  step 12000: val_bpb=1.627750
  step 12000: train_bpb=8.3303 (28ms)
  step 12250: val_bpb=1.606069
  step 12500: val_bpb=1.617799
  step 12500: train_bpb=7.3254 (28ms)
  step 12750: val_bpb=1.603072
  step 13000: val_bpb=1.595942
  step 13000: train_bpb=7.6490 (28ms)
  step 13250: val_bpb=1.594829
  step 13500: val_bpb=1.586846
  step 13500: train_bpb=8.2669 (28ms)
  step 13750: val_bpb=1.589622
  step 14000: val_bpb=1.581732
  step 14000: train_bpb=8.3621 (28ms)
  step 14250: val_bpb=1.568250
  step 14500: val_bpb=1.564666
  step 14500: train_bpb=8.2087 (28ms)
  step 14750: val_bpb=1.560700
  step 15000: val_bpb=1.563138
  step 15000: train_bpb=8.0985 (28ms)
  step 15250: val_bpb=1.543015
  step 15500: val_bpb=1.551523
  step 15500: train_bpb=7.8944 (28ms)
  step 15750: val_bpb=1.545349
  step 16000: val_bpb=1.538227
  step 16000: train_bpb=8.2249 (28ms)
  step 16250: val_bpb=1.546392
  step 16500: val_bpb=1.543323
  step 16500: train_bpb=7.7482 (28ms)
  step 16750: val_bpb=1.530161
  step 17000: val_bpb=1.510226
  step 17000: train_bpb=8.5967 (28ms)
  step 17250: val_bpb=1.518881
  step 17500: val_bpb=1.512635
  step 17500: train_bpb=7.3664 (28ms)
  step 17750: val_bpb=1.503855
  step 18000: val_bpb=1.501807
  step 18000: train_bpb=7.0092 (28ms)
  step 18250: val_bpb=1.502784
  step 18500: val_bpb=1.493606
  step 18500: train_bpb=8.1543 (28ms)
  step 18750: val_bpb=1.483489
  step 19000: val_bpb=1.488558
  step 19000: train_bpb=8.1535 (28ms)
  step 19250: val_bpb=1.479274
  step 19500: val_bpb=1.471229
  step 19500: train_bpb=6.8878 (28ms)
  step 19750: val_bpb=1.465726
  step 20000: val_bpb=1.463904

Saved results to /mnt/sharefs/user54/nanoe/runs/enigma_s5_prod_composites_r1/results/H532_H533_H535_H538_20k_real.json
Final BPB: 1.463904
