=== ENIGMA Stage 5 Production — H504_beta2_phase2 ===
Host: us-west-a2-gpu-013
GPU: NVIDIA B200, 183359 MiB
Steps: 20000, Depth: 12
=== ENIGMA Stage 4 Extension — H504_beta2_phase2 ===
Steps: 20000, Depth: 12, Eval every: 250
Features: ['H504']
Scaling the LR for the AdamW parameters ∝1/√(768/768) = 1.000000
  step     0: val_bpb=3.013478
  step     0: train_bpb=15.3235 (436ms)
  step   250: val_bpb=1.981474
  step   500: val_bpb=1.870685
  step   500: train_bpb=9.2718 (28ms)
  step   750: val_bpb=1.857471
  step  1000: val_bpb=1.847866
  step  1000: train_bpb=9.5175 (28ms)
  step  1250: val_bpb=1.821154
  step  1500: val_bpb=1.848995
  step  1500: train_bpb=9.1948 (28ms)
  step  1750: val_bpb=1.757901
  step  2000: val_bpb=1.781818
  step  2000: train_bpb=9.2027 (28ms)
  step  2250: val_bpb=1.779123
  step  2500: val_bpb=1.739784
  step  2500: train_bpb=8.6824 (28ms)
  step  2750: val_bpb=1.730187
  step  3000: val_bpb=1.707077
  step  3000: train_bpb=8.4684 (28ms)
  step  3250: val_bpb=1.722208
  step  3500: val_bpb=1.712330
  step  3500: train_bpb=8.8061 (28ms)
  step  3750: val_bpb=1.704817
  step  4000: val_bpb=1.683987
  step  4000: train_bpb=8.4798 (28ms)
  step  4250: val_bpb=1.692995
  step  4500: val_bpb=1.709577
  step  4500: train_bpb=8.4640 (28ms)
  step  4750: val_bpb=1.674304
  step  5000: val_bpb=1.673986
  step  5000: train_bpb=8.5277 (28ms)
  step  5250: val_bpb=1.682841
  step  5500: val_bpb=1.683207
  step  5500: train_bpb=8.5878 (28ms)
  step  5750: val_bpb=1.664665
  step  6000: val_bpb=1.665208
  step  6000: train_bpb=8.6084 (28ms)
  step  6250: val_bpb=1.678473
  step  6500: val_bpb=1.671071
  step  6500: train_bpb=8.1453 (28ms)
  step  6750: val_bpb=1.661233
  step  7000: val_bpb=1.660185
  step  7000: train_bpb=8.8205 (27ms)
  step  7250: val_bpb=1.658886
  step  7500: val_bpb=1.663972
  step  7500: train_bpb=8.8174 (28ms)
  step  7750: val_bpb=1.669633
  step  8000: val_bpb=1.671747
  step  8000: train_bpb=8.0911 (28ms)
  step  8250: val_bpb=1.645361
  step  8500: val_bpb=1.656587
  step  8500: train_bpb=8.7802 (28ms)
  step  8750: val_bpb=1.659181
  step  9000: val_bpb=1.638872
  step  9000: train_bpb=8.3391 (28ms)
  step  9250: val_bpb=1.651298
  step  9500: val_bpb=1.665931
  step  9500: train_bpb=8.5531 (28ms)
  step  9750: val_bpb=1.678807
  step 10000: val_bpb=1.674236
  step 10000: train_bpb=8.7798 (28ms)
  step 10250: val_bpb=1.662225
  step 10500: val_bpb=1.651696
  step 10500: train_bpb=7.5789 (27ms)
  step 10750: val_bpb=1.628680
  step 11000: val_bpb=1.621006
  step 11000: train_bpb=7.8055 (29ms)
  step 11250: val_bpb=1.634853
  step 11500: val_bpb=1.629161
  step 11500: train_bpb=9.1245 (28ms)
  step 11750: val_bpb=1.623810
  step 12000: val_bpb=1.625187
  step 12000: train_bpb=8.2242 (28ms)
  step 12250: val_bpb=1.614345
  step 12500: val_bpb=1.623568
  step 12500: train_bpb=7.2948 (28ms)
  step 12750: val_bpb=1.612812
  step 13000: val_bpb=1.600862
  step 13000: train_bpb=7.5857 (28ms)
  step 13250: val_bpb=1.590141
  step 13500: val_bpb=1.598996
  step 13500: train_bpb=8.2674 (28ms)
  step 13750: val_bpb=1.587975
  step 14000: val_bpb=1.579991
  step 14000: train_bpb=8.2779 (28ms)
  step 14250: val_bpb=1.576154
  step 14500: val_bpb=1.565687
  step 14500: train_bpb=8.1279 (28ms)
  step 14750: val_bpb=1.559503
  step 15000: val_bpb=1.568690
  step 15000: train_bpb=8.0302 (27ms)
  step 15250: val_bpb=1.556026
  step 15500: val_bpb=1.566030
  step 15500: train_bpb=7.8564 (28ms)
  step 15750: val_bpb=1.564872
  step 16000: val_bpb=1.560401
  step 16000: train_bpb=8.1579 (28ms)
  step 16250: val_bpb=1.564914
  step 16500: val_bpb=1.551588
  step 16500: train_bpb=7.7346 (28ms)
  step 16750: val_bpb=1.544080
  step 17000: val_bpb=1.536498
  step 17000: train_bpb=8.5667 (27ms)
  step 17250: val_bpb=1.540179
  step 17500: val_bpb=1.528501
  step 17500: train_bpb=7.3455 (27ms)
  step 17750: val_bpb=1.519772
  step 18000: val_bpb=1.519937
  step 18000: train_bpb=6.9904 (28ms)
  step 18250: val_bpb=1.521056
  step 18500: val_bpb=1.513680
  step 18500: train_bpb=8.0205 (28ms)
  step 18750: val_bpb=1.501980
  step 19000: val_bpb=1.498829
  step 19000: train_bpb=8.0720 (28ms)
  step 19250: val_bpb=1.487958
  step 19500: val_bpb=1.481797
  step 19500: train_bpb=6.8368 (28ms)
  step 19750: val_bpb=1.473464
  step 20000: val_bpb=1.472454

Saved results to /mnt/sharefs/user54/nanoe/runs/enigma_s5_prod/results/H504_beta2_phase2_20k_real.json
Final BPB: 1.472454
