=== ENIGMA Stage 5 Production — H64_H60_H73_H71 ===
Host: us-west-a2-gpu-012
GPU: NVIDIA B200, 183359 MiB
Steps: 20000, Depth: 12
[ENIGMA] Patched MuonAdamW._step_muon with faithful H64 Nesterov blend schedule
[ENIGMA] Patched adamw_step_fused with combined H71+H73
=== ENIGMA Stage 4 Extension — H64_H60_H73_H71 ===
Steps: 20000, Depth: 12, Eval every: 250
Features: ['H60', 'H64', 'H71', 'H73']
Scaling the LR for the AdamW parameters ∝1/√(768/768) = 1.000000
  step     0: val_bpb=3.013478
  step     0: train_bpb=15.3235 (441ms)
  step   250: val_bpb=1.987754
  step   500: val_bpb=1.873040
  step   500: train_bpb=9.3344 (29ms)
  step   750: val_bpb=1.840668
  step  1000: val_bpb=1.835051
  step  1000: train_bpb=9.5480 (29ms)
  step  1250: val_bpb=1.800318
  step  1500: val_bpb=1.790880
  step  1500: train_bpb=8.9124 (28ms)
  step  1750: val_bpb=1.724686
  step  2000: val_bpb=1.746876
  step  2000: train_bpb=9.0687 (28ms)
  step  2250: val_bpb=1.751650
  step  2500: val_bpb=1.712534
  step  2500: train_bpb=8.6053 (28ms)
  step  2750: val_bpb=1.708274
  step  3000: val_bpb=1.710122
  step  3000: train_bpb=8.5630 (29ms)
  step  3250: val_bpb=1.716393
  step  3500: val_bpb=1.696347
  step  3500: train_bpb=8.7007 (29ms)
  step  3750: val_bpb=1.686228
  step  4000: val_bpb=1.690221
  step  4000: train_bpb=8.4173 (28ms)
  step  4250: val_bpb=1.672198
  step  4500: val_bpb=1.693050
  step  4500: train_bpb=8.3767 (28ms)
  step  4750: val_bpb=1.662014
  step  5000: val_bpb=1.684197
  step  5000: train_bpb=8.4153 (28ms)
  step  5250: val_bpb=1.690834
  step  5500: val_bpb=1.686658
  step  5500: train_bpb=8.6029 (28ms)
  step  5750: val_bpb=1.692087
  step  6000: val_bpb=1.662528
  step  6000: train_bpb=8.7185 (28ms)
  step  6250: val_bpb=1.671528
  step  6500: val_bpb=1.667071
  step  6500: train_bpb=8.2651 (28ms)
  step  6750: val_bpb=1.648132
  step  7000: val_bpb=1.645447
  step  7000: train_bpb=8.8418 (28ms)
  step  7250: val_bpb=1.651984
  step  7500: val_bpb=1.676185
  step  7500: train_bpb=8.8407 (29ms)
  step  7750: val_bpb=1.660543
  step  8000: val_bpb=1.658673
  step  8000: train_bpb=8.0416 (28ms)
  step  8250: val_bpb=1.624578
  step  8500: val_bpb=1.645891
  step  8500: train_bpb=8.7301 (28ms)
  step  8750: val_bpb=1.652404
  step  9000: val_bpb=1.631973
  step  9000: train_bpb=8.2893 (28ms)
  step  9250: val_bpb=1.623098
  step  9500: val_bpb=1.641033
  step  9500: train_bpb=8.5304 (29ms)
  step  9750: val_bpb=1.653212
  step 10000: val_bpb=1.665554
  step 10000: train_bpb=8.8067 (28ms)
  step 10250: val_bpb=1.642994
  step 10500: val_bpb=1.641532
  step 10500: train_bpb=7.4797 (28ms)
  step 10750: val_bpb=1.625304
  step 11000: val_bpb=1.612079
  step 11000: train_bpb=7.7021 (28ms)
  step 11250: val_bpb=1.622836
  step 11500: val_bpb=1.609787
  step 11500: train_bpb=8.9054 (28ms)
  step 11750: val_bpb=1.607599
  step 12000: val_bpb=1.610056
  step 12000: train_bpb=8.2429 (29ms)
  step 12250: val_bpb=1.616941
  step 12500: val_bpb=1.601421
  step 12500: train_bpb=7.3345 (28ms)
  step 12750: val_bpb=1.585542
  step 13000: val_bpb=1.596650
  step 13000: train_bpb=7.4997 (29ms)
  step 13250: val_bpb=1.577675
  step 13500: val_bpb=1.592239
  step 13500: train_bpb=8.2951 (28ms)
  step 13750: val_bpb=1.569031
  step 14000: val_bpb=1.573111
  step 14000: train_bpb=8.3121 (28ms)
  step 14250: val_bpb=1.566982
  step 14500: val_bpb=1.558482
  step 14500: train_bpb=8.1195 (28ms)
  step 14750: val_bpb=1.557904
  step 15000: val_bpb=1.543168
  step 15000: train_bpb=7.9456 (28ms)
  step 15250: val_bpb=1.533964
  step 15500: val_bpb=1.532104
  step 15500: train_bpb=7.7625 (28ms)
  step 15750: val_bpb=1.529000
  step 16000: val_bpb=1.521769
  step 16000: train_bpb=8.0733 (28ms)
  step 16250: val_bpb=1.531560
  step 16500: val_bpb=1.519195
  step 16500: train_bpb=7.6484 (28ms)
  step 16750: val_bpb=1.505446
  step 17000: val_bpb=1.494287
  step 17000: train_bpb=8.5129 (28ms)
  step 17250: val_bpb=1.496667
  step 17500: val_bpb=1.490405
  step 17500: train_bpb=7.2223 (28ms)
  step 17750: val_bpb=1.481277
  step 18000: val_bpb=1.469037
  step 18000: train_bpb=6.9546 (28ms)
  step 18250: val_bpb=1.478861
  step 18500: val_bpb=1.467092
  step 18500: train_bpb=7.8081 (29ms)
  step 18750: val_bpb=1.449101
  step 19000: val_bpb=1.465360
  step 19000: train_bpb=7.9550 (28ms)
  step 19250: val_bpb=1.449720
  step 19500: val_bpb=1.440276
  step 19500: train_bpb=6.6765 (28ms)
  step 19750: val_bpb=1.433115
  step 20000: val_bpb=1.430382

Saved results to /mnt/sharefs/user54/nanoe/runs/enigma_s5_prod/results/H64_H60_H73_H71_20k_real.json
Final BPB: 1.430382
