=== ENIGMA Stage 5 Production — H64_H73_H71 ===
Host: us-west-a2-gpu-012
GPU: NVIDIA B200, 183359 MiB
Steps: 20000, Depth: 12
[ENIGMA] Patched MuonAdamW._step_muon with faithful H64 Nesterov blend schedule
[ENIGMA] Patched adamw_step_fused with combined H71+H73
=== ENIGMA Stage 4 Extension — H64_H73_H71 ===
Steps: 20000, Depth: 12, Eval every: 250
Features: ['H64', 'H71', 'H73']
Scaling the LR for the AdamW parameters ∝1/√(768/768) = 1.000000
  step     0: val_bpb=3.013478
  step     0: train_bpb=15.3235 (441ms)
  step   250: val_bpb=1.987055
  step   500: val_bpb=1.881582
  step   500: train_bpb=9.3631 (28ms)
  step   750: val_bpb=1.855002
  step  1000: val_bpb=1.849134
  step  1000: train_bpb=9.5675 (28ms)
  step  1250: val_bpb=1.819676
  step  1500: val_bpb=1.777485
  step  1500: train_bpb=8.8721 (28ms)
  step  1750: val_bpb=1.712650
  step  2000: val_bpb=1.724200
  step  2000: train_bpb=9.0188 (28ms)
  step  2250: val_bpb=1.743171
  step  2500: val_bpb=1.721867
  step  2500: train_bpb=8.5968 (28ms)
  step  2750: val_bpb=1.721982
  step  3000: val_bpb=1.686646
  step  3000: train_bpb=8.5430 (28ms)
  step  3250: val_bpb=1.706107
  step  3500: val_bpb=1.686854
  step  3500: train_bpb=8.6389 (28ms)
  step  3750: val_bpb=1.699726
  step  4000: val_bpb=1.672586
  step  4000: train_bpb=8.1026 (28ms)
  step  4250: val_bpb=1.674412
  step  4500: val_bpb=1.694887
  step  4500: train_bpb=8.4494 (28ms)
  step  4750: val_bpb=1.662284
  step  5000: val_bpb=1.672413
  step  5000: train_bpb=8.4273 (28ms)
  step  5250: val_bpb=1.682781
  step  5500: val_bpb=1.677856
  step  5500: train_bpb=8.5758 (28ms)
  step  5750: val_bpb=1.666506
  step  6000: val_bpb=1.652354
  step  6000: train_bpb=8.6999 (28ms)
  step  6250: val_bpb=1.657624
  step  6500: val_bpb=1.659952
  step  6500: train_bpb=8.1891 (28ms)
  step  6750: val_bpb=1.638413
  step  7000: val_bpb=1.624621
  step  7000: train_bpb=8.8781 (28ms)
  step  7250: val_bpb=1.648411
  step  7500: val_bpb=1.665615
  step  7500: train_bpb=8.8117 (28ms)
  step  7750: val_bpb=1.658659
  step  8000: val_bpb=1.638883
  step  8000: train_bpb=8.0860 (28ms)
  step  8250: val_bpb=1.626538
  step  8500: val_bpb=1.635721
  step  8500: train_bpb=8.8241 (28ms)
  step  8750: val_bpb=1.638816
  step  9000: val_bpb=1.620724
  step  9000: train_bpb=8.2819 (28ms)
  step  9250: val_bpb=1.635503
  step  9500: val_bpb=1.635042
  step  9500: train_bpb=8.4584 (28ms)
  step  9750: val_bpb=1.637386
  step 10000: val_bpb=1.665480
  step 10000: train_bpb=8.7092 (28ms)
  step 10250: val_bpb=1.633990
  step 10500: val_bpb=1.635074
  step 10500: train_bpb=7.5253 (28ms)
  step 10750: val_bpb=1.614045
  step 11000: val_bpb=1.622785
  step 11000: train_bpb=7.7021 (29ms)
  step 11250: val_bpb=1.625523
  step 11500: val_bpb=1.609398
  step 11500: train_bpb=8.8532 (28ms)
  step 11750: val_bpb=1.609450
  step 12000: val_bpb=1.612437
  step 12000: train_bpb=8.2339 (28ms)
  step 12250: val_bpb=1.594018
  step 12500: val_bpb=1.599246
  step 12500: train_bpb=7.3792 (28ms)
  step 12750: val_bpb=1.587047
  step 13000: val_bpb=1.586031
  step 13000: train_bpb=7.4532 (28ms)
  step 13250: val_bpb=1.575008
  step 13500: val_bpb=1.577252
  step 13500: train_bpb=8.2492 (28ms)
  step 13750: val_bpb=1.576305
  step 14000: val_bpb=1.579449
  step 14000: train_bpb=8.3281 (28ms)
  step 14250: val_bpb=1.560734
  step 14500: val_bpb=1.550721
  step 14500: train_bpb=8.0625 (28ms)
  step 14750: val_bpb=1.548122
  step 15000: val_bpb=1.547304
  step 15000: train_bpb=8.0130 (28ms)
  step 15250: val_bpb=1.520944
  step 15500: val_bpb=1.536546
  step 15500: train_bpb=7.7669 (28ms)
  step 15750: val_bpb=1.540731
  step 16000: val_bpb=1.527626
  step 16000: train_bpb=8.1371 (28ms)
  step 16250: val_bpb=1.541714
  step 16500: val_bpb=1.519378
  step 16500: train_bpb=7.7659 (28ms)
  step 16750: val_bpb=1.533610
  step 17000: val_bpb=1.501691
  step 17000: train_bpb=8.5139 (28ms)
  step 17250: val_bpb=1.507042
  step 17500: val_bpb=1.491556
  step 17500: train_bpb=7.2610 (28ms)
  step 17750: val_bpb=1.490205
  step 18000: val_bpb=1.483829
  step 18000: train_bpb=6.9862 (28ms)
  step 18250: val_bpb=1.477466
  step 18500: val_bpb=1.469993
  step 18500: train_bpb=7.9879 (28ms)
  step 18750: val_bpb=1.459355
  step 19000: val_bpb=1.469367
  step 19000: train_bpb=8.0665 (28ms)
  step 19250: val_bpb=1.459844
  step 19500: val_bpb=1.450076
  step 19500: train_bpb=6.7476 (28ms)
  step 19750: val_bpb=1.438301
  step 20000: val_bpb=1.436129

Saved results to /mnt/sharefs/user54/nanoe/runs/enigma_s5_prod/results/H64_H73_H71_20k_real.json
Final BPB: 1.436129
