=== ENIGMA Stage 5 Production — H60_solo ===
Host: us-west-a2-gpu-013
GPU: NVIDIA B200, 183359 MiB
Steps: 20000, Depth: 12
=== ENIGMA Stage 4 Extension — H60_solo ===
Steps: 20000, Depth: 12, Eval every: 250
Features: ['H60']
Scaling the LR for the AdamW parameters ∝1/√(768/768) = 1.000000
  step     0: val_bpb=3.013478
  step     0: train_bpb=15.3235 (436ms)
  step   250: val_bpb=1.971800
  step   500: val_bpb=1.889895
  step   500: train_bpb=9.3096 (28ms)
  step   750: val_bpb=1.902403
  step  1000: val_bpb=1.863866
  step  1000: train_bpb=9.7334 (28ms)
  step  1250: val_bpb=1.813861
  step  1500: val_bpb=1.797078
  step  1500: train_bpb=8.9179 (28ms)
  step  1750: val_bpb=1.750186
  step  2000: val_bpb=1.812728
  step  2000: train_bpb=9.2146 (27ms)
  step  2250: val_bpb=1.759515
  step  2500: val_bpb=1.755681
  step  2500: train_bpb=8.7822 (28ms)
  step  2750: val_bpb=1.743938
  step  3000: val_bpb=1.729945
  step  3000: train_bpb=8.5224 (28ms)
  step  3250: val_bpb=1.765851
  step  3500: val_bpb=1.748902
  step  3500: train_bpb=8.8672 (28ms)
  step  3750: val_bpb=1.724507
  step  4000: val_bpb=1.690289
  step  4000: train_bpb=8.3236 (28ms)
  step  4250: val_bpb=1.685653
  step  4500: val_bpb=1.701815
  step  4500: train_bpb=8.4735 (28ms)
  step  4750: val_bpb=1.682041
  step  5000: val_bpb=1.689446
  step  5000: train_bpb=8.5191 (28ms)
  step  5250: val_bpb=1.706179
  step  5500: val_bpb=1.691039
  step  5500: train_bpb=8.4971 (28ms)
  step  5750: val_bpb=1.670820
  step  6000: val_bpb=1.671373
  step  6000: train_bpb=8.7480 (28ms)
  step  6250: val_bpb=1.677568
  step  6500: val_bpb=1.680090
  step  6500: train_bpb=8.2321 (28ms)
  step  6750: val_bpb=1.669861
  step  7000: val_bpb=1.665742
  step  7000: train_bpb=8.9138 (28ms)
  step  7250: val_bpb=1.684743
  step  7500: val_bpb=1.656994
  step  7500: train_bpb=8.8342 (28ms)
  step  7750: val_bpb=1.676084
  step  8000: val_bpb=1.653488
  step  8000: train_bpb=7.9150 (28ms)
  step  8250: val_bpb=1.634236
  step  8500: val_bpb=1.656123
  step  8500: train_bpb=8.8155 (28ms)
  step  8750: val_bpb=1.629899
  step  9000: val_bpb=1.625700
  step  9000: train_bpb=8.2540 (28ms)
  step  9250: val_bpb=1.630624
  step  9500: val_bpb=1.653682
  step  9500: train_bpb=8.3967 (28ms)
  step  9750: val_bpb=1.630407
  step 10000: val_bpb=1.643191
  step 10000: train_bpb=8.6127 (28ms)
  step 10250: val_bpb=1.627811
  step 10500: val_bpb=1.627349
  step 10500: train_bpb=7.4843 (28ms)
  step 10750: val_bpb=1.602327
  step 11000: val_bpb=1.625030
  step 11000: train_bpb=7.6817 (28ms)
  step 11250: val_bpb=1.622510
  step 11500: val_bpb=1.609172
  step 11500: train_bpb=8.5744 (28ms)
  step 11750: val_bpb=1.603788
  step 12000: val_bpb=1.615433
  step 12000: train_bpb=8.1697 (28ms)
  step 12250: val_bpb=1.601306
  step 12500: val_bpb=1.590784
  step 12500: train_bpb=7.2339 (27ms)
  step 12750: val_bpb=1.577463
  step 13000: val_bpb=1.556221
  step 13000: train_bpb=7.3092 (27ms)
  step 13250: val_bpb=1.544429
  step 13500: val_bpb=1.553701
  step 13500: train_bpb=8.1166 (28ms)
  step 13750: val_bpb=1.555880
  step 14000: val_bpb=1.568454
  step 14000: train_bpb=8.3054 (28ms)
  step 14250: val_bpb=1.529490
  step 14500: val_bpb=1.523651
  step 14500: train_bpb=8.0748 (28ms)
  step 14750: val_bpb=1.520397
  step 15000: val_bpb=1.520099
  step 15000: train_bpb=7.7903 (28ms)
  step 15250: val_bpb=1.502865
  step 15500: val_bpb=1.501468
  step 15500: train_bpb=7.7537 (28ms)
  step 15750: val_bpb=1.496567
  step 16000: val_bpb=1.493108
  step 16000: train_bpb=7.8370 (28ms)
  step 16250: val_bpb=1.515440
  step 16500: val_bpb=1.505088
  step 16500: train_bpb=7.5272 (28ms)
  step 16750: val_bpb=1.483100
  step 17000: val_bpb=1.481854
  step 17000: train_bpb=8.2937 (28ms)
  step 17250: val_bpb=1.480003
  step 17500: val_bpb=1.458161
  step 17500: train_bpb=7.1806 (28ms)
  step 17750: val_bpb=1.466006
  step 18000: val_bpb=1.468231
  step 18000: train_bpb=6.7149 (28ms)
  step 18250: val_bpb=1.468983
  step 18500: val_bpb=1.456426
  step 18500: train_bpb=7.8054 (28ms)
  step 18750: val_bpb=1.444106
  step 19000: val_bpb=1.452558
  step 19000: train_bpb=7.9791 (28ms)
  step 19250: val_bpb=1.444706
  step 19500: val_bpb=1.433976
  step 19500: train_bpb=6.6749 (28ms)
  step 19750: val_bpb=1.430155
  step 20000: val_bpb=1.428568

Saved results to /mnt/sharefs/user54/nanoe/runs/enigma_s5_prod/results/H60_solo_20k_real.json
Final BPB: 1.428568
