=== ENIGMA Stage 5 Production — H64_H60_H73 ===
Host: us-west-a2-gpu-012
GPU: NVIDIA B200, 183359 MiB
Steps: 20000, Depth: 12
[ENIGMA] Patched MuonAdamW._step_muon with faithful H64 Nesterov blend schedule
[ENIGMA] Patched adamw_step_fused with H73 eps schedule
=== ENIGMA Stage 4 Extension — H64_H60_H73 ===
Steps: 20000, Depth: 12, Eval every: 250
Features: ['H60', 'H64', 'H73']
Scaling the LR for the AdamW parameters ∝1/√(768/768) = 1.000000
  step     0: val_bpb=3.013478
  step     0: train_bpb=15.3235 (188ms)
  step   250: val_bpb=1.943023
  step   500: val_bpb=1.905207
  step   500: train_bpb=9.4919 (28ms)
  step   750: val_bpb=1.873548
  step  1000: val_bpb=1.904854
  step  1000: train_bpb=9.7119 (28ms)
  step  1250: val_bpb=1.832217
  step  1500: val_bpb=1.812383
  step  1500: train_bpb=9.1354 (28ms)
  step  1750: val_bpb=1.762009
  step  2000: val_bpb=1.754592
  step  2000: train_bpb=9.1075 (28ms)
  step  2250: val_bpb=1.735918
  step  2500: val_bpb=1.726006
  step  2500: train_bpb=8.5284 (28ms)
  step  2750: val_bpb=1.719339
  step  3000: val_bpb=1.702155
  step  3000: train_bpb=8.5796 (28ms)
  step  3250: val_bpb=1.707403
  step  3500: val_bpb=1.704069
  step  3500: train_bpb=8.7159 (28ms)
  step  3750: val_bpb=1.703352
  step  4000: val_bpb=1.680628
  step  4000: train_bpb=8.3736 (28ms)
  step  4250: val_bpb=1.682716
  step  4500: val_bpb=1.707699
  step  4500: train_bpb=8.5104 (28ms)
  step  4750: val_bpb=1.689256
  step  5000: val_bpb=1.687357
  step  5000: train_bpb=8.5436 (28ms)
  step  5250: val_bpb=1.702900
  step  5500: val_bpb=1.698259
  step  5500: train_bpb=8.6872 (28ms)
  step  5750: val_bpb=1.714221
  step  6000: val_bpb=1.671054
  step  6000: train_bpb=8.7003 (28ms)
  step  6250: val_bpb=1.686858
  step  6500: val_bpb=1.686959
  step  6500: train_bpb=8.2650 (28ms)
  step  6750: val_bpb=1.664628
  step  7000: val_bpb=1.643778
  step  7000: train_bpb=8.8497 (28ms)
  step  7250: val_bpb=1.664652
  step  7500: val_bpb=1.670970
  step  7500: train_bpb=8.7911 (28ms)
  step  7750: val_bpb=1.670007
  step  8000: val_bpb=1.665159
  step  8000: train_bpb=8.0716 (28ms)
  step  8250: val_bpb=1.647180
  step  8500: val_bpb=1.661341
  step  8500: train_bpb=8.6790 (28ms)
  step  8750: val_bpb=1.663658
  step  9000: val_bpb=1.647516
  step  9000: train_bpb=8.3311 (28ms)
  step  9250: val_bpb=1.659765
  step  9500: val_bpb=1.660688
  step  9500: train_bpb=8.4673 (28ms)
  step  9750: val_bpb=1.658932
  step 10000: val_bpb=1.668886
  step 10000: train_bpb=8.5781 (28ms)
  step 10250: val_bpb=1.642191
  step 10500: val_bpb=1.641005
  step 10500: train_bpb=7.5242 (28ms)
  step 10750: val_bpb=1.628013
  step 11000: val_bpb=1.625980
  step 11000: train_bpb=7.6699 (28ms)
  step 11250: val_bpb=1.628192
  step 11500: val_bpb=1.622062
  step 11500: train_bpb=8.8075 (28ms)
  step 11750: val_bpb=1.625947
  step 12000: val_bpb=1.625866
  step 12000: train_bpb=8.0923 (28ms)
  step 12250: val_bpb=1.607466
  step 12500: val_bpb=1.614528
  step 12500: train_bpb=7.2591 (28ms)
  step 12750: val_bpb=1.594308
  step 13000: val_bpb=1.607060
  step 13000: train_bpb=7.4657 (28ms)
  step 13250: val_bpb=1.586659
  step 13500: val_bpb=1.584865
  step 13500: train_bpb=8.1545 (28ms)
  step 13750: val_bpb=1.572079
  step 14000: val_bpb=1.561381
  step 14000: train_bpb=8.1861 (28ms)
  step 14250: val_bpb=1.547529
  step 14500: val_bpb=1.542750
  step 14500: train_bpb=7.9487 (28ms)
  step 14750: val_bpb=1.553349
  step 15000: val_bpb=1.542521
  step 15000: train_bpb=7.7901 (28ms)
  step 15250: val_bpb=1.550802
  step 15500: val_bpb=1.535089
  step 15500: train_bpb=7.6124 (28ms)
  step 15750: val_bpb=1.502267
  step 16000: val_bpb=1.505670
  step 16000: train_bpb=7.9530 (28ms)
  step 16250: val_bpb=1.525150
  step 16500: val_bpb=1.521955
  step 16500: train_bpb=7.5631 (28ms)
  step 16750: val_bpb=1.501407
  step 17000: val_bpb=1.492526
  step 17000: train_bpb=8.2672 (28ms)
  step 17250: val_bpb=1.493737
  step 17500: val_bpb=1.470264
  step 17500: train_bpb=7.0685 (28ms)
  step 17750: val_bpb=1.465279
  step 18000: val_bpb=1.463756
  step 18000: train_bpb=6.6923 (28ms)
  step 18250: val_bpb=1.467597
  step 18500: val_bpb=1.460704
  step 18500: train_bpb=7.6827 (28ms)
  step 18750: val_bpb=1.443748
  step 19000: val_bpb=1.455696
  step 19000: train_bpb=7.7611 (28ms)
  step 19250: val_bpb=1.431447
  step 19500: val_bpb=1.424577
  step 19500: train_bpb=6.5222 (28ms)
  step 19750: val_bpb=1.404622
  step 20000: val_bpb=1.397882

Saved results to /mnt/sharefs/user54/nanoe/runs/enigma_s5_prod/results/H64_H60_H73_20k_real.json
Final BPB: 1.397882
