=== ENIGMA Stage 5 Production — none ===
Host: us-west-a2-gpu-013
GPU: NVIDIA B200, 183359 MiB
Steps: 20000, Depth: 12
=== ENIGMA Stage 4 Extension — none ===
Steps: 20000, Depth: 12, Eval every: 250
Features: []
Scaling the LR for the AdamW parameters ∝1/√(768/768) = 1.000000
  step     0: val_bpb=3.013478
  step     0: train_bpb=15.3235 (436ms)
  step   250: val_bpb=1.974217
  step   500: val_bpb=1.889657
  step   500: train_bpb=9.3871 (28ms)
  step   750: val_bpb=1.857900
  step  1000: val_bpb=1.846241
  step  1000: train_bpb=9.6656 (28ms)
  step  1250: val_bpb=1.824344
  step  1500: val_bpb=1.812520
  step  1500: train_bpb=9.1083 (28ms)
  step  1750: val_bpb=1.769962
  step  2000: val_bpb=1.781855
  step  2000: train_bpb=9.1435 (28ms)
  step  2250: val_bpb=1.766728
  step  2500: val_bpb=1.759860
  step  2500: train_bpb=8.7302 (28ms)
  step  2750: val_bpb=1.721625
  step  3000: val_bpb=1.711452
  step  3000: train_bpb=8.5592 (28ms)
  step  3250: val_bpb=1.780996
  step  3500: val_bpb=1.727130
  step  3500: train_bpb=8.8184 (28ms)
  step  3750: val_bpb=1.713768
  step  4000: val_bpb=1.711293
  step  4000: train_bpb=8.4186 (29ms)
  step  4250: val_bpb=1.683726
  step  4500: val_bpb=1.701216
  step  4500: train_bpb=8.5709 (28ms)
  step  4750: val_bpb=1.702684
  step  5000: val_bpb=1.714509
  step  5000: train_bpb=8.4867 (29ms)
  step  5250: val_bpb=1.718634
  step  5500: val_bpb=1.718881
  step  5500: train_bpb=8.5752 (28ms)
  step  5750: val_bpb=1.713128
  step  6000: val_bpb=1.696870
  step  6000: train_bpb=8.7828 (28ms)
  step  6250: val_bpb=1.684618
  step  6500: val_bpb=1.680363
  step  6500: train_bpb=8.2189 (28ms)
  step  6750: val_bpb=1.682733
  step  7000: val_bpb=1.660004
  step  7000: train_bpb=8.9308 (29ms)
  step  7250: val_bpb=1.685648
  step  7500: val_bpb=1.688420
  step  7500: train_bpb=8.9238 (28ms)
  step  7750: val_bpb=1.722871
  step  8000: val_bpb=1.672674
  step  8000: train_bpb=8.0677 (28ms)
  step  8250: val_bpb=1.627166
  step  8500: val_bpb=1.642090
  step  8500: train_bpb=8.7720 (28ms)
  step  8750: val_bpb=1.651303
  step  9000: val_bpb=1.641938
  step  9000: train_bpb=8.3693 (28ms)
  step  9250: val_bpb=1.621088
  step  9500: val_bpb=1.687901
  step  9500: train_bpb=8.5041 (28ms)
  step  9750: val_bpb=1.642698
  step 10000: val_bpb=1.670278
  step 10000: train_bpb=8.6728 (28ms)
  step 10250: val_bpb=1.644871
  step 10500: val_bpb=1.635439
  step 10500: train_bpb=7.4658 (28ms)
  step 10750: val_bpb=1.618099
  step 11000: val_bpb=1.629090
  step 11000: train_bpb=7.7191 (28ms)
  step 11250: val_bpb=1.593106
  step 11500: val_bpb=1.588467
  step 11500: train_bpb=8.5285 (28ms)
  step 11750: val_bpb=1.598869
  step 12000: val_bpb=1.608419
  step 12000: train_bpb=8.0855 (28ms)
  step 12250: val_bpb=1.594998
  step 12500: val_bpb=1.577548
  step 12500: train_bpb=7.2516 (28ms)
  step 12750: val_bpb=1.580018
  step 13000: val_bpb=1.567064
  step 13000: train_bpb=7.2769 (29ms)
  step 13250: val_bpb=1.553520
  step 13500: val_bpb=1.545261
  step 13500: train_bpb=8.1243 (28ms)
  step 13750: val_bpb=1.537106
  step 14000: val_bpb=1.537201
  step 14000: train_bpb=8.3750 (28ms)
  step 14250: val_bpb=1.520250
  step 14500: val_bpb=1.516213
  step 14500: train_bpb=8.0505 (28ms)
  step 14750: val_bpb=1.515346
  step 15000: val_bpb=1.529059
  step 15000: train_bpb=7.7368 (28ms)
  step 15250: val_bpb=1.501155
  step 15500: val_bpb=1.498620
  step 15500: train_bpb=7.6715 (28ms)
  step 15750: val_bpb=1.502187
  step 16000: val_bpb=1.475280
  step 16000: train_bpb=7.7934 (28ms)
  step 16250: val_bpb=1.501016
  step 16500: val_bpb=1.497707
  step 16500: train_bpb=7.5755 (28ms)
  step 16750: val_bpb=1.483732
  step 17000: val_bpb=1.482197
  step 17000: train_bpb=8.3489 (28ms)
  step 17250: val_bpb=1.476847
  step 17500: val_bpb=1.459092
  step 17500: train_bpb=7.2183 (28ms)
  step 17750: val_bpb=1.462729
  step 18000: val_bpb=1.464397
  step 18000: train_bpb=6.7865 (28ms)
  step 18250: val_bpb=1.459302
  step 18500: val_bpb=1.455948
  step 18500: train_bpb=7.8143 (28ms)
  step 18750: val_bpb=1.444569
  step 19000: val_bpb=1.449850
  step 19000: train_bpb=7.9804 (28ms)
  step 19250: val_bpb=1.442326
  step 19500: val_bpb=1.434456
  step 19500: train_bpb=6.6882 (28ms)
  step 19750: val_bpb=1.427282
  step 20000: val_bpb=1.425995

Saved results to /mnt/sharefs/user54/nanoe/runs/enigma_s5_prod/results/none_20k_real.json
Final BPB: 1.425995
