=== ENIGMA Stage 5 Production — H517_shared_phase ===
Host: us-west-a2-gpu-013
GPU: NVIDIA B200, 183359 MiB
Steps: 20000, Depth: 12
[ENIGMA] Patched adamw_step_fused with H517 shared warmdown-phase eps schedule
=== ENIGMA Stage 4 Extension — H517_shared_phase ===
Steps: 20000, Depth: 12, Eval every: 250
Features: ['H517']
Scaling the LR for the AdamW parameters ∝1/√(768/768) = 1.000000
  step     0: val_bpb=3.013478
  step     0: train_bpb=15.3235 (193ms)
  step   250: val_bpb=1.978345
  step   500: val_bpb=1.915227
  step   500: train_bpb=9.4623 (28ms)
  step   750: val_bpb=1.868960
  step  1000: val_bpb=1.832000
  step  1000: train_bpb=9.5394 (28ms)
  step  1250: val_bpb=1.796687
  step  1500: val_bpb=1.770714
  step  1500: train_bpb=8.9295 (29ms)
  step  1750: val_bpb=1.715888
  step  2000: val_bpb=1.744612
  step  2000: train_bpb=9.0865 (28ms)
  step  2250: val_bpb=1.737379
  step  2500: val_bpb=1.719460
  step  2500: train_bpb=8.6159 (28ms)
  step  2750: val_bpb=1.730943
  step  3000: val_bpb=1.741352
  step  3000: train_bpb=8.5581 (29ms)
  step  3250: val_bpb=1.724668
  step  3500: val_bpb=1.750221
  step  3500: train_bpb=8.8107 (29ms)
  step  3750: val_bpb=1.710686
  step  4000: val_bpb=1.703489
  step  4000: train_bpb=8.2892 (28ms)
  step  4250: val_bpb=1.696805
  step  4500: val_bpb=1.668586
  step  4500: train_bpb=8.3983 (28ms)
  step  4750: val_bpb=1.659572
  step  5000: val_bpb=1.689419
  step  5000: train_bpb=8.3945 (28ms)
  step  5250: val_bpb=1.688496
  step  5500: val_bpb=1.663208
  step  5500: train_bpb=8.3631 (28ms)
  step  5750: val_bpb=1.677634
  step  6000: val_bpb=1.662567
  step  6000: train_bpb=8.5943 (28ms)
  step  6250: val_bpb=1.668411
  step  6500: val_bpb=1.665182
  step  6500: train_bpb=8.1212 (28ms)
  step  6750: val_bpb=1.658165
  step  7000: val_bpb=1.640097
  step  7000: train_bpb=8.8321 (28ms)
  step  7250: val_bpb=1.663073
  step  7500: val_bpb=1.683016
  step  7500: train_bpb=8.9715 (28ms)
  step  7750: val_bpb=1.696742
  step  8000: val_bpb=1.675350
  step  8000: train_bpb=7.9857 (28ms)
  step  8250: val_bpb=1.622605
  step  8500: val_bpb=1.643688
  step  8500: train_bpb=8.9172 (28ms)
  step  8750: val_bpb=1.634117
  step  9000: val_bpb=1.616023
  step  9000: train_bpb=8.3219 (28ms)
  step  9250: val_bpb=1.604943
  step  9500: val_bpb=1.661851
  step  9500: train_bpb=8.3521 (28ms)
  step  9750: val_bpb=1.642343
  step 10000: val_bpb=1.651937
  step 10000: train_bpb=8.4492 (28ms)
  step 10250: val_bpb=1.629725
  step 10500: val_bpb=1.646428
  step 10500: train_bpb=7.4430 (28ms)
  step 10750: val_bpb=1.609433
  step 11000: val_bpb=1.617120
  step 11000: train_bpb=7.6541 (30ms)
  step 11250: val_bpb=1.622278
  step 11500: val_bpb=1.603336
  step 11500: train_bpb=8.5539 (28ms)
  step 11750: val_bpb=1.607058
  step 12000: val_bpb=1.614162
  step 12000: train_bpb=8.1042 (28ms)
  step 12250: val_bpb=1.600184
  step 12500: val_bpb=1.600054
  step 12500: train_bpb=7.2382 (28ms)
  step 12750: val_bpb=1.580327
  step 13000: val_bpb=1.569662
  step 13000: train_bpb=7.3639 (28ms)
  step 13250: val_bpb=1.567950
  step 13500: val_bpb=1.579732
  step 13500: train_bpb=8.1865 (29ms)
  step 13750: val_bpb=1.576387
  step 14000: val_bpb=1.569363
  step 14000: train_bpb=8.3486 (28ms)
  step 14250: val_bpb=1.556178
  step 14500: val_bpb=1.546148
  step 14500: train_bpb=7.9899 (28ms)
  step 14750: val_bpb=1.546135
  step 15000: val_bpb=1.543222
  step 15000: train_bpb=7.8896 (28ms)
  step 15250: val_bpb=1.536806
  step 15500: val_bpb=1.534588
  step 15500: train_bpb=7.8278 (28ms)
  step 15750: val_bpb=1.502696
  step 16000: val_bpb=1.508509
  step 16000: train_bpb=7.9394 (28ms)
  step 16250: val_bpb=1.529969
  step 16500: val_bpb=1.532412
  step 16500: train_bpb=7.6013 (28ms)
  step 16750: val_bpb=1.516864
  step 17000: val_bpb=1.508980
  step 17000: train_bpb=8.3685 (28ms)
  step 17250: val_bpb=1.496584
  step 17500: val_bpb=1.470822
  step 17500: train_bpb=7.2110 (28ms)
  step 17750: val_bpb=1.478684
  step 18000: val_bpb=1.468099
  step 18000: train_bpb=6.7810 (28ms)
  step 18250: val_bpb=1.470353
  step 18500: val_bpb=1.461449
  step 18500: train_bpb=7.8259 (28ms)
  step 18750: val_bpb=1.455703
  step 19000: val_bpb=1.469200
  step 19000: train_bpb=8.0065 (28ms)
  step 19250: val_bpb=1.455515
  step 19500: val_bpb=1.450021
  step 19500: train_bpb=6.7007 (28ms)
  step 19750: val_bpb=1.439995
  step 20000: val_bpb=1.438283

Saved results to /mnt/sharefs/user54/nanoe/runs/enigma_s5_prod/results/H517_shared_phase_20k_real.json
Final BPB: 1.438283
