=== ENIGMA Stage 5 Production — H73_solo ===
Host: us-west-a2-gpu-013
GPU: NVIDIA B200, 183359 MiB
Steps: 20000, Depth: 12
[ENIGMA] Patched adamw_step_fused with H73 eps schedule
=== ENIGMA Stage 4 Extension — H73_solo ===
Steps: 20000, Depth: 12, Eval every: 250
Features: ['H73']
Scaling the LR for the AdamW parameters ∝1/√(768/768) = 1.000000
  step     0: val_bpb=3.013478
  step     0: train_bpb=15.3235 (436ms)
  step   250: val_bpb=1.975101
  step   500: val_bpb=1.893831
  step   500: train_bpb=9.2767 (28ms)
  step   750: val_bpb=1.880115
  step  1000: val_bpb=1.859000
  step  1000: train_bpb=9.6619 (28ms)
  step  1250: val_bpb=1.837339
  step  1500: val_bpb=1.821959
  step  1500: train_bpb=9.1587 (28ms)
  step  1750: val_bpb=1.754087
  step  2000: val_bpb=1.805563
  step  2000: train_bpb=9.3382 (28ms)
  step  2250: val_bpb=1.762783
  step  2500: val_bpb=1.747215
  step  2500: train_bpb=8.6949 (28ms)
  step  2750: val_bpb=1.721648
  step  3000: val_bpb=1.722309
  step  3000: train_bpb=8.7470 (28ms)
  step  3250: val_bpb=1.712336
  step  3500: val_bpb=1.713388
  step  3500: train_bpb=8.7947 (28ms)
  step  3750: val_bpb=1.723031
  step  4000: val_bpb=1.697242
  step  4000: train_bpb=8.6337 (28ms)
  step  4250: val_bpb=1.702112
  step  4500: val_bpb=1.709224
  step  4500: train_bpb=8.4437 (28ms)
  step  4750: val_bpb=1.670730
  step  5000: val_bpb=1.684002
  step  5000: train_bpb=8.5814 (28ms)
  step  5250: val_bpb=1.696951
  step  5500: val_bpb=1.692138
  step  5500: train_bpb=8.6524 (28ms)
  step  5750: val_bpb=1.670878
  step  6000: val_bpb=1.661218
  step  6000: train_bpb=8.7006 (28ms)
  step  6250: val_bpb=1.665823
  step  6500: val_bpb=1.673302
  step  6500: train_bpb=8.2552 (28ms)
  step  6750: val_bpb=1.676706
  step  7000: val_bpb=1.659802
  step  7000: train_bpb=8.8551 (28ms)
  step  7250: val_bpb=1.673041
  step  7500: val_bpb=1.684853
  step  7500: train_bpb=8.9625 (28ms)
  step  7750: val_bpb=1.681114
  step  8000: val_bpb=1.689549
  step  8000: train_bpb=8.0875 (28ms)
  step  8250: val_bpb=1.641102
  step  8500: val_bpb=1.681356
  step  8500: train_bpb=8.7763 (28ms)
  step  8750: val_bpb=1.648353
  step  9000: val_bpb=1.653814
  step  9000: train_bpb=8.3475 (28ms)
  step  9250: val_bpb=1.660161
  step  9500: val_bpb=1.650509
  step  9500: train_bpb=8.5543 (28ms)
  step  9750: val_bpb=1.667227
  step 10000: val_bpb=1.679258
  step 10000: train_bpb=8.6680 (28ms)
  step 10250: val_bpb=1.652943
  step 10500: val_bpb=1.651336
  step 10500: train_bpb=7.6575 (28ms)
  step 10750: val_bpb=1.638890
  step 11000: val_bpb=1.644464
  step 11000: train_bpb=7.7456 (28ms)
  step 11250: val_bpb=1.652043
  step 11500: val_bpb=1.634430
  step 11500: train_bpb=8.8578 (28ms)
  step 11750: val_bpb=1.620464
  step 12000: val_bpb=1.641863
  step 12000: train_bpb=8.1492 (28ms)
  step 12250: val_bpb=1.626702
  step 12500: val_bpb=1.625480
  step 12500: train_bpb=7.3794 (28ms)
  step 12750: val_bpb=1.601837
  step 13000: val_bpb=1.587948
  step 13000: train_bpb=7.5823 (28ms)
  step 13250: val_bpb=1.582271
  step 13500: val_bpb=1.593788
  step 13500: train_bpb=8.1771 (28ms)
  step 13750: val_bpb=1.573913
  step 14000: val_bpb=1.573871
  step 14000: train_bpb=8.2813 (28ms)
  step 14250: val_bpb=1.562147
  step 14500: val_bpb=1.554347
  step 14500: train_bpb=8.0805 (27ms)
  step 14750: val_bpb=1.547047
  step 15000: val_bpb=1.555118
  step 15000: train_bpb=7.9360 (28ms)
  step 15250: val_bpb=1.540045
  step 15500: val_bpb=1.534155
  step 15500: train_bpb=7.7561 (28ms)
  step 15750: val_bpb=1.508719
  step 16000: val_bpb=1.520800
  step 16000: train_bpb=7.9141 (28ms)
  step 16250: val_bpb=1.533390
  step 16500: val_bpb=1.517768
  step 16500: train_bpb=7.5819 (28ms)
  step 16750: val_bpb=1.509637
  step 17000: val_bpb=1.491378
  step 17000: train_bpb=8.3632 (28ms)
  step 17250: val_bpb=1.502013
  step 17500: val_bpb=1.484034
  step 17500: train_bpb=7.1215 (28ms)
  step 17750: val_bpb=1.486912
  step 18000: val_bpb=1.481697
  step 18000: train_bpb=6.7657 (28ms)
  step 18250: val_bpb=1.480641
  step 18500: val_bpb=1.473701
  step 18500: train_bpb=7.7020 (28ms)
  step 18750: val_bpb=1.459559
  step 19000: val_bpb=1.458140
  step 19000: train_bpb=7.8779 (28ms)
  step 19250: val_bpb=1.434469
  step 19500: val_bpb=1.431379
  step 19500: train_bpb=6.6303 (28ms)
  step 19750: val_bpb=1.417334
  step 20000: val_bpb=1.413164

Saved results to /mnt/sharefs/user54/nanoe/runs/enigma_s5_prod/results/H73_solo_20k_real.json
Final BPB: 1.413164
