=== ENIGMA Stage 5 Production — H60_H73_H71 ===
Host: us-west-a2-gpu-012
GPU: NVIDIA B200, 183359 MiB
Steps: 20000, Depth: 12
[ENIGMA] Patched adamw_step_fused with combined H71+H73
=== ENIGMA Stage 4 Extension — H60_H73_H71 ===
Steps: 20000, Depth: 12, Eval every: 250
Features: ['H60', 'H71', 'H73']
Scaling the LR for the AdamW parameters ∝1/√(768/768) = 1.000000
  step     0: val_bpb=3.013478
  step     0: train_bpb=15.3235 (441ms)
  step   250: val_bpb=1.996694
  step   500: val_bpb=1.882549
  step   500: train_bpb=9.3473 (28ms)
  step   750: val_bpb=1.843012
  step  1000: val_bpb=1.870168
  step  1000: train_bpb=9.6378 (28ms)
  step  1250: val_bpb=1.828810
  step  1500: val_bpb=1.797438
  step  1500: train_bpb=8.9998 (28ms)
  step  1750: val_bpb=1.735264
  step  2000: val_bpb=1.772566
  step  2000: train_bpb=9.1300 (28ms)
  step  2250: val_bpb=1.736436
  step  2500: val_bpb=1.738960
  step  2500: train_bpb=8.5799 (28ms)
  step  2750: val_bpb=1.733991
  step  3000: val_bpb=1.719295
  step  3000: train_bpb=8.3945 (28ms)
  step  3250: val_bpb=1.733151
  step  3500: val_bpb=1.718297
  step  3500: train_bpb=8.7149 (28ms)
  step  3750: val_bpb=1.718165
  step  4000: val_bpb=1.688683
  step  4000: train_bpb=8.1885 (28ms)
  step  4250: val_bpb=1.677915
  step  4500: val_bpb=1.711326
  step  4500: train_bpb=8.4721 (28ms)
  step  4750: val_bpb=1.699200
  step  5000: val_bpb=1.708677
  step  5000: train_bpb=8.3074 (28ms)
  step  5250: val_bpb=1.697240
  step  5500: val_bpb=1.698915
  step  5500: train_bpb=8.3646 (28ms)
  step  5750: val_bpb=1.682946
  step  6000: val_bpb=1.660483
  step  6000: train_bpb=8.6983 (28ms)
  step  6250: val_bpb=1.650097
  step  6500: val_bpb=1.642620
  step  6500: train_bpb=8.1251 (28ms)
  step  6750: val_bpb=1.633125
  step  7000: val_bpb=1.650826
  step  7000: train_bpb=8.9868 (28ms)
  step  7250: val_bpb=1.652823
  step  7500: val_bpb=1.642712
  step  7500: train_bpb=8.8636 (28ms)
  step  7750: val_bpb=1.665154
  step  8000: val_bpb=1.629970
  step  8000: train_bpb=8.0066 (28ms)
  step  8250: val_bpb=1.637955
  step  8500: val_bpb=1.647946
  step  8500: train_bpb=8.8496 (28ms)
  step  8750: val_bpb=1.625820
  step  9000: val_bpb=1.635510
  step  9000: train_bpb=8.3724 (28ms)
  step  9250: val_bpb=1.624468
  step  9500: val_bpb=1.644888
  step  9500: train_bpb=8.4733 (28ms)
  step  9750: val_bpb=1.641533
  step 10000: val_bpb=1.631838
  step 10000: train_bpb=8.6883 (28ms)
  step 10250: val_bpb=1.644688
  step 10500: val_bpb=1.700959
  step 10500: train_bpb=7.8078 (28ms)
  step 10750: val_bpb=1.636072
  step 11000: val_bpb=1.628845
  step 11000: train_bpb=7.7342 (29ms)
  step 11250: val_bpb=1.610120
  step 11500: val_bpb=1.590016
  step 11500: train_bpb=8.6335 (28ms)
  step 11750: val_bpb=1.590725
  step 12000: val_bpb=1.617425
  step 12000: train_bpb=8.0174 (28ms)
  step 12250: val_bpb=1.585674
  step 12500: val_bpb=1.598650
  step 12500: train_bpb=7.3075 (28ms)
  step 12750: val_bpb=1.567987
  step 13000: val_bpb=1.575639
  step 13000: train_bpb=7.2186 (28ms)
  step 13250: val_bpb=1.535282
  step 13500: val_bpb=1.545432
  step 13500: train_bpb=8.1462 (28ms)
  step 13750: val_bpb=1.544864
  step 14000: val_bpb=1.543268
  step 14000: train_bpb=8.2674 (28ms)
  step 14250: val_bpb=1.533132
  step 14500: val_bpb=1.529532
  step 14500: train_bpb=7.9959 (28ms)
  step 14750: val_bpb=1.523628
  step 15000: val_bpb=1.534262
  step 15000: train_bpb=7.7357 (28ms)
  step 15250: val_bpb=1.517630
  step 15500: val_bpb=1.519982
  step 15500: train_bpb=7.7431 (28ms)
  step 15750: val_bpb=1.499400
  step 16000: val_bpb=1.492858
  step 16000: train_bpb=7.9382 (28ms)
  step 16250: val_bpb=1.512552
  step 16500: val_bpb=1.506736
  step 16500: train_bpb=7.5953 (28ms)
  step 16750: val_bpb=1.495203
  step 17000: val_bpb=1.476027
  step 17000: train_bpb=8.2357 (28ms)
  step 17250: val_bpb=1.482311
  step 17500: val_bpb=1.461359
  step 17500: train_bpb=7.2435 (28ms)
  step 17750: val_bpb=1.466353
  step 18000: val_bpb=1.465830
  step 18000: train_bpb=6.7981 (28ms)
  step 18250: val_bpb=1.466337
  step 18500: val_bpb=1.458879
  step 18500: train_bpb=7.8189 (28ms)
  step 18750: val_bpb=1.447361
  step 19000: val_bpb=1.455467
  step 19000: train_bpb=7.9818 (28ms)
  step 19250: val_bpb=1.441471
  step 19500: val_bpb=1.432642
  step 19500: train_bpb=6.7046 (28ms)
  step 19750: val_bpb=1.426256
  step 20000: val_bpb=1.424924

Saved results to /mnt/sharefs/user54/nanoe/runs/enigma_s5_prod/results/H60_H73_H71_20k_real.json
Final BPB: 1.424924
